Starting analysis at 2021-11-18T11-14-09.986
Scenario start: 2020-03-20T11:00:00.000 - Scenario end: 2020-03-27T11:00:00.000
Target MCG: 120.0 - Maximum latitude band: 0.0 Degrees - complexity 0 - Search date 2020-03-21T11:00:00.000
Minimum number of planes: 1 - Maximum number of planes: 6
Minimum sats per plane: 1 - Maximum sats per planes: 3
Minimum inclination: 0.0 - Maximum inclination: 90.0
Inclination step: 5.0 Degrees
====================================================================== PROGRESS ======================================================================
2021-11-18T11:14:12.388 >> Analyzing: 1 planes with 1 satellites at 0.0 degrees. Complexity level: 0 > MCG: 1440.0 - computation time: 566.0 ms, memory usage: 110 MB
2021-11-18T11:14:12.389 >> Discarded: 1 planes with 1 satellites at 0.0 degrees. Complexity level: 0 > MCG: 1440.0
2021-11-18T11:14:12.986 >> Analyzing: 1 planes with 1 satellites at 5.0 degrees. Complexity level: 0 > MCG: 1440.0 - computation time: 234.0 ms, memory usage: 85 MB
2021-11-18T11:14:12.988 >> Discarded: 1 planes with 1 satellites at 5.0 degrees. Complexity level: 0 > MCG: 1440.0
2021-11-18T11:14:13.343 >> Analyzing: 1 planes with 1 satellites at 10.0 degrees. Complexity level: 0 > MCG: 1440.0 - computation time: 120.0 ms, memory usage: 309 MB
2021-11-18T11:14:13.343 >> Discarded: 1 planes with 1 satellites at 10.0 degrees. Complexity level: 0 > MCG: 1440.0
2021-11-18T11:14:13.646 >> Analyzing: 1 planes with 1 satellites at 15.0 degrees. Complexity level: 0 > MCG: 621.51957 - computation time: 125.0 ms, memory usage: 253 MB
2021-11-18T11:14:13.647 >> Discarded: 1 planes with 1 satellites at 15.0 degrees. Complexity level: 0 > MCG: 621.51957
2021-11-18T11:14:14.106 >> Analyzing: 1 planes with 1 satellites at 20.0 degrees. Complexity level: 0 > MCG: 727.95995 - computation time: 178.0 ms, memory usage: 199 MB
2021-11-18T11:14:14.106 >> Discarded: 1 planes with 1 satellites at 20.0 degrees. Complexity level: 0 > MCG: 727.95995
2021-11-18T11:14:14.452 >> Analyzing: 1 planes with 1 satellites at 25.0 degrees. Complexity level: 0 > MCG: 728.00012 - computation time: 161.0 ms, memory usage: 141 MB
2021-11-18T11:14:14.453 >> Discarded: 1 planes with 1 satellites at 25.0 degrees. Complexity level: 0 > MCG: 728.00012
2021-11-18T11:14:14.887 >> Analyzing: 1 planes with 1 satellites at 30.0 degrees. Complexity level: 0 > MCG: 728.13068 - computation time: 169.0 ms, memory usage: 77 MB
2021-11-18T11:14:14.887 >> Discarded: 1 planes with 1 satellites at 30.0 degrees. Complexity level: 0 > MCG: 728.13068
2021-11-18T11:14:15.234 >> Analyzing: 1 planes with 1 satellites at 35.0 degrees. Complexity level: 0 > MCG: 728.30777 - computation time: 143.0 ms, memory usage: 299 MB
2021-11-18T11:14:15.235 >> Discarded: 1 planes with 1 satellites at 35.0 degrees. Complexity level: 0 > MCG: 728.30777
2021-11-18T11:14:15.665 >> Analyzing: 1 planes with 1 satellites at 40.0 degrees. Complexity level: 0 > MCG: 728.51617 - computation time: 297.0 ms, memory usage: 184 MB
2021-11-18T11:14:15.666 >> Discarded: 1 planes with 1 satellites at 40.0 degrees. Complexity level: 0 > MCG: 728.51617
2021-11-18T11:14:15.998 >> Analyzing: 1 planes with 1 satellites at 45.0 degrees. Complexity level: 0 > MCG: 728.746 - computation time: 124.0 ms, memory usage: 54 MB
2021-11-18T11:14:15.999 >> Discarded: 1 planes with 1 satellites at 45.0 degrees. Complexity level: 0 > MCG: 728.746
2021-11-18T11:14:16.262 >> Analyzing: 1 planes with 1 satellites at 50.0 degrees. Complexity level: 0 > MCG: 728.98923 - computation time: 109.0 ms, memory usage: 274 MB
2021-11-18T11:14:16.263 >> Discarded: 1 planes with 1 satellites at 50.0 degrees. Complexity level: 0 > MCG: 728.98923
2021-11-18T11:14:16.742 >> Analyzing: 1 planes with 1 satellites at 55.0 degrees. Complexity level: 0 > MCG: 729.23898 - computation time: 140.0 ms, memory usage: 157 MB
2021-11-18T11:14:16.742 >> Discarded: 1 planes with 1 satellites at 55.0 degrees. Complexity level: 0 > MCG: 729.23898
2021-11-18T11:14:17.150 >> Analyzing: 1 planes with 1 satellites at 60.0 degrees. Complexity level: 0 > MCG: 634.13278 - computation time: 125.0 ms, memory usage: 377 MB
2021-11-18T11:14:17.150 >> Discarded: 1 planes with 1 satellites at 60.0 degrees. Complexity level: 0 > MCG: 634.13278
2021-11-18T11:14:17.558 >> Analyzing: 1 planes with 1 satellites at 65.0 degrees. Complexity level: 0 > MCG: 633.4957 - computation time: 137.0 ms, memory usage: 252 MB
2021-11-18T11:14:17.560 >> Discarded: 1 planes with 1 satellites at 65.0 degrees. Complexity level: 0 > MCG: 633.4957
2021-11-18T11:14:17.971 >> Analyzing: 1 planes with 1 satellites at 70.0 degrees. Complexity level: 0 > MCG: 724.09793 - computation time: 243.0 ms, memory usage: 137 MB
2021-11-18T11:14:17.971 >> Discarded: 1 planes with 1 satellites at 70.0 degrees. Complexity level: 0 > MCG: 724.09793
2021-11-18T11:14:18.412 >> Analyzing: 1 planes with 1 satellites at 75.0 degrees. Complexity level: 0 > MCG: 633.23073 - computation time: 167.0 ms, memory usage: 355 MB
2021-11-18T11:14:18.412 >> Discarded: 1 planes with 1 satellites at 75.0 degrees. Complexity level: 0 > MCG: 633.23073
2021-11-18T11:14:18.666 >> Analyzing: 1 planes with 1 satellites at 80.0 degrees. Complexity level: 0 > MCG: 633.1967 - computation time: 106.0 ms, memory usage: 242 MB
2021-11-18T11:14:18.666 >> Discarded: 1 planes with 1 satellites at 80.0 degrees. Complexity level: 0 > MCG: 633.1967
2021-11-18T11:14:19.061 >> Analyzing: 1 planes with 1 satellites at 85.0 degrees. Complexity level: 0 > MCG: 633.176 - computation time: 267.0 ms, memory usage: 113 MB
2021-11-18T11:14:19.061 >> Discarded: 1 planes with 1 satellites at 85.0 degrees. Complexity level: 0 > MCG: 633.176
2021-11-18T11:14:19.341 >> Analyzing: 1 planes with 1 satellites at 90.0 degrees. Complexity level: 0 > MCG: 633.15373 - computation time: 134.0 ms, memory usage: 331 MB
2021-11-18T11:14:19.342 >> Discarded: 1 planes with 1 satellites at 90.0 degrees. Complexity level: 0 > MCG: 633.15373
2021-11-18T11:14:19.973 >> Analyzing: 1 planes with 2 satellites at 0.0 degrees. Complexity level: 0 > MCG: 1440.0 - computation time: 493.0 ms, memory usage: 323 MB
2021-11-18T11:14:19.974 >> Discarded: 1 planes with 2 satellites at 0.0 degrees. Complexity level: 0 > MCG: 1440.0
2021-11-18T11:14:20.482 >> Analyzing: 1 planes with 2 satellites at 5.0 degrees. Complexity level: 0 > MCG: 1440.0 - computation time: 289.0 ms, memory usage: 295 MB
2021-11-18T11:14:20.483 >> Discarded: 1 planes with 2 satellites at 5.0 degrees. Complexity level: 0 > MCG: 1440.0
2021-11-18T11:14:21.043 >> Analyzing: 1 planes with 2 satellites at 10.0 degrees. Complexity level: 0 > MCG: 1440.0 - computation time: 295.0 ms, memory usage: 267 MB
2021-11-18T11:14:21.044 >> Discarded: 1 planes with 2 satellites at 10.0 degrees. Complexity level: 0 > MCG: 1440.0
2021-11-18T11:14:21.554 >> Analyzing: 1 planes with 2 satellites at 15.0 degrees. Complexity level: 0 > MCG: 726.60233 - computation time: 390.0 ms, memory usage: 239 MB
2021-11-18T11:14:21.555 >> Discarded: 1 planes with 2 satellites at 15.0 degrees. Complexity level: 0 > MCG: 726.60233
2021-11-18T11:14:22.049 >> Analyzing: 1 planes with 2 satellites at 20.0 degrees. Complexity level: 0 > MCG: 678.22447 - computation time: 357.0 ms, memory usage: 207 MB
2021-11-18T11:14:22.049 >> Discarded: 1 planes with 2 satellites at 20.0 degrees. Complexity level: 0 > MCG: 678.22447
2021-11-18T11:14:22.606 >> Analyzing: 1 planes with 2 satellites at 25.0 degrees. Complexity level: 0 > MCG: 678.39997 - computation time: 375.0 ms, memory usage: 173 MB
2021-11-18T11:14:22.607 >> Discarded: 1 planes with 2 satellites at 25.0 degrees. Complexity level: 0 > MCG: 678.39997
2021-11-18T11:14:23.059 >> Analyzing: 1 planes with 2 satellites at 30.0 degrees. Complexity level: 0 > MCG: 678.61515 - computation time: 291.0 ms, memory usage: 139 MB
2021-11-18T11:14:23.059 >> Discarded: 1 planes with 2 satellites at 30.0 degrees. Complexity level: 0 > MCG: 678.61515
2021-11-18T11:14:23.423 >> Analyzing: 1 planes with 2 satellites at 35.0 degrees. Complexity level: 0 > MCG: 678.84367 - computation time: 252.0 ms, memory usage: 105 MB
2021-11-18T11:14:23.424 >> Discarded: 1 planes with 2 satellites at 35.0 degrees. Complexity level: 0 > MCG: 678.84367
2021-11-18T11:14:23.966 >> Analyzing: 1 planes with 2 satellites at 40.0 degrees. Complexity level: 0 > MCG: 679.0801 - computation time: 251.0 ms, memory usage: 67 MB
2021-11-18T11:14:23.967 >> Discarded: 1 planes with 2 satellites at 40.0 degrees. Complexity level: 0 > MCG: 679.0801
2021-11-18T11:14:24.388 >> Analyzing: 1 planes with 2 satellites at 45.0 degrees. Complexity level: 0 > MCG: 679.32032 - computation time: 313.0 ms, memory usage: 455 MB
2021-11-18T11:14:24.389 >> Discarded: 1 planes with 2 satellites at 45.0 degrees. Complexity level: 0 > MCG: 679.32032
2021-11-18T11:14:24.885 >> Analyzing: 1 planes with 2 satellites at 50.0 degrees. Complexity level: 0 > MCG: 679.55975 - computation time: 306.0 ms, memory usage: 429 MB
2021-11-18T11:14:24.900 >> Discarded: 1 planes with 2 satellites at 50.0 degrees. Complexity level: 0 > MCG: 679.55975
2021-11-18T11:14:25.381 >> Analyzing: 1 planes with 2 satellites at 55.0 degrees. Complexity level: 0 > MCG: 679.7936 - computation time: 311.0 ms, memory usage: 400 MB
2021-11-18T11:14:25.382 >> Discarded: 1 planes with 2 satellites at 55.0 degrees. Complexity level: 0 > MCG: 679.7936
2021-11-18T11:14:25.735 >> Analyzing: 1 planes with 2 satellites at 60.0 degrees. Complexity level: 0 > MCG: 634.13278 - computation time: 246.0 ms, memory usage: 278 MB
2021-11-18T11:14:25.735 >> Discarded: 1 planes with 2 satellites at 60.0 degrees. Complexity level: 0 > MCG: 634.13278
2021-11-18T11:14:26.218 >> Analyzing: 1 planes with 2 satellites at 65.0 degrees. Complexity level: 0 > MCG: 640.39032 - computation time: 342.0 ms, memory usage: 150 MB
2021-11-18T11:14:26.219 >> Discarded: 1 planes with 2 satellites at 65.0 degrees. Complexity level: 0 > MCG: 640.39032
2021-11-18T11:14:26.634 >> Analyzing: 1 planes with 2 satellites at 70.0 degrees. Complexity level: 0 > MCG: 639.179 - computation time: 255.0 ms, memory usage: 534 MB
2021-11-18T11:14:26.634 >> Discarded: 1 planes with 2 satellites at 70.0 degrees. Complexity level: 0 > MCG: 639.179
2021-11-18T11:14:27.090 >> Analyzing: 1 planes with 2 satellites at 75.0 degrees. Complexity level: 0 > MCG: 638.52668 - computation time: 307.0 ms, memory usage: 409 MB
2021-11-18T11:14:27.091 >> Discarded: 1 planes with 2 satellites at 75.0 degrees. Complexity level: 0 > MCG: 638.52668
2021-11-18T11:14:27.511 >> Analyzing: 1 planes with 2 satellites at 80.0 degrees. Complexity level: 0 > MCG: 638.10937 - computation time: 277.0 ms, memory usage: 280 MB
2021-11-18T11:14:27.511 >> Discarded: 1 planes with 2 satellites at 80.0 degrees. Complexity level: 0 > MCG: 638.10937
2021-11-18T11:14:27.947 >> Analyzing: 1 planes with 2 satellites at 85.0 degrees. Complexity level: 0 > MCG: 633.176 - computation time: 308.0 ms, memory usage: 150 MB
2021-11-18T11:14:27.948 >> Discarded: 1 planes with 2 satellites at 85.0 degrees. Complexity level: 0 > MCG: 633.176
2021-11-18T11:14:28.329 >> Analyzing: 1 planes with 2 satellites at 90.0 degrees. Complexity level: 0 > MCG: 633.15373 - computation time: 269.0 ms, memory usage: 532 MB
2021-11-18T11:14:28.330 >> Discarded: 1 planes with 2 satellites at 90.0 degrees. Complexity level: 0 > MCG: 633.15373
2021-11-18T11:14:28.842 >> Analyzing: 1 planes with 3 satellites at 0.0 degrees. Complexity level: 0 > MCG: 1440.0 - computation time: 362.0 ms, memory usage: 90 MB
2021-11-18T11:14:28.842 >> Discarded: 1 planes with 3 satellites at 0.0 degrees. Complexity level: 0 > MCG: 1440.0
2021-11-18T11:14:29.443 >> Analyzing: 1 planes with 3 satellites at 5.0 degrees. Complexity level: 0 > MCG: 1440.0 - computation time: 465.0 ms, memory usage: 149 MB
2021-11-18T11:14:29.443 >> Discarded: 1 planes with 3 satellites at 5.0 degrees. Complexity level: 0 > MCG: 1440.0
2021-11-18T11:14:30.028 >> Analyzing: 1 planes with 3 satellites at 10.0 degrees. Complexity level: 0 > MCG: 1440.0 - computation time: 416.0 ms, memory usage: 205 MB
2021-11-18T11:14:30.029 >> Discarded: 1 planes with 3 satellites at 10.0 degrees. Complexity level: 0 > MCG: 1440.0
2021-11-18T11:14:30.546 >> Analyzing: 1 planes with 3 satellites at 15.0 degrees. Complexity level: 0 > MCG: 726.31445 - computation time: 416.0 ms, memory usage: 261 MB
2021-11-18T11:14:30.546 >> Discarded: 1 planes with 3 satellites at 15.0 degrees. Complexity level: 0 > MCG: 726.31445
2021-11-18T11:14:31.099 >> Analyzing: 1 planes with 3 satellites at 20.0 degrees. Complexity level: 0 > MCG: 694.57823 - computation time: 450.0 ms, memory usage: 316 MB
2021-11-18T11:14:31.100 >> Discarded: 1 planes with 3 satellites at 20.0 degrees. Complexity level: 0 > MCG: 694.57823
2021-11-18T11:14:31.505 >> Analyzing: 1 planes with 3 satellites at 25.0 degrees. Complexity level: 0 > MCG: 663.04568 - computation time: 308.0 ms, memory usage: 370 MB
2021-11-18T11:14:31.506 >> Discarded: 1 planes with 3 satellites at 25.0 degrees. Complexity level: 0 > MCG: 663.04568
2021-11-18T11:14:32.159 >> Analyzing: 1 planes with 3 satellites at 30.0 degrees. Complexity level: 0 > MCG: 662.97693 - computation time: 484.0 ms, memory usage: 421 MB
2021-11-18T11:14:32.160 >> Discarded: 1 planes with 3 satellites at 30.0 degrees. Complexity level: 0 > MCG: 662.97693
2021-11-18T11:14:32.708 >> Analyzing: 1 planes with 3 satellites at 35.0 degrees. Complexity level: 0 > MCG: 663.07505 - computation time: 441.0 ms, memory usage: 472 MB
2021-11-18T11:14:32.709 >> Discarded: 1 planes with 3 satellites at 35.0 degrees. Complexity level: 0 > MCG: 663.07505
2021-11-18T11:14:33.252 >> Analyzing: 1 planes with 3 satellites at 40.0 degrees. Complexity level: 0 > MCG: 663.2284 - computation time: 342.0 ms, memory usage: 409 MB
2021-11-18T11:14:33.252 >> Discarded: 1 planes with 3 satellites at 40.0 degrees. Complexity level: 0 > MCG: 663.2284
2021-11-18T11:14:33.745 >> Analyzing: 1 planes with 3 satellites at 45.0 degrees. Complexity level: 0 > MCG: 663.40877 - computation time: 392.0 ms, memory usage: 345 MB
2021-11-18T11:14:33.746 >> Discarded: 1 planes with 3 satellites at 45.0 degrees. Complexity level: 0 > MCG: 663.40877
2021-11-18T11:14:34.289 >> Analyzing: 1 planes with 3 satellites at 50.0 degrees. Complexity level: 0 > MCG: 663.60202 - computation time: 435.0 ms, memory usage: 275 MB
2021-11-18T11:14:34.290 >> Discarded: 1 planes with 3 satellites at 50.0 degrees. Complexity level: 0 > MCG: 663.60202
2021-11-18T11:14:34.785 >> Analyzing: 1 planes with 3 satellites at 55.0 degrees. Complexity level: 0 > MCG: 672.20167 - computation time: 386.0 ms, memory usage: 201 MB
2021-11-18T11:14:34.786 >> Discarded: 1 planes with 3 satellites at 55.0 degrees. Complexity level: 0 > MCG: 672.20167
2021-11-18T11:14:35.243 >> Analyzing: 1 planes with 3 satellites at 60.0 degrees. Complexity level: 0 > MCG: 670.8149 - computation time: 338.0 ms, memory usage: 127 MB
2021-11-18T11:14:35.244 >> Discarded: 1 planes with 3 satellites at 60.0 degrees. Complexity level: 0 > MCG: 670.8149
2021-11-18T11:14:35.858 >> Analyzing: 1 planes with 3 satellites at 65.0 degrees. Complexity level: 0 > MCG: 670.16213 - computation time: 401.0 ms, memory usage: 673 MB
2021-11-18T11:14:35.859 >> Discarded: 1 planes with 3 satellites at 65.0 degrees. Complexity level: 0 > MCG: 670.16213
2021-11-18T11:14:36.421 >> Analyzing: 1 planes with 3 satellites at 70.0 degrees. Complexity level: 0 > MCG: 640.18963 - computation time: 380.0 ms, memory usage: 604 MB
2021-11-18T11:14:36.421 >> Discarded: 1 planes with 3 satellites at 70.0 degrees. Complexity level: 0 > MCG: 640.18963
2021-11-18T11:14:36.872 >> Analyzing: 1 planes with 3 satellites at 75.0 degrees. Complexity level: 0 > MCG: 608.99233 - computation time: 319.0 ms, memory usage: 539 MB
2021-11-18T11:14:36.872 >> Discarded: 1 planes with 3 satellites at 75.0 degrees. Complexity level: 0 > MCG: 608.99233
2021-11-18T11:14:37.431 >> Analyzing: 1 planes with 3 satellites at 80.0 degrees. Complexity level: 0 > MCG: 610.18635 - computation time: 379.0 ms, memory usage: 461 MB
2021-11-18T11:14:37.431 >> Discarded: 1 planes with 3 satellites at 80.0 degrees. Complexity level: 0 > MCG: 610.18635
2021-11-18T11:14:38.043 >> Analyzing: 1 planes with 3 satellites at 85.0 degrees. Complexity level: 0 > MCG: 600.48342 - computation time: 495.0 ms, memory usage: 384 MB
2021-11-18T11:14:38.043 >> Discarded: 1 planes with 3 satellites at 85.0 degrees. Complexity level: 0 > MCG: 600.48342
2021-11-18T11:14:38.671 >> Analyzing: 1 planes with 3 satellites at 90.0 degrees. Complexity level: 0 > MCG: 591.8887 - computation time: 474.0 ms, memory usage: 309 MB
2021-11-18T11:14:38.672 >> Discarded: 1 planes with 3 satellites at 90.0 degrees. Complexity level: 0 > MCG: 591.8887
2021-11-18T11:14:39.009 >> Analyzing: 2 planes with 1 satellites at 0.0 degrees. Complexity level: 0 > MCG: 1440.0 - computation time: 238.0 ms, memory usage: 89 MB
2021-11-18T11:14:39.009 >> Discarded: 2 planes with 1 satellites at 0.0 degrees. Complexity level: 0 > MCG: 1440.0
2021-11-18T11:14:39.339 >> Analyzing: 2 planes with 1 satellites at 5.0 degrees. Complexity level: 0 > MCG: 1440.0 - computation time: 206.0 ms, memory usage: 487 MB
2021-11-18T11:14:39.340 >> Discarded: 2 planes with 1 satellites at 5.0 degrees. Complexity level: 0 > MCG: 1440.0
2021-11-18T11:14:39.821 >> Analyzing: 2 planes with 1 satellites at 10.0 degrees. Complexity level: 0 > MCG: 1440.0 - computation time: 237.0 ms, memory usage: 270 MB
2021-11-18T11:14:39.822 >> Discarded: 2 planes with 1 satellites at 10.0 degrees. Complexity level: 0 > MCG: 1440.0
2021-11-18T11:14:40.246 >> Analyzing: 2 planes with 1 satellites at 15.0 degrees. Complexity level: 0 > MCG: 568.8733 - computation time: 309.0 ms, memory usage: 668 MB
2021-11-18T11:14:40.254 >> Discarded: 2 planes with 1 satellites at 15.0 degrees. Complexity level: 0 > MCG: 568.8733
2021-11-18T11:14:40.768 >> Analyzing: 2 planes with 1 satellites at 20.0 degrees. Complexity level: 0 > MCG: 362.26913 - computation time: 263.0 ms, memory usage: 449 MB
2021-11-18T11:14:40.768 >> Discarded: 2 planes with 1 satellites at 20.0 degrees. Complexity level: 0 > MCG: 362.26913
2021-11-18T11:14:41.235 >> Analyzing: 2 planes with 1 satellites at 25.0 degrees. Complexity level: 0 > MCG: 408.93767 - computation time: 284.0 ms, memory usage: 234 MB
2021-11-18T11:14:41.236 >> Discarded: 2 planes with 1 satellites at 25.0 degrees. Complexity level: 0 > MCG: 408.93767
2021-11-18T11:14:41.566 >> Analyzing: 2 planes with 1 satellites at 30.0 degrees. Complexity level: 0 > MCG: 412.20632 - computation time: 219.0 ms, memory usage: 628 MB
2021-11-18T11:14:41.567 >> Discarded: 2 planes with 1 satellites at 30.0 degrees. Complexity level: 0 > MCG: 412.20632
2021-11-18T11:14:42.043 >> Analyzing: 2 planes with 1 satellites at 35.0 degrees. Complexity level: 0 > MCG: 466.4596 - computation time: 327.0 ms, memory usage: 411 MB
2021-11-18T11:14:42.043 >> Discarded: 2 planes with 1 satellites at 35.0 degrees. Complexity level: 0 > MCG: 466.4596
2021-11-18T11:14:42.367 >> Analyzing: 2 planes with 1 satellites at 40.0 degrees. Complexity level: 0 > MCG: 518.345 - computation time: 219.0 ms, memory usage: 178 MB
2021-11-18T11:14:42.367 >> Discarded: 2 planes with 1 satellites at 40.0 degrees. Complexity level: 0 > MCG: 518.345
2021-11-18T11:14:42.830 >> Analyzing: 2 planes with 1 satellites at 45.0 degrees. Complexity level: 0 > MCG: 520.79243 - computation time: 209.0 ms, memory usage: 566 MB
2021-11-18T11:14:42.830 >> Discarded: 2 planes with 1 satellites at 45.0 degrees. Complexity level: 0 > MCG: 520.79243
2021-11-18T11:14:43.205 >> Analyzing: 2 planes with 1 satellites at 50.0 degrees. Complexity level: 0 > MCG: 569.133 - computation time: 229.0 ms, memory usage: 345 MB
2021-11-18T11:14:43.206 >> Discarded: 2 planes with 1 satellites at 50.0 degrees. Complexity level: 0 > MCG: 569.133
2021-11-18T11:14:43.527 >> Analyzing: 2 planes with 1 satellites at 55.0 degrees. Complexity level: 0 > MCG: 612.1103 - computation time: 221.0 ms, memory usage: 105 MB
2021-11-18T11:14:43.528 >> Discarded: 2 planes with 1 satellites at 55.0 degrees. Complexity level: 0 > MCG: 612.1103
2021-11-18T11:14:43.830 >> Analyzing: 2 planes with 1 satellites at 60.0 degrees. Complexity level: 0 > MCG: 612.6295 - computation time: 218.0 ms, memory usage: 489 MB
2021-11-18T11:14:43.830 >> Discarded: 2 planes with 1 satellites at 60.0 degrees. Complexity level: 0 > MCG: 612.6295
2021-11-18T11:14:44.162 >> Analyzing: 2 planes with 1 satellites at 65.0 degrees. Complexity level: 0 > MCG: 618.45538 - computation time: 234.0 ms, memory usage: 260 MB
2021-11-18T11:14:44.163 >> Discarded: 2 planes with 1 satellites at 65.0 degrees. Complexity level: 0 > MCG: 618.45538
2021-11-18T11:14:44.458 >> Analyzing: 2 planes with 1 satellites at 70.0 degrees. Complexity level: 0 > MCG: 619.24872 - computation time: 208.0 ms, memory usage: 642 MB
2021-11-18T11:14:44.459 >> Discarded: 2 planes with 1 satellites at 70.0 degrees. Complexity level: 0 > MCG: 619.24872
2021-11-18T11:14:44.760 >> Analyzing: 2 planes with 1 satellites at 75.0 degrees. Complexity level: 0 > MCG: 622.48143 - computation time: 206.0 ms, memory usage: 410 MB
2021-11-18T11:14:44.761 >> Discarded: 2 planes with 1 satellites at 75.0 degrees. Complexity level: 0 > MCG: 622.48143
2021-11-18T11:14:45.078 >> Analyzing: 2 planes with 1 satellites at 80.0 degrees. Complexity level: 0 > MCG: 623.12708 - computation time: 224.0 ms, memory usage: 174 MB
2021-11-18T11:14:45.078 >> Discarded: 2 planes with 1 satellites at 80.0 degrees. Complexity level: 0 > MCG: 623.12708
2021-11-18T11:14:45.358 >> Analyzing: 2 planes with 1 satellites at 85.0 degrees. Complexity level: 0 > MCG: 633.176 - computation time: 192.0 ms, memory usage: 556 MB
2021-11-18T11:14:45.358 >> Discarded: 2 planes with 1 satellites at 85.0 degrees. Complexity level: 0 > MCG: 633.176
2021-11-18T11:14:45.648 >> Analyzing: 2 planes with 1 satellites at 90.0 degrees. Complexity level: 0 > MCG: 633.15373 - computation time: 208.0 ms, memory usage: 328 MB
2021-11-18T11:14:45.648 >> Discarded: 2 planes with 1 satellites at 90.0 degrees. Complexity level: 0 > MCG: 633.15373
2021-11-18T11:14:46.185 >> Analyzing: 2 planes with 2 satellites at 0.0 degrees. Complexity level: 0 > MCG: 1440.0 - computation time: 452.0 ms, memory usage: 461 MB
2021-11-18T11:14:46.186 >> Discarded: 2 planes with 2 satellites at 0.0 degrees. Complexity level: 0 > MCG: 1440.0
2021-11-18T11:14:46.711 >> Analyzing: 2 planes with 2 satellites at 5.0 degrees. Complexity level: 0 > MCG: 1440.0 - computation time: 436.0 ms, memory usage: 579 MB
2021-11-18T11:14:46.712 >> Discarded: 2 planes with 2 satellites at 5.0 degrees. Complexity level: 0 > MCG: 1440.0
2021-11-18T11:14:47.223 >> Analyzing: 2 planes with 2 satellites at 10.0 degrees. Complexity level: 0 > MCG: 1440.0 - computation time: 421.0 ms, memory usage: 64 MB
2021-11-18T11:14:47.223 >> Discarded: 2 planes with 2 satellites at 10.0 degrees. Complexity level: 0 > MCG: 1440.0
2021-11-18T11:14:47.734 >> Analyzing: 2 planes with 2 satellites at 15.0 degrees. Complexity level: 0 > MCG: 518.0045 - computation time: 417.0 ms, memory usage: 178 MB
2021-11-18T11:14:47.735 >> Discarded: 2 planes with 2 satellites at 15.0 degrees. Complexity level: 0 > MCG: 518.0045
2021-11-18T11:14:48.308 >> Analyzing: 2 planes with 2 satellites at 20.0 degrees. Complexity level: 0 > MCG: 312.50592 - computation time: 441.0 ms, memory usage: 293 MB
2021-11-18T11:14:48.309 >> Discarded: 2 planes with 2 satellites at 20.0 degrees. Complexity level: 0 > MCG: 312.50592
2021-11-18T11:14:48.853 >> Analyzing: 2 planes with 2 satellites at 25.0 degrees. Complexity level: 0 > MCG: 307.87938 - computation time: 453.0 ms, memory usage: 403 MB
2021-11-18T11:14:48.853 >> Discarded: 2 planes with 2 satellites at 25.0 degrees. Complexity level: 0 > MCG: 307.87938
2021-11-18T11:14:49.384 >> Analyzing: 2 planes with 2 satellites at 30.0 degrees. Complexity level: 0 > MCG: 411.39583 - computation time: 436.0 ms, memory usage: 515 MB
2021-11-18T11:14:49.385 >> Discarded: 2 planes with 2 satellites at 30.0 degrees. Complexity level: 0 > MCG: 411.39583
2021-11-18T11:14:49.915 >> Analyzing: 2 planes with 2 satellites at 35.0 degrees. Complexity level: 0 > MCG: 463.61795 - computation time: 443.0 ms, memory usage: 621 MB
2021-11-18T11:14:49.915 >> Discarded: 2 planes with 2 satellites at 35.0 degrees. Complexity level: 0 > MCG: 463.61795
2021-11-18T11:14:50.408 >> Analyzing: 2 planes with 2 satellites at 40.0 degrees. Complexity level: 0 > MCG: 514.90148 - computation time: 406.0 ms, memory usage: 90 MB
2021-11-18T11:14:50.409 >> Discarded: 2 planes with 2 satellites at 40.0 degrees. Complexity level: 0 > MCG: 514.90148
2021-11-18T11:14:51.015 >> Analyzing: 2 planes with 2 satellites at 45.0 degrees. Complexity level: 0 > MCG: 517.03968 - computation time: 505.0 ms, memory usage: 186 MB
2021-11-18T11:14:51.015 >> Discarded: 2 planes with 2 satellites at 45.0 degrees. Complexity level: 0 > MCG: 517.03968
2021-11-18T11:14:51.673 >> Analyzing: 2 planes with 2 satellites at 50.0 degrees. Complexity level: 0 > MCG: 519.4439 - computation time: 552.0 ms, memory usage: 283 MB
2021-11-18T11:14:51.674 >> Discarded: 2 planes with 2 satellites at 50.0 degrees. Complexity level: 0 > MCG: 519.4439
2021-11-18T11:14:52.316 >> Analyzing: 2 planes with 2 satellites at 55.0 degrees. Complexity level: 0 > MCG: 568.30197 - computation time: 544.0 ms, memory usage: 373 MB
2021-11-18T11:14:52.318 >> Discarded: 2 planes with 2 satellites at 55.0 degrees. Complexity level: 0 > MCG: 568.30197
2021-11-18T11:14:52.855 >> Analyzing: 2 planes with 2 satellites at 60.0 degrees. Complexity level: 0 > MCG: 570.06763 - computation time: 416.0 ms, memory usage: 463 MB
2021-11-18T11:14:52.856 >> Discarded: 2 planes with 2 satellites at 60.0 degrees. Complexity level: 0 > MCG: 570.06763
2021-11-18T11:14:53.487 >> Analyzing: 2 planes with 2 satellites at 65.0 degrees. Complexity level: 0 > MCG: 571.65233 - computation time: 528.0 ms, memory usage: 551 MB
2021-11-18T11:14:53.487 >> Discarded: 2 planes with 2 satellites at 65.0 degrees. Complexity level: 0 > MCG: 571.65233
2021-11-18T11:14:54.166 >> Analyzing: 2 planes with 2 satellites at 70.0 degrees. Complexity level: 0 > MCG: 573.36805 - computation time: 552.0 ms, memory usage: 637 MB
2021-11-18T11:14:54.167 >> Discarded: 2 planes with 2 satellites at 70.0 degrees. Complexity level: 0 > MCG: 573.36805
2021-11-18T11:14:54.805 >> Analyzing: 2 planes with 2 satellites at 75.0 degrees. Complexity level: 0 > MCG: 620.03777 - computation time: 463.0 ms, memory usage: 90 MB
2021-11-18T11:14:54.805 >> Discarded: 2 planes with 2 satellites at 75.0 degrees. Complexity level: 0 > MCG: 620.03777
2021-11-18T11:14:55.434 >> Analyzing: 2 planes with 2 satellites at 80.0 degrees. Complexity level: 0 > MCG: 620.81033 - computation time: 528.0 ms, memory usage: 176 MB
2021-11-18T11:14:55.434 >> Discarded: 2 planes with 2 satellites at 80.0 degrees. Complexity level: 0 > MCG: 620.81033
2021-11-18T11:14:56.021 >> Analyzing: 2 planes with 2 satellites at 85.0 degrees. Complexity level: 0 > MCG: 621.55462 - computation time: 483.0 ms, memory usage: 261 MB
2021-11-18T11:14:56.021 >> Discarded: 2 planes with 2 satellites at 85.0 degrees. Complexity level: 0 > MCG: 621.55462
2021-11-18T11:14:56.731 >> Analyzing: 2 planes with 2 satellites at 90.0 degrees. Complexity level: 0 > MCG: 622.25947 - computation time: 499.0 ms, memory usage: 345 MB
2021-11-18T11:14:56.731 >> Discarded: 2 planes with 2 satellites at 90.0 degrees. Complexity level: 0 > MCG: 622.25947
2021-11-18T11:14:57.711 >> Analyzing: 2 planes with 3 satellites at 0.0 degrees. Complexity level: 0 > MCG: 1440.0 - computation time: 797.0 ms, memory usage: 200 MB
2021-11-18T11:14:57.712 >> Discarded: 2 planes with 3 satellites at 0.0 degrees. Complexity level: 0 > MCG: 1440.0
2021-11-18T11:14:58.875 >> Analyzing: 2 planes with 3 satellites at 5.0 degrees. Complexity level: 0 > MCG: 1440.0 - computation time: 925.0 ms, memory usage: 660 MB
2021-11-18T11:14:58.875 >> Discarded: 2 planes with 3 satellites at 5.0 degrees. Complexity level: 0 > MCG: 1440.0
2021-11-18T11:14:59.886 >> Analyzing: 2 planes with 3 satellites at 10.0 degrees. Complexity level: 0 > MCG: 1440.0 - computation time: 888.0 ms, memory usage: 499 MB
2021-11-18T11:14:59.887 >> Discarded: 2 planes with 3 satellites at 10.0 degrees. Complexity level: 0 > MCG: 1440.0
2021-11-18T11:15:00.978 >> Analyzing: 2 planes with 3 satellites at 15.0 degrees. Complexity level: 0 > MCG: 467.76518 - computation time: 949.0 ms, memory usage: 328 MB
2021-11-18T11:15:00.979 >> Discarded: 2 planes with 3 satellites at 15.0 degrees. Complexity level: 0 > MCG: 467.76518
2021-11-18T11:15:01.957 >> Analyzing: 2 planes with 3 satellites at 20.0 degrees. Complexity level: 0 > MCG: 328.86815 - computation time: 860.0 ms, memory usage: 152 MB
2021-11-18T11:15:01.957 >> Discarded: 2 planes with 3 satellites at 20.0 degrees. Complexity level: 0 > MCG: 328.86815
2021-11-18T11:15:02.962 >> Analyzing: 2 planes with 3 satellites at 25.0 degrees. Complexity level: 0 > MCG: 274.56518 - computation time: 827.0 ms, memory usage: 602 MB
2021-11-18T11:15:02.962 >> Discarded: 2 planes with 3 satellites at 25.0 degrees. Complexity level: 0 > MCG: 274.56518
2021-11-18T11:15:03.918 >> Analyzing: 2 planes with 3 satellites at 30.0 degrees. Complexity level: 0 > MCG: 346.46803 - computation time: 845.0 ms, memory usage: 422 MB
2021-11-18T11:15:03.919 >> Discarded: 2 planes with 3 satellites at 30.0 degrees. Complexity level: 0 > MCG: 346.46803
2021-11-18T11:15:05.160 >> Analyzing: 2 planes with 3 satellites at 35.0 degrees. Complexity level: 0 > MCG: 415.12053 - computation time: 990.0 ms, memory usage: 234 MB
2021-11-18T11:15:05.160 >> Discarded: 2 planes with 3 satellites at 35.0 degrees. Complexity level: 0 > MCG: 415.12053
2021-11-18T11:15:06.167 >> Analyzing: 2 planes with 3 satellites at 40.0 degrees. Complexity level: 0 > MCG: 482.31673 - computation time: 747.0 ms, memory usage: 674 MB
2021-11-18T11:15:06.168 >> Discarded: 2 planes with 3 satellites at 40.0 degrees. Complexity level: 0 > MCG: 482.31673
2021-11-18T11:15:07.104 >> Analyzing: 2 planes with 3 satellites at 45.0 degrees. Complexity level: 0 > MCG: 485.2135 - computation time: 840.0 ms, memory usage: 476 MB
2021-11-18T11:15:07.104 >> Discarded: 2 planes with 3 satellites at 45.0 degrees. Complexity level: 0 > MCG: 485.2135
2021-11-18T11:15:08.030 >> Analyzing: 2 planes with 3 satellites at 50.0 degrees. Complexity level: 0 > MCG: 519.14683 - computation time: 784.0 ms, memory usage: 272 MB
2021-11-18T11:15:08.030 >> Discarded: 2 planes with 3 satellites at 50.0 degrees. Complexity level: 0 > MCG: 519.14683
2021-11-18T11:15:08.974 >> Analyzing: 2 planes with 3 satellites at 55.0 degrees. Complexity level: 0 > MCG: 538.83287 - computation time: 766.0 ms, memory usage: 62 MB
2021-11-18T11:15:08.975 >> Discarded: 2 planes with 3 satellites at 55.0 degrees. Complexity level: 0 > MCG: 538.83287
2021-11-18T11:15:09.875 >> Analyzing: 2 planes with 3 satellites at 60.0 degrees. Complexity level: 0 > MCG: 541.20488 - computation time: 773.0 ms, memory usage: 480 MB
2021-11-18T11:15:09.876 >> Discarded: 2 planes with 3 satellites at 60.0 degrees. Complexity level: 0 > MCG: 541.20488
2021-11-18T11:15:10.944 >> Analyzing: 2 planes with 3 satellites at 65.0 degrees. Complexity level: 0 > MCG: 555.62893 - computation time: 760.0 ms, memory usage: 266 MB
2021-11-18T11:15:10.945 >> Discarded: 2 planes with 3 satellites at 65.0 degrees. Complexity level: 0 > MCG: 555.62893
2021-11-18T11:15:11.812 >> Analyzing: 2 planes with 3 satellites at 70.0 degrees. Complexity level: 0 > MCG: 557.59542 - computation time: 763.0 ms, memory usage: 48 MB
2021-11-18T11:15:11.813 >> Discarded: 2 planes with 3 satellites at 70.0 degrees. Complexity level: 0 > MCG: 557.59542
2021-11-18T11:15:12.737 >> Analyzing: 2 planes with 3 satellites at 75.0 degrees. Complexity level: 0 > MCG: 574.97552 - computation time: 746.0 ms, memory usage: 464 MB
2021-11-18T11:15:12.738 >> Discarded: 2 planes with 3 satellites at 75.0 degrees. Complexity level: 0 > MCG: 574.97552
2021-11-18T11:15:13.656 >> Analyzing: 2 planes with 3 satellites at 80.0 degrees. Complexity level: 0 > MCG: 576.20645 - computation time: 794.0 ms, memory usage: 244 MB
2021-11-18T11:15:13.657 >> Discarded: 2 planes with 3 satellites at 80.0 degrees. Complexity level: 0 > MCG: 576.20645
2021-11-18T11:15:14.711 >> Analyzing: 2 planes with 3 satellites at 85.0 degrees. Complexity level: 0 > MCG: 577.2033 - computation time: 936.0 ms, memory usage: 658 MB
2021-11-18T11:15:14.712 >> Discarded: 2 planes with 3 satellites at 85.0 degrees. Complexity level: 0 > MCG: 577.2033
2021-11-18T11:15:16.081 >> Analyzing: 2 planes with 3 satellites at 90.0 degrees. Complexity level: 0 > MCG: 578.14378 - computation time: 1116.0 ms, memory usage: 455 MB
2021-11-18T11:15:16.082 >> Discarded: 2 planes with 3 satellites at 90.0 degrees. Complexity level: 0 > MCG: 578.14378
2021-11-18T11:15:16.675 >> Analyzing: 3 planes with 1 satellites at 0.0 degrees. Complexity level: 0 > MCG: 1440.0 - computation time: 459.0 ms, memory usage: 414 MB
2021-11-18T11:15:16.676 >> Discarded: 3 planes with 1 satellites at 0.0 degrees. Complexity level: 0 > MCG: 1440.0
2021-11-18T11:15:17.368 >> Analyzing: 3 planes with 1 satellites at 5.0 degrees. Complexity level: 0 > MCG: 1440.0 - computation time: 566.0 ms, memory usage: 357 MB
2021-11-18T11:15:17.369 >> Discarded: 3 planes with 1 satellites at 5.0 degrees. Complexity level: 0 > MCG: 1440.0
2021-11-18T11:15:17.944 >> Analyzing: 3 planes with 1 satellites at 10.0 degrees. Complexity level: 0 > MCG: 1440.0 - computation time: 430.0 ms, memory usage: 301 MB
2021-11-18T11:15:17.980 >> Discarded: 3 planes with 1 satellites at 10.0 degrees. Complexity level: 0 > MCG: 1440.0
2021-11-18T11:15:18.665 >> Analyzing: 3 planes with 1 satellites at 15.0 degrees. Complexity level: 0 > MCG: 275.8075 - computation time: 451.0 ms, memory usage: 245 MB
2021-11-18T11:15:18.666 >> Discarded: 3 planes with 1 satellites at 15.0 degrees. Complexity level: 0 > MCG: 275.8075
2021-11-18T11:15:19.262 >> Analyzing: 3 planes with 1 satellites at 20.0 degrees. Complexity level: 0 > MCG: 170.02137 - computation time: 349.0 ms, memory usage: 189 MB
2021-11-18T11:15:19.262 >> Discarded: 3 planes with 1 satellites at 20.0 degrees. Complexity level: 0 > MCG: 170.02137
2021-11-18T11:15:19.924 >> Analyzing: 3 planes with 1 satellites at 25.0 degrees. Complexity level: 0 > MCG: 95.96325 - computation time: 406.0 ms, memory usage: 130 MB
2021-11-18T11:15:22.715 >> Analyzing: 3 planes with 1 satellites at 25.0 degrees. Complexity level: 1 > MCG: 95.49272 - computation time: 2148.0 ms, memory usage: 432 MB
2021-11-18T11:16:15.826 >> Analyzing: 3 planes with 1 satellites at 25.0 degrees. Complexity level: 2 > MCG: 169.2731 - computation time: 50313.0 ms, memory usage: 530 MB
2021-11-18T11:16:15.826 >> Discarded: 3 planes with 1 satellites at 25.0 degrees. Complexity level: 2 > MCG: 169.2731
2021-11-18T11:16:16.205 >> Analyzing: 3 planes with 1 satellites at 30.0 degrees. Complexity level: 0 > MCG: 100.59295 - computation time: 291.0 ms, memory usage: 473 MB
2021-11-18T11:16:18.238 >> Analyzing: 3 planes with 1 satellites at 30.0 degrees. Complexity level: 1 > MCG: 133.02995 - computation time: 1563.0 ms, memory usage: 759 MB
2021-11-18T11:16:18.239 >> Discarded: 3 planes with 1 satellites at 30.0 degrees. Complexity level: 1 > MCG: 133.02995
2021-11-18T11:16:18.651 >> Analyzing: 3 planes with 1 satellites at 35.0 degrees. Complexity level: 0 > MCG: 236.3602 - computation time: 321.0 ms, memory usage: 696 MB
2021-11-18T11:16:18.651 >> Discarded: 3 planes with 1 satellites at 35.0 degrees. Complexity level: 0 > MCG: 236.3602
2021-11-18T11:16:19.139 >> Analyzing: 3 planes with 1 satellites at 40.0 degrees. Complexity level: 0 > MCG: 240.35013 - computation time: 338.0 ms, memory usage: 642 MB
2021-11-18T11:16:19.140 >> Discarded: 3 planes with 1 satellites at 40.0 degrees. Complexity level: 0 > MCG: 240.35013
2021-11-18T11:16:19.576 >> Analyzing: 3 planes with 1 satellites at 45.0 degrees. Complexity level: 0 > MCG: 341.63492 - computation time: 341.0 ms, memory usage: 575 MB
2021-11-18T11:16:19.576 >> Discarded: 3 planes with 1 satellites at 45.0 degrees. Complexity level: 0 > MCG: 341.63492
2021-11-18T11:16:20.006 >> Analyzing: 3 planes with 1 satellites at 50.0 degrees. Complexity level: 0 > MCG: 249.71552 - computation time: 341.0 ms, memory usage: 507 MB
2021-11-18T11:16:20.007 >> Discarded: 3 planes with 1 satellites at 50.0 degrees. Complexity level: 0 > MCG: 249.71552
2021-11-18T11:16:20.388 >> Analyzing: 3 planes with 1 satellites at 55.0 degrees. Complexity level: 0 > MCG: 248.86403 - computation time: 295.0 ms, memory usage: 436 MB
2021-11-18T11:16:20.388 >> Discarded: 3 planes with 1 satellites at 55.0 degrees. Complexity level: 0 > MCG: 248.86403
2021-11-18T11:16:20.786 >> Analyzing: 3 planes with 1 satellites at 60.0 degrees. Complexity level: 0 > MCG: 348.3755 - computation time: 314.0 ms, memory usage: 364 MB
2021-11-18T11:16:20.787 >> Discarded: 3 planes with 1 satellites at 60.0 degrees. Complexity level: 0 > MCG: 348.3755
2021-11-18T11:16:21.165 >> Analyzing: 3 planes with 1 satellites at 65.0 degrees. Complexity level: 0 > MCG: 348.21898 - computation time: 288.0 ms, memory usage: 290 MB
2021-11-18T11:16:21.166 >> Discarded: 3 planes with 1 satellites at 65.0 degrees. Complexity level: 0 > MCG: 348.21898
2021-11-18T11:16:21.549 >> Analyzing: 3 planes with 1 satellites at 70.0 degrees. Complexity level: 0 > MCG: 251.9162 - computation time: 298.0 ms, memory usage: 218 MB
2021-11-18T11:16:21.549 >> Discarded: 3 planes with 1 satellites at 70.0 degrees. Complexity level: 0 > MCG: 251.9162
2021-11-18T11:16:21.939 >> Analyzing: 3 planes with 1 satellites at 75.0 degrees. Complexity level: 0 > MCG: 247.79488 - computation time: 306.0 ms, memory usage: 762 MB
2021-11-18T11:16:21.939 >> Discarded: 3 planes with 1 satellites at 75.0 degrees. Complexity level: 0 > MCG: 247.79488
2021-11-18T11:16:22.331 >> Analyzing: 3 planes with 1 satellites at 80.0 degrees. Complexity level: 0 > MCG: 247.51848 - computation time: 285.0 ms, memory usage: 696 MB
2021-11-18T11:16:22.332 >> Discarded: 3 planes with 1 satellites at 80.0 degrees. Complexity level: 0 > MCG: 247.51848
2021-11-18T11:16:22.798 >> Analyzing: 3 planes with 1 satellites at 85.0 degrees. Complexity level: 0 > MCG: 238.16823 - computation time: 372.0 ms, memory usage: 631 MB
2021-11-18T11:16:22.798 >> Discarded: 3 planes with 1 satellites at 85.0 degrees. Complexity level: 0 > MCG: 238.16823
2021-11-18T11:16:23.369 >> Analyzing: 3 planes with 1 satellites at 90.0 degrees. Complexity level: 0 > MCG: 238.13798 - computation time: 395.0 ms, memory usage: 555 MB
2021-11-18T11:16:23.369 >> Discarded: 3 planes with 1 satellites at 90.0 degrees. Complexity level: 0 > MCG: 238.13798
2021-11-18T11:16:24.203 >> Analyzing: 3 planes with 2 satellites at 0.0 degrees. Complexity level: 0 > MCG: 1440.0 - computation time: 743.0 ms, memory usage: 411 MB
2021-11-18T11:16:24.203 >> Discarded: 3 planes with 2 satellites at 0.0 degrees. Complexity level: 0 > MCG: 1440.0
2021-11-18T11:16:25.106 >> Analyzing: 3 planes with 2 satellites at 5.0 degrees. Complexity level: 0 > MCG: 1440.0 - computation time: 806.0 ms, memory usage: 240 MB
2021-11-18T11:16:25.106 >> Discarded: 3 planes with 2 satellites at 5.0 degrees. Complexity level: 0 > MCG: 1440.0
2021-11-18T11:16:25.937 >> Analyzing: 3 planes with 2 satellites at 10.0 degrees. Complexity level: 0 > MCG: 1440.0 - computation time: 719.0 ms, memory usage: 697 MB
2021-11-18T11:16:25.937 >> Discarded: 3 planes with 2 satellites at 10.0 degrees. Complexity level: 0 > MCG: 1440.0
2021-11-18T11:16:26.925 >> Analyzing: 3 planes with 2 satellites at 15.0 degrees. Complexity level: 0 > MCG: 275.46505 - computation time: 735.0 ms, memory usage: 523 MB
2021-11-18T11:16:26.925 >> Discarded: 3 planes with 2 satellites at 15.0 degrees. Complexity level: 0 > MCG: 275.46505
2021-11-18T11:16:27.899 >> Analyzing: 3 planes with 2 satellites at 20.0 degrees. Complexity level: 0 > MCG: 119.56438 - computation time: 867.0 ms, memory usage: 344 MB
2021-11-18T11:16:32.383 >> Analyzing: 3 planes with 2 satellites at 20.0 degrees. Complexity level: 1 > MCG: 119.57427 - computation time: 3919.0 ms, memory usage: 569 MB
2021-11-18T11:18:24.400 >> Analyzing: 3 planes with 2 satellites at 20.0 degrees. Complexity level: 2 > MCG: 172.5546 - computation time: 109189.0 ms, memory usage: 680 MB
2021-11-18T11:18:24.401 >> Discarded: 3 planes with 2 satellites at 20.0 degrees. Complexity level: 2 > MCG: 172.5546
2021-11-18T11:18:25.220 >> Analyzing: 3 planes with 2 satellites at 25.0 degrees. Complexity level: 0 > MCG: 45.14872 - computation time: 703.0 ms, memory usage: 501 MB
2021-11-18T11:18:29.193 >> Analyzing: 3 planes with 2 satellites at 25.0 degrees. Complexity level: 1 > MCG: 44.85197 - computation time: 3368.0 ms, memory usage: 712 MB
2021-11-18T11:20:20.339 >> Analyzing: 3 planes with 2 satellites at 25.0 degrees. Complexity level: 2 > MCG: 69.23855 - computation time: 108755.0 ms, memory usage: 892 MB
2021-11-18T11:27:27.279 >> Analyzing: 3 planes with 2 satellites at 25.0 degrees. Complexity level: 3 > MCG: 119.86642 - computation time: 418859.0 ms, memory usage: 691 MB
2021-11-18T11:27:27.295 >> SOLUTION!: 3 planes with 2 satellites at 25.0 degrees. MCG: 119.86642
2021-11-18T11:27:28.376 >> Analyzing: 3 planes with 3 satellites at 0.0 degrees. Complexity level: 0 > MCG: 1440.0 - computation time: 1003.0 ms, memory usage: 1236 MB
2021-11-18T11:27:28.376 >> Discarded: 3 planes with 3 satellites at 0.0 degrees. Complexity level: 0 > MCG: 1440.0
2021-11-18T11:27:29.629 >> Analyzing: 3 planes with 3 satellites at 5.0 degrees. Complexity level: 0 > MCG: 1440.0 - computation time: 1146.0 ms, memory usage: 648 MB
2021-11-18T11:27:29.629 >> Discarded: 3 planes with 3 satellites at 5.0 degrees. Complexity level: 0 > MCG: 1440.0
2021-11-18T11:27:30.819 >> Analyzing: 3 planes with 3 satellites at 10.0 degrees. Complexity level: 0 > MCG: 1440.0 - computation time: 1096.0 ms, memory usage: 1153 MB
2021-11-18T11:27:30.819 >> Discarded: 3 planes with 3 satellites at 10.0 degrees. Complexity level: 0 > MCG: 1440.0
2021-11-18T11:27:31.849 >> Analyzing: 3 planes with 3 satellites at 15.0 degrees. Complexity level: 0 > MCG: 242.09572 - computation time: 952.0 ms, memory usage: 558 MB
2021-11-18T11:27:31.849 >> Discarded: 3 planes with 3 satellites at 15.0 degrees. Complexity level: 0 > MCG: 242.09572
2021-11-18T11:27:32.950 >> Analyzing: 3 planes with 3 satellites at 20.0 degrees. Complexity level: 0 > MCG: 70.3578 - computation time: 1023.0 ms, memory usage: 1061 MB
2021-11-18T11:27:39.168 >> Analyzing: 3 planes with 3 satellites at 20.0 degrees. Complexity level: 1 > MCG: 70.47207 - computation time: 5644.0 ms, memory usage: 1093 MB
2021-11-18T11:30:30.695 >> Analyzing: 3 planes with 3 satellites at 20.0 degrees. Complexity level: 2 > MCG: 172.31607 - computation time: 168892.0 ms, memory usage: 1353 MB
2021-11-18T11:30:30.695 >> Discarded: 3 planes with 3 satellites at 20.0 degrees. Complexity level: 2 > MCG: 172.31607
2021-11-18T11:30:31.747 >> Analyzing: 3 planes with 3 satellites at 25.0 degrees. Complexity level: 0 > MCG: 28.59833 - computation time: 963.0 ms, memory usage: 747 MB
2021-11-18T11:30:36.845 >> Analyzing: 3 planes with 3 satellites at 25.0 degrees. Complexity level: 1 > MCG: 29.98185 - computation time: 4602.0 ms, memory usage: 816 MB
2021-11-18T11:33:40.022 >> Analyzing: 3 planes with 3 satellites at 25.0 degrees. Complexity level: 2 > MCG: 37.15457 - computation time: 180920.0 ms, memory usage: 788 MB
2021-11-18T11:45:54.759 >> Analyzing: 3 planes with 3 satellites at 25.0 degrees. Complexity level: 3 > MCG: 70.61263 - computation time: 719487.0 ms, memory usage: 359 MB
2021-11-18T11:45:54.774 >> SOLUTION!: 3 planes with 3 satellites at 25.0 degrees. MCG: 70.61263
2021-11-18T11:45:55.561 >> Analyzing: 4 planes with 1 satellites at 0.0 degrees. Complexity level: 0 > MCG: 1440.0 - computation time: 661.0 ms, memory usage: 603 MB
2021-11-18T11:45:55.561 >> Discarded: 4 planes with 1 satellites at 0.0 degrees. Complexity level: 0 > MCG: 1440.0
2021-11-18T11:45:56.409 >> Analyzing: 4 planes with 1 satellites at 5.0 degrees. Complexity level: 0 > MCG: 1440.0 - computation time: 626.0 ms, memory usage: 303 MB
2021-11-18T11:45:56.409 >> Discarded: 4 planes with 1 satellites at 5.0 degrees. Complexity level: 0 > MCG: 1440.0
2021-11-18T11:45:57.301 >> Analyzing: 4 planes with 1 satellites at 10.0 degrees. Complexity level: 0 > MCG: 1440.0 - computation time: 666.0 ms, memory usage: 527 MB
2021-11-18T11:45:57.302 >> Discarded: 4 planes with 1 satellites at 10.0 degrees. Complexity level: 0 > MCG: 1440.0
2021-11-18T11:45:58.124 >> Analyzing: 4 planes with 1 satellites at 15.0 degrees. Complexity level: 0 > MCG: 180.02242 - computation time: 636.0 ms, memory usage: 223 MB
2021-11-18T11:45:58.124 >> Discarded: 4 planes with 1 satellites at 15.0 degrees. Complexity level: 0 > MCG: 180.02242
2021-11-18T11:45:58.911 >> Analyzing: 4 planes with 1 satellites at 20.0 degrees. Complexity level: 0 > MCG: 95.50488 - computation time: 623.0 ms, memory usage: 447 MB
2021-11-18T11:46:02.528 >> Analyzing: 4 planes with 1 satellites at 20.0 degrees. Complexity level: 1 > MCG: 95.2538 - computation time: 2857.0 ms, memory usage: 436 MB
2021-11-18T11:47:18.908 >> Analyzing: 4 planes with 1 satellites at 20.0 degrees. Complexity level: 2 > MCG: 177.23508 - computation time: 73520.0 ms, memory usage: 494 MB
2021-11-18T11:47:18.908 >> Discarded: 4 planes with 1 satellites at 20.0 degrees. Complexity level: 2 > MCG: 177.23508
2021-11-18T11:47:19.518 >> Analyzing: 4 planes with 1 satellites at 25.0 degrees. Complexity level: 0 > MCG: 92.53463 - computation time: 498.0 ms, memory usage: 724 MB
2021-11-18T11:47:22.344 >> Analyzing: 4 planes with 1 satellites at 25.0 degrees. Complexity level: 1 > MCG: 92.66568 - computation time: 2364.0 ms, memory usage: 573 MB
2021-11-18T11:48:40.589 >> Analyzing: 4 planes with 1 satellites at 25.0 degrees. Complexity level: 2 > MCG: 93.66868 - computation time: 76385.0 ms, memory usage: 767 MB
2021-11-18T11:53:35.168 >> Analyzing: 4 planes with 1 satellites at 25.0 degrees. Complexity level: 3 > MCG: 94.33918 - computation time: 283362.0 ms, memory usage: 1107 MB
2021-11-18T11:53:35.169 >> SOLUTION!: 4 planes with 1 satellites at 25.0 degrees. MCG: 94.33918
2021-11-18T11:53:36.299 >> Analyzing: 4 planes with 2 satellites at 0.0 degrees. Complexity level: 0 > MCG: 1440.0 - computation time: 1009.0 ms, memory usage: 910 MB
2021-11-18T11:53:36.299 >> Discarded: 4 planes with 2 satellites at 0.0 degrees. Complexity level: 0 > MCG: 1440.0
2021-11-18T11:53:37.329 >> Analyzing: 4 planes with 2 satellites at 5.0 degrees. Complexity level: 0 > MCG: 1440.0 - computation time: 947.0 ms, memory usage: 684 MB
2021-11-18T11:53:37.329 >> Discarded: 4 planes with 2 satellites at 5.0 degrees. Complexity level: 0 > MCG: 1440.0
2021-11-18T11:53:38.319 >> Analyzing: 4 planes with 2 satellites at 10.0 degrees. Complexity level: 0 > MCG: 1440.0 - computation time: 905.0 ms, memory usage: 452 MB
2021-11-18T11:53:38.319 >> Discarded: 4 planes with 2 satellites at 10.0 degrees. Complexity level: 0 > MCG: 1440.0
2021-11-18T11:53:39.353 >> Analyzing: 4 planes with 2 satellites at 15.0 degrees. Complexity level: 0 > MCG: 179.42113 - computation time: 934.0 ms, memory usage: 1051 MB
2021-11-18T11:53:39.353 >> Discarded: 4 planes with 2 satellites at 15.0 degrees. Complexity level: 0 > MCG: 179.42113
2021-11-18T11:53:40.352 >> Analyzing: 4 planes with 2 satellites at 20.0 degrees. Complexity level: 0 > MCG: 44.40332 - computation time: 897.0 ms, memory usage: 825 MB
2021-11-18T11:53:45.276 >> Analyzing: 4 planes with 2 satellites at 20.0 degrees. Complexity level: 1 > MCG: 44.10042 - computation time: 4435.0 ms, memory usage: 383 MB
2021-11-18T11:56:07.176 >> Analyzing: 4 planes with 2 satellites at 20.0 degrees. Complexity level: 2 > MCG: 76.08832 - computation time: 140154.0 ms, memory usage: 628 MB
2021-11-18T12:06:15.141 >> Analyzing: 4 planes with 2 satellites at 20.0 degrees. Complexity level: 3 > MCG: 127.65607 - computation time: 600811.0 ms, memory usage: 1495 MB
2021-11-18T12:06:15.142 >> Discarded: 4 planes with 2 satellites at 20.0 degrees. Complexity level: 3 > MCG: 127.65607
2021-11-18T12:06:16.272 >> Analyzing: 4 planes with 2 satellites at 25.0 degrees. Complexity level: 0 > MCG: 42.05288 - computation time: 1025.0 ms, memory usage: 1015 MB
2021-11-18T12:06:22.587 >> Analyzing: 4 planes with 2 satellites at 25.0 degrees. Complexity level: 1 > MCG: 42.0345 - computation time: 5850.0 ms, memory usage: 1175 MB
2021-11-18T12:08:43.075 >> Analyzing: 4 planes with 2 satellites at 25.0 degrees. Complexity level: 2 > MCG: 44.20877 - computation time: 137976.0 ms, memory usage: 1524 MB
2021-11-18T12:21:03.539 >> Analyzing: 4 planes with 2 satellites at 25.0 degrees. Complexity level: 3 > MCG: 44.23245 - computation time: 732177.0 ms, memory usage: 1802 MB
2021-11-18T12:21:03.540 >> SOLUTION!: 4 planes with 2 satellites at 25.0 degrees. MCG: 44.23245
2021-11-18T12:21:05.802 >> Analyzing: 4 planes with 3 satellites at 0.0 degrees. Complexity level: 0 > MCG: 1440.0 - computation time: 1882.0 ms, memory usage: 1736 MB
2021-11-18T12:21:05.803 >> Discarded: 4 planes with 3 satellites at 0.0 degrees. Complexity level: 0 > MCG: 1440.0
2021-11-18T12:21:08.304 >> Analyzing: 4 planes with 3 satellites at 5.0 degrees. Complexity level: 0 > MCG: 1440.0 - computation time: 2202.0 ms, memory usage: 1638 MB
2021-11-18T12:21:08.304 >> Discarded: 4 planes with 3 satellites at 5.0 degrees. Complexity level: 0 > MCG: 1440.0
2021-11-18T12:21:10.355 >> Analyzing: 4 planes with 3 satellites at 10.0 degrees. Complexity level: 0 > MCG: 1440.0 - computation time: 1925.0 ms, memory usage: 1986 MB
2021-11-18T12:21:10.356 >> Discarded: 4 planes with 3 satellites at 10.0 degrees. Complexity level: 0 > MCG: 1440.0
2021-11-18T12:21:12.667 >> Analyzing: 4 planes with 3 satellites at 15.0 degrees. Complexity level: 0 > MCG: 112.45198 - computation time: 2056.0 ms, memory usage: 1902 MB
2021-11-18T12:21:20.562 >> Analyzing: 4 planes with 3 satellites at 15.0 degrees. Complexity level: 1 > MCG: 145.71982 - computation time: 7261.0 ms, memory usage: 1765 MB
2021-11-18T12:21:20.563 >> Discarded: 4 planes with 3 satellites at 15.0 degrees. Complexity level: 1 > MCG: 145.71982
2021-11-18T12:21:22.208 >> Analyzing: 4 planes with 3 satellites at 20.0 degrees. Complexity level: 0 > MCG: 27.45303 - computation time: 1537.0 ms, memory usage: 1661 MB
2021-11-18T12:21:30.963 >> Analyzing: 4 planes with 3 satellites at 20.0 degrees. Complexity level: 1 > MCG: 27.4013 - computation time: 8257.0 ms, memory usage: 1964 MB
2021-11-18T12:26:31.014 >> Analyzing: 4 planes with 3 satellites at 20.0 degrees. Complexity level: 2 > MCG: 42.81805 - computation time: 296846.0 ms, memory usage: 1871 MB
2021-11-18T12:45:05.731 >> Analyzing: 4 planes with 3 satellites at 20.0 degrees. Complexity level: 3 > MCG: 77.76738 - computation time: 1095237.0 ms, memory usage: 1921 MB
2021-11-18T12:45:05.731 >> SOLUTION!: 4 planes with 3 satellites at 20.0 degrees. MCG: 77.76738
2021-11-18T12:45:06.650 >> Analyzing: 5 planes with 1 satellites at 0.0 degrees. Complexity level: 0 > MCG: 1440.0 - computation time: 699.0 ms, memory usage: 1366 MB
2021-11-18T12:45:06.650 >> Discarded: 5 planes with 1 satellites at 0.0 degrees. Complexity level: 0 > MCG: 1440.0
2021-11-18T12:45:07.517 >> Analyzing: 5 planes with 1 satellites at 5.0 degrees. Complexity level: 0 > MCG: 1440.0 - computation time: 755.0 ms, memory usage: 792 MB
2021-11-18T12:45:07.518 >> Discarded: 5 planes with 1 satellites at 5.0 degrees. Complexity level: 0 > MCG: 1440.0
2021-11-18T12:45:08.473 >> Analyzing: 5 planes with 1 satellites at 10.0 degrees. Complexity level: 0 > MCG: 1440.0 - computation time: 841.0 ms, memory usage: 1702 MB
2021-11-18T12:45:08.473 >> Discarded: 5 planes with 1 satellites at 10.0 degrees. Complexity level: 0 > MCG: 1440.0
2021-11-18T12:45:09.339 >> Analyzing: 5 planes with 1 satellites at 15.0 degrees. Complexity level: 0 > MCG: 100.16715 - computation time: 712.0 ms, memory usage: 1135 MB
2021-11-18T12:45:13.855 >> Analyzing: 5 planes with 1 satellites at 15.0 degrees. Complexity level: 1 > MCG: 183.15378 - computation time: 3707.0 ms, memory usage: 1139 MB
2021-11-18T12:45:13.871 >> Discarded: 5 planes with 1 satellites at 15.0 degrees. Complexity level: 1 > MCG: 183.15378
2021-11-18T12:45:14.695 >> Analyzing: 5 planes with 1 satellites at 20.0 degrees. Complexity level: 0 > MCG: 94.41118 - computation time: 730.0 ms, memory usage: 2049 MB
2021-11-18T12:45:18.985 >> Analyzing: 5 planes with 1 satellites at 20.0 degrees. Complexity level: 1 > MCG: 94.40605 - computation time: 3590.0 ms, memory usage: 2074 MB
2021-11-18T12:46:47.381 >> Analyzing: 5 planes with 1 satellites at 20.0 degrees. Complexity level: 2 > MCG: 96.1013 - computation time: 85402.0 ms, memory usage: 1255 MB
2021-11-18T12:53:27.838 >> Analyzing: 5 planes with 1 satellites at 20.0 degrees. Complexity level: 3 > MCG: 97.74875 - computation time: 393639.0 ms, memory usage: 2103 MB
2021-11-18T12:53:27.838 >> SOLUTION!: 5 planes with 1 satellites at 20.0 degrees. MCG: 97.74875
2021-11-18T12:53:29.844 >> Analyzing: 5 planes with 2 satellites at 0.0 degrees. Complexity level: 0 > MCG: 1440.0 - computation time: 1693.0 ms, memory usage: 1714 MB
2021-11-18T12:53:29.845 >> Discarded: 5 planes with 2 satellites at 0.0 degrees. Complexity level: 0 > MCG: 1440.0
2021-11-18T12:53:31.779 >> Analyzing: 5 planes with 2 satellites at 5.0 degrees. Complexity level: 0 > MCG: 1440.0 - computation time: 1799.0 ms, memory usage: 1306 MB
2021-11-18T12:53:31.779 >> Discarded: 5 planes with 2 satellites at 5.0 degrees. Complexity level: 0 > MCG: 1440.0
2021-11-18T12:53:33.834 >> Analyzing: 5 planes with 2 satellites at 10.0 degrees. Complexity level: 0 > MCG: 1440.0 - computation time: 1723.0 ms, memory usage: 1989 MB
2021-11-18T12:53:33.835 >> Discarded: 5 planes with 2 satellites at 10.0 degrees. Complexity level: 0 > MCG: 1440.0
2021-11-18T12:53:35.603 >> Analyzing: 5 planes with 2 satellites at 15.0 degrees. Complexity level: 0 > MCG: 81.46627 - computation time: 1589.0 ms, memory usage: 1611 MB
2021-11-18T12:53:45.383 >> Analyzing: 5 planes with 2 satellites at 15.0 degrees. Complexity level: 1 > MCG: 81.50362 - computation time: 9064.0 ms, memory usage: 1711 MB
2021-11-18T12:57:00.558 >> Analyzing: 5 planes with 2 satellites at 15.0 degrees. Complexity level: 2 > MCG: 530.2059 - computation time: 192009.0 ms, memory usage: 2213 MB
2021-11-18T12:57:00.559 >> Discarded: 5 planes with 2 satellites at 15.0 degrees. Complexity level: 2 > MCG: 530.2059
2021-11-18T12:57:02.434 >> Analyzing: 5 planes with 2 satellites at 20.0 degrees. Complexity level: 0 > MCG: 42.93895 - computation time: 1688.0 ms, memory usage: 1922 MB
2021-11-18T12:57:10.639 >> Analyzing: 5 planes with 2 satellites at 20.0 degrees. Complexity level: 1 > MCG: 42.92963 - computation time: 7397.0 ms, memory usage: 1599 MB
2021-11-18T13:00:35.752 >> Analyzing: 5 planes with 2 satellites at 20.0 degrees. Complexity level: 2 > MCG: 44.93515 - computation time: 203338.0 ms, memory usage: 1302 MB
2021-11-18T13:13:05.175 >> Analyzing: 5 planes with 2 satellites at 20.0 degrees. Complexity level: 3 > MCG: 46.80277 - computation time: 740873.0 ms, memory usage: 2240 MB
2021-11-18T13:13:05.175 >> SOLUTION!: 5 planes with 2 satellites at 20.0 degrees. MCG: 46.80277
2021-11-18T13:13:07.490 >> Analyzing: 5 planes with 3 satellites at 0.0 degrees. Complexity level: 0 > MCG: 1440.0 - computation time: 2092.0 ms, memory usage: 1872 MB
2021-11-18T13:13:07.491 >> Discarded: 5 planes with 3 satellites at 0.0 degrees. Complexity level: 0 > MCG: 1440.0
2021-11-18T13:13:09.716 >> Analyzing: 5 planes with 3 satellites at 5.0 degrees. Complexity level: 0 > MCG: 1440.0 - computation time: 2076.0 ms, memory usage: 1892 MB
2021-11-18T13:13:09.716 >> Discarded: 5 planes with 3 satellites at 5.0 degrees. Complexity level: 0 > MCG: 1440.0
2021-11-18T13:13:11.819 >> Analyzing: 5 planes with 3 satellites at 10.0 degrees. Complexity level: 0 > MCG: 1440.0 - computation time: 2013.0 ms, memory usage: 1902 MB
2021-11-18T13:13:11.819 >> Discarded: 5 planes with 3 satellites at 10.0 degrees. Complexity level: 0 > MCG: 1440.0
2021-11-18T13:13:13.911 >> Analyzing: 5 planes with 3 satellites at 15.0 degrees. Complexity level: 0 > MCG: 48.19093 - computation time: 1967.0 ms, memory usage: 1912 MB
2021-11-18T13:13:23.095 >> Analyzing: 5 planes with 3 satellites at 15.0 degrees. Complexity level: 1 > MCG: 48.53127 - computation time: 8603.0 ms, memory usage: 1856 MB
2021-11-18T13:17:35.268 >> Analyzing: 5 planes with 3 satellites at 15.0 degrees. Complexity level: 2 > MCG: 290.27363 - computation time: 250530.0 ms, memory usage: 2206 MB
2021-11-18T13:17:35.268 >> Discarded: 5 planes with 3 satellites at 15.0 degrees. Complexity level: 2 > MCG: 290.27363
2021-11-18T13:17:37.421 >> Analyzing: 5 planes with 3 satellites at 20.0 degrees. Complexity level: 0 > MCG: 25.83073 - computation time: 2042.0 ms, memory usage: 2082 MB
2021-11-18T13:17:47.232 >> Analyzing: 5 planes with 3 satellites at 20.0 degrees. Complexity level: 1 > MCG: 25.81987 - computation time: 9266.0 ms, memory usage: 2275 MB
2021-11-18T13:21:50.340 >> Analyzing: 5 planes with 3 satellites at 20.0 degrees. Complexity level: 2 > MCG: 27.91283 - computation time: 240688.0 ms, memory usage: 2177 MB
2021-11-18T13:39:30.368 >> Analyzing: 5 planes with 3 satellites at 20.0 degrees. Complexity level: 3 > MCG: 29.95363 - computation time: 1048111.0 ms, memory usage: 612 MB
2021-11-18T13:39:30.368 >> SOLUTION!: 5 planes with 3 satellites at 20.0 degrees. MCG: 29.95363
2021-11-18T13:39:31.381 >> Analyzing: 6 planes with 1 satellites at 0.0 degrees. Complexity level: 0 > MCG: 1440.0 - computation time: 888.0 ms, memory usage: 377 MB
2021-11-18T13:39:31.382 >> Discarded: 6 planes with 1 satellites at 0.0 degrees. Complexity level: 0 > MCG: 1440.0
2021-11-18T13:39:32.616 >> Analyzing: 6 planes with 1 satellites at 5.0 degrees. Complexity level: 0 > MCG: 1440.0 - computation time: 1041.0 ms, memory usage: 566 MB
2021-11-18T13:39:32.617 >> Discarded: 6 planes with 1 satellites at 5.0 degrees. Complexity level: 0 > MCG: 1440.0
2021-11-18T13:39:33.620 >> Analyzing: 6 planes with 1 satellites at 10.0 degrees. Complexity level: 0 > MCG: 1440.0 - computation time: 832.0 ms, memory usage: 298 MB
2021-11-18T13:39:33.621 >> Discarded: 6 planes with 1 satellites at 10.0 degrees. Complexity level: 0 > MCG: 1440.0
2021-11-18T13:39:34.601 >> Analyzing: 6 planes with 1 satellites at 15.0 degrees. Complexity level: 0 > MCG: 98.82332 - computation time: 866.0 ms, memory usage: 485 MB
2021-11-18T13:39:39.530 >> Analyzing: 6 planes with 1 satellites at 15.0 degrees. Complexity level: 1 > MCG: 99.15008 - computation time: 4101.0 ms, memory usage: 522 MB
2021-11-18T13:41:31.880 >> Analyzing: 6 planes with 1 satellites at 15.0 degrees. Complexity level: 2 > MCG: 1161.01327 - computation time: 109800.0 ms, memory usage: 902 MB
2021-11-18T13:41:31.880 >> Discarded: 6 planes with 1 satellites at 15.0 degrees. Complexity level: 2 > MCG: 1161.01327
2021-11-18T13:41:32.680 >> Analyzing: 6 planes with 1 satellites at 20.0 degrees. Complexity level: 0 > MCG: 81.0764 - computation time: 716.0 ms, memory usage: 671 MB
2021-11-18T13:41:36.432 >> Analyzing: 6 planes with 1 satellites at 20.0 degrees. Complexity level: 1 > MCG: 81.24532 - computation time: 3305.0 ms, memory usage: 886 MB
2021-11-18T13:43:24.778 >> Analyzing: 6 planes with 1 satellites at 20.0 degrees. Complexity level: 2 > MCG: 95.54263 - computation time: 106658.0 ms, memory usage: 591 MB
2021-11-18T13:51:32.907 >> Analyzing: 6 planes with 1 satellites at 20.0 degrees. Complexity level: 3 > MCG: 96.48805 - computation time: 477000.0 ms, memory usage: 1094 MB
2021-11-18T13:51:32.907 >> SOLUTION!: 6 planes with 1 satellites at 20.0 degrees. MCG: 96.48805
2021-11-18T13:51:35.212 >> Analyzing: 6 planes with 2 satellites at 0.0 degrees. Complexity level: 0 > MCG: 1440.0 - computation time: 2173.0 ms, memory usage: 1307 MB
2021-11-18T13:51:35.212 >> Discarded: 6 planes with 2 satellites at 0.0 degrees. Complexity level: 0 > MCG: 1440.0
2021-11-18T13:51:36.935 >> Analyzing: 6 planes with 2 satellites at 5.0 degrees. Complexity level: 0 > MCG: 1440.0 - computation time: 1545.0 ms, memory usage: 1115 MB
2021-11-18T13:51:36.936 >> Discarded: 6 planes with 2 satellites at 5.0 degrees. Complexity level: 0 > MCG: 1440.0
2021-11-18T13:51:38.536 >> Analyzing: 6 planes with 2 satellites at 10.0 degrees. Complexity level: 0 > MCG: 1440.0 - computation time: 1484.0 ms, memory usage: 1299 MB
2021-11-18T13:51:38.537 >> Discarded: 6 planes with 2 satellites at 10.0 degrees. Complexity level: 0 > MCG: 1440.0
2021-11-18T13:51:40.190 >> Analyzing: 6 planes with 2 satellites at 15.0 degrees. Complexity level: 0 > MCG: 47.80467 - computation time: 1549.0 ms, memory usage: 1087 MB
2021-11-18T13:51:48.178 >> Analyzing: 6 planes with 2 satellites at 15.0 degrees. Complexity level: 1 > MCG: 47.90133 - computation time: 7440.0 ms, memory usage: 1255 MB
2021-11-18T13:55:32.333 >> Analyzing: 6 planes with 2 satellites at 15.0 degrees. Complexity level: 2 > MCG: 675.68133 - computation time: 222264.0 ms, memory usage: 1292 MB
2021-11-18T13:55:32.333 >> Discarded: 6 planes with 2 satellites at 15.0 degrees. Complexity level: 2 > MCG: 675.68133
2021-11-18T13:55:34.480 >> Analyzing: 6 planes with 2 satellites at 20.0 degrees. Complexity level: 0 > MCG: 42.66512 - computation time: 2011.0 ms, memory usage: 1122 MB
2021-11-18T13:55:46.039 >> Analyzing: 6 planes with 2 satellites at 20.0 degrees. Complexity level: 1 > MCG: 42.66352 - computation time: 10568.0 ms, memory usage: 1122 MB
2021-11-18T13:59:15.094 >> Analyzing: 6 planes with 2 satellites at 20.0 degrees. Complexity level: 2 > MCG: 44.07227 - computation time: 206089.0 ms, memory usage: 1783 MB
2021-11-18T14:15:06.844 >> Analyzing: 6 planes with 2 satellites at 20.0 degrees. Complexity level: 3 > MCG: 45.15992 - computation time: 941427.0 ms, memory usage: 1918 MB
2021-11-18T14:15:06.844 >> SOLUTION!: 6 planes with 2 satellites at 20.0 degrees. MCG: 45.15992
2021-11-18T14:15:10.216 >> Analyzing: 6 planes with 3 satellites at 0.0 degrees. Complexity level: 0 > MCG: 1440.0 - computation time: 3277.0 ms, memory usage: 2167 MB
2021-11-18T14:15:10.218 >> Discarded: 6 planes with 3 satellites at 0.0 degrees. Complexity level: 0 > MCG: 1440.0
2021-11-18T14:15:13.350 >> Analyzing: 6 planes with 3 satellites at 5.0 degrees. Complexity level: 0 > MCG: 1440.0 - computation time: 2934.0 ms, memory usage: 1941 MB
2021-11-18T14:15:13.350 >> Discarded: 6 planes with 3 satellites at 5.0 degrees. Complexity level: 0 > MCG: 1440.0
2021-11-18T14:15:15.909 >> Analyzing: 6 planes with 3 satellites at 10.0 degrees. Complexity level: 0 > MCG: 1440.0 - computation time: 2465.0 ms, memory usage: 2131 MB
2021-11-18T14:15:15.909 >> Discarded: 6 planes with 3 satellites at 10.0 degrees. Complexity level: 0 > MCG: 1440.0
2021-11-18T14:15:18.323 >> Analyzing: 6 planes with 3 satellites at 15.0 degrees. Complexity level: 0 > MCG: 30.9037 - computation time: 2198.0 ms, memory usage: 1893 MB
2021-11-18T14:15:29.776 >> Analyzing: 6 planes with 3 satellites at 15.0 degrees. Complexity level: 1 > MCG: 30.93935 - computation time: 10822.0 ms, memory usage: 2235 MB
2021-11-18T14:21:22.062 >> Analyzing: 6 planes with 3 satellites at 15.0 degrees. Complexity level: 2 > MCG: 258.91268 - computation time: 350454.0 ms, memory usage: 2104 MB
2021-11-18T14:21:22.062 >> Discarded: 6 planes with 3 satellites at 15.0 degrees. Complexity level: 2 > MCG: 258.91268
2021-11-18T14:21:24.336 >> Analyzing: 6 planes with 3 satellites at 20.0 degrees. Complexity level: 0 > MCG: 25.48197 - computation time: 2165.0 ms, memory usage: 2086 MB
2021-11-18T14:21:35.267 >> Analyzing: 6 planes with 3 satellites at 20.0 degrees. Complexity level: 1 > MCG: 25.48728 - computation time: 10463.0 ms, memory usage: 2063 MB
2021-11-18T14:27:46.106 >> Analyzing: 6 planes with 3 satellites at 20.0 degrees. Complexity level: 2 > MCG: 26.97088 - computation time: 368964.0 ms, memory usage: 2238 MB
2021-11-18T14:51:51.204 >> Analyzing: 6 planes with 3 satellites at 20.0 degrees. Complexity level: 3 > MCG: 28.1304 - computation time: 1436925.0 ms, memory usage: 2456 MB
2021-11-18T14:51:51.204 >> SOLUTION!: 6 planes with 3 satellites at 20.0 degrees. MCG: 28.1304
====================================================================== STATISTICS ======================================================================
Total compute time: 13060285 ms.
11 Solutions found
Solutions rejected at each complexity step: / 0: 168 / 1: 3 / 2: 9 / 3: 1 / 
====================================================================== SOLUTIONS ======================================================================
3 planes with 2 satellites each, at 25.0 degrees of inclination. MCG: 119.86642
3 planes with 3 satellites each, at 25.0 degrees of inclination. MCG: 70.61263
4 planes with 1 satellites each, at 25.0 degrees of inclination. MCG: 94.33918
4 planes with 2 satellites each, at 25.0 degrees of inclination. MCG: 44.23245
4 planes with 3 satellites each, at 20.0 degrees of inclination. MCG: 77.76738
5 planes with 1 satellites each, at 20.0 degrees of inclination. MCG: 97.74875
5 planes with 2 satellites each, at 20.0 degrees of inclination. MCG: 46.80277
5 planes with 3 satellites each, at 20.0 degrees of inclination. MCG: 29.95363
6 planes with 1 satellites each, at 20.0 degrees of inclination. MCG: 96.48805
6 planes with 2 satellites each, at 20.0 degrees of inclination. MCG: 45.15992
6 planes with 3 satellites each, at 20.0 degrees of inclination. MCG: 28.1304
