Starting analysis at 2021-11-18T11-01-37.990
Scenario start: 2020-03-20T11:00:00.000 - Scenario end: 2020-03-27T11:00:00.000
Target MCG: 120.0 - Maximum latitude band: 0.0 Degrees - complexity 0 - Search date 2020-03-21T11:00:00.000
Minimum number of planes: 1 - Maximum number of planes: 6
Minimum sats per plane: 1 - Maximum sats per planes: 3
Minimum inclination: 0.0 - Maximum inclination: 90.0
Inclination step: 5.0 Degrees
====================================================================== PROGRESS ======================================================================
2021-11-18T11:01:40.044 >> Analyzing: 1 planes with 1 satellites at 0.0 degrees. Complexity level: 0 > MCG: 1440.0 - computation time: 512.0 ms, memory usage: 56 MB
2021-11-18T11:01:40.044 >> Discarded: 1 planes with 1 satellites at 0.0 degrees. Complexity level: 0 > MCG: 1440.0
2021-11-18T11:01:40.295 >> Analyzing: 1 planes with 1 satellites at 5.0 degrees. Complexity level: 0 > MCG: 1440.0 - computation time: 142.0 ms, memory usage: 248 MB
2021-11-18T11:01:40.295 >> Discarded: 1 planes with 1 satellites at 5.0 degrees. Complexity level: 0 > MCG: 1440.0
2021-11-18T11:01:40.486 >> Analyzing: 1 planes with 1 satellites at 10.0 degrees. Complexity level: 0 > MCG: 1440.0 - computation time: 110.0 ms, memory usage: 159 MB
2021-11-18T11:01:40.486 >> Discarded: 1 planes with 1 satellites at 10.0 degrees. Complexity level: 0 > MCG: 1440.0
2021-11-18T11:01:40.761 >> Analyzing: 1 planes with 1 satellites at 15.0 degrees. Complexity level: 0 > MCG: 1440.0 - computation time: 118.0 ms, memory usage: 63 MB
2021-11-18T11:01:40.762 >> Discarded: 1 planes with 1 satellites at 15.0 degrees. Complexity level: 0 > MCG: 1440.0
2021-11-18T11:01:40.964 >> Analyzing: 1 planes with 1 satellites at 20.0 degrees. Complexity level: 0 > MCG: 1440.0 - computation time: 109.0 ms, memory usage: 255 MB
2021-11-18T11:01:40.964 >> Discarded: 1 planes with 1 satellites at 20.0 degrees. Complexity level: 0 > MCG: 1440.0
2021-11-18T11:01:41.121 >> Analyzing: 1 planes with 1 satellites at 25.0 degrees. Complexity level: 0 > MCG: 1440.0 - computation time: 94.0 ms, memory usage: 165 MB
2021-11-18T11:01:41.121 >> Discarded: 1 planes with 1 satellites at 25.0 degrees. Complexity level: 0 > MCG: 1440.0
2021-11-18T11:01:41.322 >> Analyzing: 1 planes with 1 satellites at 30.0 degrees. Complexity level: 0 > MCG: 1440.0 - computation time: 138.0 ms, memory usage: 73 MB
2021-11-18T11:01:41.323 >> Discarded: 1 planes with 1 satellites at 30.0 degrees. Complexity level: 0 > MCG: 1440.0
2021-11-18T11:01:41.602 >> Analyzing: 1 planes with 1 satellites at 35.0 degrees. Complexity level: 0 > MCG: 1440.0 - computation time: 129.0 ms, memory usage: 267 MB
2021-11-18T11:01:41.603 >> Discarded: 1 planes with 1 satellites at 35.0 degrees. Complexity level: 0 > MCG: 1440.0
2021-11-18T11:01:41.975 >> Analyzing: 1 planes with 1 satellites at 40.0 degrees. Complexity level: 0 > MCG: 1440.0 - computation time: 201.0 ms, memory usage: 121 MB
2021-11-18T11:01:41.975 >> Discarded: 1 planes with 1 satellites at 40.0 degrees. Complexity level: 0 > MCG: 1440.0
2021-11-18T11:01:42.163 >> Analyzing: 1 planes with 1 satellites at 45.0 degrees. Complexity level: 0 > MCG: 94.13787 - computation time: 125.0 ms, memory usage: 319 MB
2021-11-18T11:01:42.762 >> Analyzing: 1 planes with 1 satellites at 45.0 degrees. Complexity level: 1 > MCG: 1440.0 - computation time: 355.0 ms, memory usage: 253 MB
2021-11-18T11:01:42.763 >> Discarded: 1 planes with 1 satellites at 45.0 degrees. Complexity level: 1 > MCG: 1440.0
2021-11-18T11:01:42.998 >> Analyzing: 1 planes with 1 satellites at 50.0 degrees. Complexity level: 0 > MCG: 846.42483 - computation time: 173.0 ms, memory usage: 108 MB
2021-11-18T11:01:42.998 >> Discarded: 1 planes with 1 satellites at 50.0 degrees. Complexity level: 0 > MCG: 846.42483
2021-11-18T11:01:43.200 >> Analyzing: 1 planes with 1 satellites at 55.0 degrees. Complexity level: 0 > MCG: 844.02822 - computation time: 125.0 ms, memory usage: 308 MB
2021-11-18T11:01:43.200 >> Discarded: 1 planes with 1 satellites at 55.0 degrees. Complexity level: 0 > MCG: 844.02822
2021-11-18T11:01:43.413 >> Analyzing: 1 planes with 1 satellites at 60.0 degrees. Complexity level: 0 > MCG: 842.90838 - computation time: 118.0 ms, memory usage: 89 MB
2021-11-18T11:01:43.413 >> Discarded: 1 planes with 1 satellites at 60.0 degrees. Complexity level: 0 > MCG: 842.90838
2021-11-18T11:01:43.576 >> Analyzing: 1 planes with 1 satellites at 65.0 degrees. Complexity level: 0 > MCG: 853.77975 - computation time: 101.0 ms, memory usage: 291 MB
2021-11-18T11:01:43.576 >> Discarded: 1 planes with 1 satellites at 65.0 degrees. Complexity level: 0 > MCG: 853.77975
2021-11-18T11:01:43.806 >> Analyzing: 1 planes with 1 satellites at 70.0 degrees. Complexity level: 0 > MCG: 757.81028 - computation time: 167.0 ms, memory usage: 77 MB
2021-11-18T11:01:43.807 >> Discarded: 1 planes with 1 satellites at 70.0 degrees. Complexity level: 0 > MCG: 757.81028
2021-11-18T11:01:44.015 >> Analyzing: 1 planes with 1 satellites at 75.0 degrees. Complexity level: 0 > MCG: 739.79083 - computation time: 142.0 ms, memory usage: 279 MB
2021-11-18T11:01:44.015 >> Discarded: 1 planes with 1 satellites at 75.0 degrees. Complexity level: 0 > MCG: 739.79083
2021-11-18T11:01:44.204 >> Analyzing: 1 planes with 1 satellites at 80.0 degrees. Complexity level: 0 > MCG: 657.86505 - computation time: 112.0 ms, memory usage: 68 MB
2021-11-18T11:01:44.204 >> Discarded: 1 planes with 1 satellites at 80.0 degrees. Complexity level: 0 > MCG: 657.86505
2021-11-18T11:01:44.403 >> Analyzing: 1 planes with 1 satellites at 85.0 degrees. Complexity level: 0 > MCG: 647.94348 - computation time: 152.0 ms, memory usage: 272 MB
2021-11-18T11:01:44.403 >> Discarded: 1 planes with 1 satellites at 85.0 degrees. Complexity level: 0 > MCG: 647.94348
2021-11-18T11:01:44.580 >> Analyzing: 1 planes with 1 satellites at 90.0 degrees. Complexity level: 0 > MCG: 643.2482 - computation time: 126.0 ms, memory usage: 58 MB
2021-11-18T11:01:44.580 >> Discarded: 1 planes with 1 satellites at 90.0 degrees. Complexity level: 0 > MCG: 643.2482
2021-11-18T11:01:44.858 >> Analyzing: 1 planes with 2 satellites at 0.0 degrees. Complexity level: 0 > MCG: 1440.0 - computation time: 230.0 ms, memory usage: 406 MB
2021-11-18T11:01:44.858 >> Discarded: 1 planes with 2 satellites at 0.0 degrees. Complexity level: 0 > MCG: 1440.0
2021-11-18T11:01:45.161 >> Analyzing: 1 planes with 2 satellites at 5.0 degrees. Complexity level: 0 > MCG: 1440.0 - computation time: 240.0 ms, memory usage: 335 MB
2021-11-18T11:01:45.161 >> Discarded: 1 planes with 2 satellites at 5.0 degrees. Complexity level: 0 > MCG: 1440.0
2021-11-18T11:01:45.459 >> Analyzing: 1 planes with 2 satellites at 10.0 degrees. Complexity level: 0 > MCG: 1440.0 - computation time: 252.0 ms, memory usage: 261 MB
2021-11-18T11:01:45.459 >> Discarded: 1 planes with 2 satellites at 10.0 degrees. Complexity level: 0 > MCG: 1440.0
2021-11-18T11:01:45.731 >> Analyzing: 1 planes with 2 satellites at 15.0 degrees. Complexity level: 0 > MCG: 1440.0 - computation time: 215.0 ms, memory usage: 185 MB
2021-11-18T11:01:45.732 >> Discarded: 1 planes with 2 satellites at 15.0 degrees. Complexity level: 0 > MCG: 1440.0
2021-11-18T11:01:46.241 >> Analyzing: 1 planes with 2 satellites at 20.0 degrees. Complexity level: 0 > MCG: 1440.0 - computation time: 424.0 ms, memory usage: 103 MB
2021-11-18T11:01:46.241 >> Discarded: 1 planes with 2 satellites at 20.0 degrees. Complexity level: 0 > MCG: 1440.0
2021-11-18T11:01:46.523 >> Analyzing: 1 planes with 2 satellites at 25.0 degrees. Complexity level: 0 > MCG: 1440.0 - computation time: 230.0 ms, memory usage: 453 MB
2021-11-18T11:01:46.523 >> Discarded: 1 planes with 2 satellites at 25.0 degrees. Complexity level: 0 > MCG: 1440.0
2021-11-18T11:01:46.795 >> Analyzing: 1 planes with 2 satellites at 30.0 degrees. Complexity level: 0 > MCG: 1440.0 - computation time: 226.0 ms, memory usage: 293 MB
2021-11-18T11:01:46.796 >> Discarded: 1 planes with 2 satellites at 30.0 degrees. Complexity level: 0 > MCG: 1440.0
2021-11-18T11:01:47.033 >> Analyzing: 1 planes with 2 satellites at 35.0 degrees. Complexity level: 0 > MCG: 1440.0 - computation time: 204.0 ms, memory usage: 129 MB
2021-11-18T11:01:47.033 >> Discarded: 1 planes with 2 satellites at 35.0 degrees. Complexity level: 0 > MCG: 1440.0
2021-11-18T11:01:47.375 >> Analyzing: 1 planes with 2 satellites at 40.0 degrees. Complexity level: 0 > MCG: 1440.0 - computation time: 295.0 ms, memory usage: 487 MB
2021-11-18T11:01:47.376 >> Discarded: 1 planes with 2 satellites at 40.0 degrees. Complexity level: 0 > MCG: 1440.0
2021-11-18T11:01:47.830 >> Analyzing: 1 planes with 2 satellites at 45.0 degrees. Complexity level: 0 > MCG: 943.81843 - computation time: 376.0 ms, memory usage: 335 MB
2021-11-18T11:01:47.830 >> Discarded: 1 planes with 2 satellites at 45.0 degrees. Complexity level: 0 > MCG: 943.81843
2021-11-18T11:01:48.144 >> Analyzing: 1 planes with 2 satellites at 50.0 degrees. Complexity level: 0 > MCG: 846.42483 - computation time: 252.0 ms, memory usage: 181 MB
2021-11-18T11:01:48.144 >> Discarded: 1 planes with 2 satellites at 50.0 degrees. Complexity level: 0 > MCG: 846.42483
2021-11-18T11:01:48.426 >> Analyzing: 1 planes with 2 satellites at 55.0 degrees. Complexity level: 0 > MCG: 844.02822 - computation time: 235.0 ms, memory usage: 31 MB
2021-11-18T11:01:48.427 >> Discarded: 1 planes with 2 satellites at 55.0 degrees. Complexity level: 0 > MCG: 844.02822
2021-11-18T11:01:48.763 >> Analyzing: 1 planes with 2 satellites at 60.0 degrees. Complexity level: 0 > MCG: 904.5092 - computation time: 240.0 ms, memory usage: 399 MB
2021-11-18T11:01:48.764 >> Discarded: 1 planes with 2 satellites at 60.0 degrees. Complexity level: 0 > MCG: 904.5092
2021-11-18T11:01:49.368 >> Analyzing: 1 planes with 2 satellites at 65.0 degrees. Complexity level: 0 > MCG: 806.7543 - computation time: 314.0 ms, memory usage: 257 MB
2021-11-18T11:01:49.369 >> Discarded: 1 planes with 2 satellites at 65.0 degrees. Complexity level: 0 > MCG: 806.7543
2021-11-18T11:01:49.651 >> Analyzing: 1 planes with 2 satellites at 70.0 degrees. Complexity level: 0 > MCG: 710.18648 - computation time: 251.0 ms, memory usage: 109 MB
2021-11-18T11:01:49.651 >> Discarded: 1 planes with 2 satellites at 70.0 degrees. Complexity level: 0 > MCG: 710.18648
2021-11-18T11:01:49.926 >> Analyzing: 1 planes with 2 satellites at 75.0 degrees. Complexity level: 0 > MCG: 659.94363 - computation time: 205.0 ms, memory usage: 481 MB
2021-11-18T11:01:49.926 >> Discarded: 1 planes with 2 satellites at 75.0 degrees. Complexity level: 0 > MCG: 659.94363
2021-11-18T11:01:50.166 >> Analyzing: 1 planes with 2 satellites at 80.0 degrees. Complexity level: 0 > MCG: 606.5833 - computation time: 209.0 ms, memory usage: 339 MB
2021-11-18T11:01:50.167 >> Discarded: 1 planes with 2 satellites at 80.0 degrees. Complexity level: 0 > MCG: 606.5833
2021-11-18T11:01:50.501 >> Analyzing: 1 planes with 2 satellites at 85.0 degrees. Complexity level: 0 > MCG: 596.90377 - computation time: 290.0 ms, memory usage: 193 MB
2021-11-18T11:01:50.502 >> Discarded: 1 planes with 2 satellites at 85.0 degrees. Complexity level: 0 > MCG: 596.90377
2021-11-18T11:01:50.761 >> Analyzing: 1 planes with 2 satellites at 90.0 degrees. Complexity level: 0 > MCG: 555.15292 - computation time: 211.0 ms, memory usage: 45 MB
2021-11-18T11:01:50.762 >> Discarded: 1 planes with 2 satellites at 90.0 degrees. Complexity level: 0 > MCG: 555.15292
2021-11-18T11:01:51.241 >> Analyzing: 1 planes with 3 satellites at 0.0 degrees. Complexity level: 0 > MCG: 1440.0 - computation time: 377.0 ms, memory usage: 29 MB
2021-11-18T11:01:51.242 >> Discarded: 1 planes with 3 satellites at 0.0 degrees. Complexity level: 0 > MCG: 1440.0
2021-11-18T11:01:51.634 >> Analyzing: 1 planes with 3 satellites at 5.0 degrees. Complexity level: 0 > MCG: 1440.0 - computation time: 270.0 ms, memory usage: 533 MB
2021-11-18T11:01:51.649 >> Discarded: 1 planes with 3 satellites at 5.0 degrees. Complexity level: 0 > MCG: 1440.0
2021-11-18T11:01:52.035 >> Analyzing: 1 planes with 3 satellites at 10.0 degrees. Complexity level: 0 > MCG: 1440.0 - computation time: 351.0 ms, memory usage: 518 MB
2021-11-18T11:01:52.035 >> Discarded: 1 planes with 3 satellites at 10.0 degrees. Complexity level: 0 > MCG: 1440.0
2021-11-18T11:01:52.352 >> Analyzing: 1 planes with 3 satellites at 15.0 degrees. Complexity level: 0 > MCG: 1440.0 - computation time: 268.0 ms, memory usage: 509 MB
2021-11-18T11:01:52.352 >> Discarded: 1 planes with 3 satellites at 15.0 degrees. Complexity level: 0 > MCG: 1440.0
2021-11-18T11:01:52.866 >> Analyzing: 1 planes with 3 satellites at 20.0 degrees. Complexity level: 0 > MCG: 1440.0 - computation time: 418.0 ms, memory usage: 502 MB
2021-11-18T11:01:52.866 >> Discarded: 1 planes with 3 satellites at 20.0 degrees. Complexity level: 0 > MCG: 1440.0
2021-11-18T11:01:53.259 >> Analyzing: 1 planes with 3 satellites at 25.0 degrees. Complexity level: 0 > MCG: 1440.0 - computation time: 346.0 ms, memory usage: 494 MB
2021-11-18T11:01:53.259 >> Discarded: 1 planes with 3 satellites at 25.0 degrees. Complexity level: 0 > MCG: 1440.0
2021-11-18T11:01:53.595 >> Analyzing: 1 planes with 3 satellites at 30.0 degrees. Complexity level: 0 > MCG: 1440.0 - computation time: 289.0 ms, memory usage: 491 MB
2021-11-18T11:01:53.595 >> Discarded: 1 planes with 3 satellites at 30.0 degrees. Complexity level: 0 > MCG: 1440.0
2021-11-18T11:01:53.930 >> Analyzing: 1 planes with 3 satellites at 35.0 degrees. Complexity level: 0 > MCG: 1440.0 - computation time: 283.0 ms, memory usage: 487 MB
2021-11-18T11:01:53.930 >> Discarded: 1 planes with 3 satellites at 35.0 degrees. Complexity level: 0 > MCG: 1440.0
2021-11-18T11:01:54.452 >> Analyzing: 1 planes with 3 satellites at 40.0 degrees. Complexity level: 0 > MCG: 1440.0 - computation time: 444.0 ms, memory usage: 487 MB
2021-11-18T11:01:54.452 >> Discarded: 1 planes with 3 satellites at 40.0 degrees. Complexity level: 0 > MCG: 1440.0
2021-11-18T11:01:54.902 >> Analyzing: 1 planes with 3 satellites at 45.0 degrees. Complexity level: 0 > MCG: 911.98805 - computation time: 402.0 ms, memory usage: 493 MB
2021-11-18T11:01:54.903 >> Discarded: 1 planes with 3 satellites at 45.0 degrees. Complexity level: 0 > MCG: 911.98805
2021-11-18T11:01:55.233 >> Analyzing: 1 planes with 3 satellites at 50.0 degrees. Complexity level: 0 > MCG: 846.42483 - computation time: 287.0 ms, memory usage: 505 MB
2021-11-18T11:01:55.233 >> Discarded: 1 planes with 3 satellites at 50.0 degrees. Complexity level: 0 > MCG: 846.42483
2021-11-18T11:01:55.721 >> Analyzing: 1 planes with 3 satellites at 55.0 degrees. Complexity level: 0 > MCG: 812.67452 - computation time: 452.0 ms, memory usage: 519 MB
2021-11-18T11:01:55.722 >> Discarded: 1 planes with 3 satellites at 55.0 degrees. Complexity level: 0 > MCG: 812.67452
2021-11-18T11:01:56.168 >> Analyzing: 1 planes with 3 satellites at 60.0 degrees. Complexity level: 0 > MCG: 888.59103 - computation time: 376.0 ms, memory usage: 536 MB
2021-11-18T11:01:56.168 >> Discarded: 1 planes with 3 satellites at 60.0 degrees. Complexity level: 0 > MCG: 888.59103
2021-11-18T11:01:56.599 >> Analyzing: 1 planes with 3 satellites at 65.0 degrees. Complexity level: 0 > MCG: 791.05568 - computation time: 384.0 ms, memory usage: 33 MB
2021-11-18T11:01:56.599 >> Discarded: 1 planes with 3 satellites at 65.0 degrees. Complexity level: 0 > MCG: 791.05568
2021-11-18T11:01:56.939 >> Analyzing: 1 planes with 3 satellites at 70.0 degrees. Complexity level: 0 > MCG: 694.73175 - computation time: 293.0 ms, memory usage: 53 MB
2021-11-18T11:01:56.940 >> Discarded: 1 planes with 3 satellites at 70.0 degrees. Complexity level: 0 > MCG: 694.73175
2021-11-18T11:01:57.259 >> Analyzing: 1 planes with 3 satellites at 75.0 degrees. Complexity level: 0 > MCG: 650.10283 - computation time: 283.0 ms, memory usage: 73 MB
2021-11-18T11:01:57.260 >> Discarded: 1 planes with 3 satellites at 75.0 degrees. Complexity level: 0 > MCG: 650.10283
2021-11-18T11:01:57.618 >> Analyzing: 1 planes with 3 satellites at 80.0 degrees. Complexity level: 0 > MCG: 617.76632 - computation time: 286.0 ms, memory usage: 95 MB
2021-11-18T11:01:57.618 >> Discarded: 1 planes with 3 satellites at 80.0 degrees. Complexity level: 0 > MCG: 617.76632
2021-11-18T11:01:57.967 >> Analyzing: 1 planes with 3 satellites at 85.0 degrees. Complexity level: 0 > MCG: 581.99888 - computation time: 302.0 ms, memory usage: 115 MB
2021-11-18T11:01:57.967 >> Discarded: 1 planes with 3 satellites at 85.0 degrees. Complexity level: 0 > MCG: 581.99888
2021-11-18T11:01:58.303 >> Analyzing: 1 planes with 3 satellites at 90.0 degrees. Complexity level: 0 > MCG: 550.34608 - computation time: 304.0 ms, memory usage: 135 MB
2021-11-18T11:01:58.303 >> Discarded: 1 planes with 3 satellites at 90.0 degrees. Complexity level: 0 > MCG: 550.34608
2021-11-18T11:01:58.503 >> Analyzing: 2 planes with 1 satellites at 0.0 degrees. Complexity level: 0 > MCG: 1440.0 - computation time: 166.0 ms, memory usage: 481 MB
2021-11-18T11:01:58.503 >> Discarded: 2 planes with 1 satellites at 0.0 degrees. Complexity level: 0 > MCG: 1440.0
2021-11-18T11:01:58.722 >> Analyzing: 2 planes with 1 satellites at 5.0 degrees. Complexity level: 0 > MCG: 1440.0 - computation time: 184.0 ms, memory usage: 315 MB
2021-11-18T11:01:58.722 >> Discarded: 2 planes with 1 satellites at 5.0 degrees. Complexity level: 0 > MCG: 1440.0
2021-11-18T11:01:58.972 >> Analyzing: 2 planes with 1 satellites at 10.0 degrees. Complexity level: 0 > MCG: 1440.0 - computation time: 207.0 ms, memory usage: 145 MB
2021-11-18T11:01:58.972 >> Discarded: 2 planes with 1 satellites at 10.0 degrees. Complexity level: 0 > MCG: 1440.0
2021-11-18T11:01:59.208 >> Analyzing: 2 planes with 1 satellites at 15.0 degrees. Complexity level: 0 > MCG: 1440.0 - computation time: 189.0 ms, memory usage: 493 MB
2021-11-18T11:01:59.208 >> Discarded: 2 planes with 1 satellites at 15.0 degrees. Complexity level: 0 > MCG: 1440.0
2021-11-18T11:01:59.425 >> Analyzing: 2 planes with 1 satellites at 20.0 degrees. Complexity level: 0 > MCG: 1440.0 - computation time: 186.0 ms, memory usage: 327 MB
2021-11-18T11:01:59.425 >> Discarded: 2 planes with 1 satellites at 20.0 degrees. Complexity level: 0 > MCG: 1440.0
2021-11-18T11:01:59.648 >> Analyzing: 2 planes with 1 satellites at 25.0 degrees. Complexity level: 0 > MCG: 1440.0 - computation time: 188.0 ms, memory usage: 159 MB
2021-11-18T11:01:59.648 >> Discarded: 2 planes with 1 satellites at 25.0 degrees. Complexity level: 0 > MCG: 1440.0
2021-11-18T11:01:59.864 >> Analyzing: 2 planes with 1 satellites at 30.0 degrees. Complexity level: 0 > MCG: 1440.0 - computation time: 185.0 ms, memory usage: 513 MB
2021-11-18T11:01:59.864 >> Discarded: 2 planes with 1 satellites at 30.0 degrees. Complexity level: 0 > MCG: 1440.0
2021-11-18T11:02:00.087 >> Analyzing: 2 planes with 1 satellites at 35.0 degrees. Complexity level: 0 > MCG: 1440.0 - computation time: 177.0 ms, memory usage: 356 MB
2021-11-18T11:02:00.087 >> Discarded: 2 planes with 1 satellites at 35.0 degrees. Complexity level: 0 > MCG: 1440.0
2021-11-18T11:02:00.307 >> Analyzing: 2 planes with 1 satellites at 40.0 degrees. Complexity level: 0 > MCG: 1440.0 - computation time: 188.0 ms, memory usage: 197 MB
2021-11-18T11:02:00.307 >> Discarded: 2 planes with 1 satellites at 40.0 degrees. Complexity level: 0 > MCG: 1440.0
2021-11-18T11:02:00.527 >> Analyzing: 2 planes with 1 satellites at 45.0 degrees. Complexity level: 0 > MCG: 777.3789 - computation time: 186.0 ms, memory usage: 39 MB
2021-11-18T11:02:00.527 >> Discarded: 2 planes with 1 satellites at 45.0 degrees. Complexity level: 0 > MCG: 777.3789
2021-11-18T11:02:00.748 >> Analyzing: 2 planes with 1 satellites at 50.0 degrees. Complexity level: 0 > MCG: 473.51495 - computation time: 190.0 ms, memory usage: 405 MB
2021-11-18T11:02:00.749 >> Discarded: 2 planes with 1 satellites at 50.0 degrees. Complexity level: 0 > MCG: 473.51495
2021-11-18T11:02:00.968 >> Analyzing: 2 planes with 1 satellites at 55.0 degrees. Complexity level: 0 > MCG: 371.81337 - computation time: 179.0 ms, memory usage: 259 MB
2021-11-18T11:02:00.968 >> Discarded: 2 planes with 1 satellites at 55.0 degrees. Complexity level: 0 > MCG: 371.81337
2021-11-18T11:02:01.186 >> Analyzing: 2 planes with 1 satellites at 60.0 degrees. Complexity level: 0 > MCG: 272.12793 - computation time: 186.0 ms, memory usage: 111 MB
2021-11-18T11:02:01.186 >> Discarded: 2 planes with 1 satellites at 60.0 degrees. Complexity level: 0 > MCG: 272.12793
2021-11-18T11:02:01.412 >> Analyzing: 2 planes with 1 satellites at 65.0 degrees. Complexity level: 0 > MCG: 400.03302 - computation time: 195.0 ms, memory usage: 481 MB
2021-11-18T11:02:01.412 >> Discarded: 2 planes with 1 satellites at 65.0 degrees. Complexity level: 0 > MCG: 400.03302
2021-11-18T11:02:01.625 >> Analyzing: 2 planes with 1 satellites at 70.0 degrees. Complexity level: 0 > MCG: 499.78633 - computation time: 181.0 ms, memory usage: 337 MB
2021-11-18T11:02:01.641 >> Discarded: 2 planes with 1 satellites at 70.0 degrees. Complexity level: 0 > MCG: 499.78633
2021-11-18T11:02:01.859 >> Analyzing: 2 planes with 1 satellites at 75.0 degrees. Complexity level: 0 > MCG: 501.36922 - computation time: 186.0 ms, memory usage: 191 MB
2021-11-18T11:02:01.859 >> Discarded: 2 planes with 1 satellites at 75.0 degrees. Complexity level: 0 > MCG: 501.36922
2021-11-18T11:02:02.110 >> Analyzing: 2 planes with 1 satellites at 80.0 degrees. Complexity level: 0 > MCG: 505.26877 - computation time: 204.0 ms, memory usage: 43 MB
2021-11-18T11:02:02.110 >> Discarded: 2 planes with 1 satellites at 80.0 degrees. Complexity level: 0 > MCG: 505.26877
2021-11-18T11:02:02.353 >> Analyzing: 2 planes with 1 satellites at 85.0 degrees. Complexity level: 0 > MCG: 575.4106 - computation time: 208.0 ms, memory usage: 415 MB
2021-11-18T11:02:02.353 >> Discarded: 2 planes with 1 satellites at 85.0 degrees. Complexity level: 0 > MCG: 575.4106
2021-11-18T11:02:02.600 >> Analyzing: 2 planes with 1 satellites at 90.0 degrees. Complexity level: 0 > MCG: 575.40317 - computation time: 210.0 ms, memory usage: 271 MB
2021-11-18T11:02:02.600 >> Discarded: 2 planes with 1 satellites at 90.0 degrees. Complexity level: 0 > MCG: 575.40317
2021-11-18T11:02:02.998 >> Analyzing: 2 planes with 2 satellites at 0.0 degrees. Complexity level: 0 > MCG: 1440.0 - computation time: 360.0 ms, memory usage: 415 MB
2021-11-18T11:02:02.999 >> Discarded: 2 planes with 2 satellites at 0.0 degrees. Complexity level: 0 > MCG: 1440.0
2021-11-18T11:02:03.400 >> Analyzing: 2 planes with 2 satellites at 5.0 degrees. Complexity level: 0 > MCG: 1440.0 - computation time: 364.0 ms, memory usage: 31 MB
2021-11-18T11:02:03.401 >> Discarded: 2 planes with 2 satellites at 5.0 degrees. Complexity level: 0 > MCG: 1440.0
2021-11-18T11:02:03.797 >> Analyzing: 2 planes with 2 satellites at 10.0 degrees. Complexity level: 0 > MCG: 1440.0 - computation time: 358.0 ms, memory usage: 175 MB
2021-11-18T11:02:03.797 >> Discarded: 2 planes with 2 satellites at 10.0 degrees. Complexity level: 0 > MCG: 1440.0
2021-11-18T11:02:04.301 >> Analyzing: 2 planes with 2 satellites at 15.0 degrees. Complexity level: 0 > MCG: 1440.0 - computation time: 473.0 ms, memory usage: 317 MB
2021-11-18T11:02:04.302 >> Discarded: 2 planes with 2 satellites at 15.0 degrees. Complexity level: 0 > MCG: 1440.0
2021-11-18T11:02:05.014 >> Analyzing: 2 planes with 2 satellites at 20.0 degrees. Complexity level: 0 > MCG: 1440.0 - computation time: 526.0 ms, memory usage: 463 MB
2021-11-18T11:02:05.014 >> Discarded: 2 planes with 2 satellites at 20.0 degrees. Complexity level: 0 > MCG: 1440.0
2021-11-18T11:02:05.587 >> Analyzing: 2 planes with 2 satellites at 25.0 degrees. Complexity level: 0 > MCG: 1440.0 - computation time: 520.0 ms, memory usage: 85 MB
2021-11-18T11:02:05.587 >> Discarded: 2 planes with 2 satellites at 25.0 degrees. Complexity level: 0 > MCG: 1440.0
2021-11-18T11:02:06.136 >> Analyzing: 2 planes with 2 satellites at 30.0 degrees. Complexity level: 0 > MCG: 1440.0 - computation time: 502.0 ms, memory usage: 243 MB
2021-11-18T11:02:06.136 >> Discarded: 2 planes with 2 satellites at 30.0 degrees. Complexity level: 0 > MCG: 1440.0
2021-11-18T11:02:06.714 >> Analyzing: 2 planes with 2 satellites at 35.0 degrees. Complexity level: 0 > MCG: 1440.0 - computation time: 515.0 ms, memory usage: 399 MB
2021-11-18T11:02:06.714 >> Discarded: 2 planes with 2 satellites at 35.0 degrees. Complexity level: 0 > MCG: 1440.0
2021-11-18T11:02:07.169 >> Analyzing: 2 planes with 2 satellites at 40.0 degrees. Complexity level: 0 > MCG: 1440.0 - computation time: 392.0 ms, memory usage: 37 MB
2021-11-18T11:02:07.169 >> Discarded: 2 planes with 2 satellites at 40.0 degrees. Complexity level: 0 > MCG: 1440.0
2021-11-18T11:02:07.797 >> Analyzing: 2 planes with 2 satellites at 45.0 degrees. Complexity level: 0 > MCG: 1440.0 - computation time: 581.0 ms, memory usage: 207 MB
2021-11-18T11:02:07.797 >> Discarded: 2 planes with 2 satellites at 45.0 degrees. Complexity level: 0 > MCG: 1440.0
2021-11-18T11:02:08.409 >> Analyzing: 2 planes with 2 satellites at 50.0 degrees. Complexity level: 0 > MCG: 424.35662 - computation time: 549.0 ms, memory usage: 385 MB
2021-11-18T11:02:08.409 >> Discarded: 2 planes with 2 satellites at 50.0 degrees. Complexity level: 0 > MCG: 424.35662
2021-11-18T11:02:08.963 >> Analyzing: 2 planes with 2 satellites at 55.0 degrees. Complexity level: 0 > MCG: 275.79305 - computation time: 505.0 ms, memory usage: 43 MB
2021-11-18T11:02:08.963 >> Discarded: 2 planes with 2 satellites at 55.0 degrees. Complexity level: 0 > MCG: 275.79305
2021-11-18T11:02:09.530 >> Analyzing: 2 planes with 2 satellites at 60.0 degrees. Complexity level: 0 > MCG: 223.76697 - computation time: 489.0 ms, memory usage: 231 MB
2021-11-18T11:02:09.531 >> Discarded: 2 planes with 2 satellites at 60.0 degrees. Complexity level: 0 > MCG: 223.76697
2021-11-18T11:02:10.013 >> Analyzing: 2 planes with 2 satellites at 65.0 degrees. Complexity level: 0 > MCG: 302.5944 - computation time: 433.0 ms, memory usage: 419 MB
2021-11-18T11:02:10.015 >> Discarded: 2 planes with 2 satellites at 65.0 degrees. Complexity level: 0 > MCG: 302.5944
2021-11-18T11:02:10.560 >> Analyzing: 2 planes with 2 satellites at 70.0 degrees. Complexity level: 0 > MCG: 402.16795 - computation time: 429.0 ms, memory usage: 81 MB
2021-11-18T11:02:10.561 >> Discarded: 2 planes with 2 satellites at 70.0 degrees. Complexity level: 0 > MCG: 402.16795
2021-11-18T11:02:11.113 >> Analyzing: 2 planes with 2 satellites at 75.0 degrees. Complexity level: 0 > MCG: 452.84198 - computation time: 504.0 ms, memory usage: 271 MB
2021-11-18T11:02:11.114 >> Discarded: 2 planes with 2 satellites at 75.0 degrees. Complexity level: 0 > MCG: 452.84198
2021-11-18T11:02:11.694 >> Analyzing: 2 planes with 2 satellites at 80.0 degrees. Complexity level: 0 > MCG: 502.93272 - computation time: 477.0 ms, memory usage: 461 MB
2021-11-18T11:02:11.694 >> Discarded: 2 planes with 2 satellites at 80.0 degrees. Complexity level: 0 > MCG: 502.93272
2021-11-18T11:02:12.223 >> Analyzing: 2 planes with 2 satellites at 85.0 degrees. Complexity level: 0 > MCG: 552.48108 - computation time: 482.0 ms, memory usage: 127 MB
2021-11-18T11:02:12.223 >> Discarded: 2 planes with 2 satellites at 85.0 degrees. Complexity level: 0 > MCG: 552.48108
2021-11-18T11:02:12.783 >> Analyzing: 2 planes with 2 satellites at 90.0 degrees. Complexity level: 0 > MCG: 531.20148 - computation time: 517.0 ms, memory usage: 317 MB
2021-11-18T11:02:12.783 >> Discarded: 2 planes with 2 satellites at 90.0 degrees. Complexity level: 0 > MCG: 531.20148
2021-11-18T11:02:13.494 >> Analyzing: 2 planes with 3 satellites at 0.0 degrees. Complexity level: 0 > MCG: 1440.0 - computation time: 644.0 ms, memory usage: 247 MB
2021-11-18T11:02:13.495 >> Discarded: 2 planes with 3 satellites at 0.0 degrees. Complexity level: 0 > MCG: 1440.0
2021-11-18T11:02:14.206 >> Analyzing: 2 planes with 3 satellites at 5.0 degrees. Complexity level: 0 > MCG: 1440.0 - computation time: 641.0 ms, memory usage: 179 MB
2021-11-18T11:02:14.206 >> Discarded: 2 planes with 3 satellites at 5.0 degrees. Complexity level: 0 > MCG: 1440.0
2021-11-18T11:02:14.909 >> Analyzing: 2 planes with 3 satellites at 10.0 degrees. Complexity level: 0 > MCG: 1440.0 - computation time: 664.0 ms, memory usage: 111 MB
2021-11-18T11:02:14.909 >> Discarded: 2 planes with 3 satellites at 10.0 degrees. Complexity level: 0 > MCG: 1440.0
2021-11-18T11:02:15.603 >> Analyzing: 2 planes with 3 satellites at 15.0 degrees. Complexity level: 0 > MCG: 1440.0 - computation time: 662.0 ms, memory usage: 45 MB
2021-11-18T11:02:15.605 >> Discarded: 2 planes with 3 satellites at 15.0 degrees. Complexity level: 0 > MCG: 1440.0
2021-11-18T11:02:16.772 >> Analyzing: 2 planes with 3 satellites at 20.0 degrees. Complexity level: 0 > MCG: 1440.0 - computation time: 1031.0 ms, memory usage: 509 MB
2021-11-18T11:02:16.773 >> Discarded: 2 planes with 3 satellites at 20.0 degrees. Complexity level: 0 > MCG: 1440.0
2021-11-18T11:02:17.451 >> Analyzing: 2 planes with 3 satellites at 25.0 degrees. Complexity level: 0 > MCG: 1440.0 - computation time: 614.0 ms, memory usage: 451 MB
2021-11-18T11:02:17.451 >> Discarded: 2 planes with 3 satellites at 25.0 degrees. Complexity level: 0 > MCG: 1440.0
2021-11-18T11:02:18.447 >> Analyzing: 2 planes with 3 satellites at 30.0 degrees. Complexity level: 0 > MCG: 1440.0 - computation time: 947.0 ms, memory usage: 401 MB
2021-11-18T11:02:18.448 >> Discarded: 2 planes with 3 satellites at 30.0 degrees. Complexity level: 0 > MCG: 1440.0
2021-11-18T11:02:19.287 >> Analyzing: 2 planes with 3 satellites at 35.0 degrees. Complexity level: 0 > MCG: 1440.0 - computation time: 762.0 ms, memory usage: 357 MB
2021-11-18T11:02:19.287 >> Discarded: 2 planes with 3 satellites at 35.0 degrees. Complexity level: 0 > MCG: 1440.0
2021-11-18T11:02:20.084 >> Analyzing: 2 planes with 3 satellites at 40.0 degrees. Complexity level: 0 > MCG: 1440.0 - computation time: 754.0 ms, memory usage: 321 MB
2021-11-18T11:02:20.085 >> Discarded: 2 planes with 3 satellites at 40.0 degrees. Complexity level: 0 > MCG: 1440.0
2021-11-18T11:02:20.885 >> Analyzing: 2 planes with 3 satellites at 45.0 degrees. Complexity level: 0 > MCG: 643.55803 - computation time: 749.0 ms, memory usage: 295 MB
2021-11-18T11:02:20.886 >> Discarded: 2 planes with 3 satellites at 45.0 degrees. Complexity level: 0 > MCG: 643.55803
2021-11-18T11:02:21.940 >> Analyzing: 2 planes with 3 satellites at 50.0 degrees. Complexity level: 0 > MCG: 408.19545 - computation time: 824.0 ms, memory usage: 281 MB
2021-11-18T11:02:21.941 >> Discarded: 2 planes with 3 satellites at 50.0 degrees. Complexity level: 0 > MCG: 408.19545
2021-11-18T11:02:22.653 >> Analyzing: 2 planes with 3 satellites at 55.0 degrees. Complexity level: 0 > MCG: 275.44262 - computation time: 663.0 ms, memory usage: 275 MB
2021-11-18T11:02:22.653 >> Discarded: 2 planes with 3 satellites at 55.0 degrees. Complexity level: 0 > MCG: 275.44262
2021-11-18T11:02:23.644 >> Analyzing: 2 planes with 3 satellites at 60.0 degrees. Complexity level: 0 > MCG: 176.40618 - computation time: 947.0 ms, memory usage: 275 MB
2021-11-18T11:02:23.644 >> Discarded: 2 planes with 3 satellites at 60.0 degrees. Complexity level: 0 > MCG: 176.40618
2021-11-18T11:02:24.439 >> Analyzing: 2 planes with 3 satellites at 65.0 degrees. Complexity level: 0 > MCG: 302.19792 - computation time: 751.0 ms, memory usage: 277 MB
2021-11-18T11:02:24.439 >> Discarded: 2 planes with 3 satellites at 65.0 degrees. Complexity level: 0 > MCG: 302.19792
2021-11-18T11:02:25.147 >> Analyzing: 2 planes with 3 satellites at 70.0 degrees. Complexity level: 0 > MCG: 370.23935 - computation time: 650.0 ms, memory usage: 281 MB
2021-11-18T11:02:25.147 >> Discarded: 2 planes with 3 satellites at 70.0 degrees. Complexity level: 0 > MCG: 370.23935
2021-11-18T11:02:25.854 >> Analyzing: 2 planes with 3 satellites at 75.0 degrees. Complexity level: 0 > MCG: 406.66695 - computation time: 665.0 ms, memory usage: 283 MB
2021-11-18T11:02:25.855 >> Discarded: 2 planes with 3 satellites at 75.0 degrees. Complexity level: 0 > MCG: 406.66695
2021-11-18T11:02:26.461 >> Analyzing: 2 planes with 3 satellites at 80.0 degrees. Complexity level: 0 > MCG: 471.66863 - computation time: 571.0 ms, memory usage: 289 MB
2021-11-18T11:02:26.462 >> Discarded: 2 planes with 3 satellites at 80.0 degrees. Complexity level: 0 > MCG: 471.66863
2021-11-18T11:02:27.090 >> Analyzing: 2 planes with 3 satellites at 85.0 degrees. Complexity level: 0 > MCG: 505.9596 - computation time: 585.0 ms, memory usage: 293 MB
2021-11-18T11:02:27.090 >> Discarded: 2 planes with 3 satellites at 85.0 degrees. Complexity level: 0 > MCG: 505.9596
2021-11-18T11:02:27.796 >> Analyzing: 2 planes with 3 satellites at 90.0 degrees. Complexity level: 0 > MCG: 539.66028 - computation time: 663.0 ms, memory usage: 295 MB
2021-11-18T11:02:27.796 >> Discarded: 2 planes with 3 satellites at 90.0 degrees. Complexity level: 0 > MCG: 539.66028
2021-11-18T11:02:28.125 >> Analyzing: 3 planes with 1 satellites at 0.0 degrees. Complexity level: 0 > MCG: 1440.0 - computation time: 285.0 ms, memory usage: 281 MB
2021-11-18T11:02:28.126 >> Discarded: 3 planes with 1 satellites at 0.0 degrees. Complexity level: 0 > MCG: 1440.0
2021-11-18T11:02:28.450 >> Analyzing: 3 planes with 1 satellites at 5.0 degrees. Complexity level: 0 > MCG: 1440.0 - computation time: 286.0 ms, memory usage: 267 MB
2021-11-18T11:02:28.450 >> Discarded: 3 planes with 1 satellites at 5.0 degrees. Complexity level: 0 > MCG: 1440.0
2021-11-18T11:02:28.765 >> Analyzing: 3 planes with 1 satellites at 10.0 degrees. Complexity level: 0 > MCG: 1440.0 - computation time: 279.0 ms, memory usage: 251 MB
2021-11-18T11:02:28.765 >> Discarded: 3 planes with 1 satellites at 10.0 degrees. Complexity level: 0 > MCG: 1440.0
2021-11-18T11:02:29.084 >> Analyzing: 3 planes with 1 satellites at 15.0 degrees. Complexity level: 0 > MCG: 1440.0 - computation time: 283.0 ms, memory usage: 235 MB
2021-11-18T11:02:29.084 >> Discarded: 3 planes with 1 satellites at 15.0 degrees. Complexity level: 0 > MCG: 1440.0
2021-11-18T11:02:29.403 >> Analyzing: 3 planes with 1 satellites at 20.0 degrees. Complexity level: 0 > MCG: 1440.0 - computation time: 283.0 ms, memory usage: 223 MB
2021-11-18T11:02:29.404 >> Discarded: 3 planes with 1 satellites at 20.0 degrees. Complexity level: 0 > MCG: 1440.0
2021-11-18T11:02:29.798 >> Analyzing: 3 planes with 1 satellites at 25.0 degrees. Complexity level: 0 > MCG: 1440.0 - computation time: 356.0 ms, memory usage: 213 MB
2021-11-18T11:02:29.798 >> Discarded: 3 planes with 1 satellites at 25.0 degrees. Complexity level: 0 > MCG: 1440.0
2021-11-18T11:02:30.193 >> Analyzing: 3 planes with 1 satellites at 30.0 degrees. Complexity level: 0 > MCG: 1440.0 - computation time: 353.0 ms, memory usage: 207 MB
2021-11-18T11:02:30.193 >> Discarded: 3 planes with 1 satellites at 30.0 degrees. Complexity level: 0 > MCG: 1440.0
2021-11-18T11:02:30.572 >> Analyzing: 3 planes with 1 satellites at 35.0 degrees. Complexity level: 0 > MCG: 1440.0 - computation time: 322.0 ms, memory usage: 205 MB
2021-11-18T11:02:30.572 >> Discarded: 3 planes with 1 satellites at 35.0 degrees. Complexity level: 0 > MCG: 1440.0
2021-11-18T11:02:31.064 >> Analyzing: 3 planes with 1 satellites at 40.0 degrees. Complexity level: 0 > MCG: 1440.0 - computation time: 451.0 ms, memory usage: 205 MB
2021-11-18T11:02:31.064 >> Discarded: 3 planes with 1 satellites at 40.0 degrees. Complexity level: 0 > MCG: 1440.0
2021-11-18T11:02:31.457 >> Analyzing: 3 planes with 1 satellites at 45.0 degrees. Complexity level: 0 > MCG: 484.66578 - computation time: 329.0 ms, memory usage: 211 MB
2021-11-18T11:02:31.458 >> Discarded: 3 planes with 1 satellites at 45.0 degrees. Complexity level: 0 > MCG: 484.66578
2021-11-18T11:02:31.906 >> Analyzing: 3 planes with 1 satellites at 50.0 degrees. Complexity level: 0 > MCG: 279.25225 - computation time: 394.0 ms, memory usage: 223 MB
2021-11-18T11:02:31.907 >> Discarded: 3 planes with 1 satellites at 50.0 degrees. Complexity level: 0 > MCG: 279.25225
2021-11-18T11:02:32.278 >> Analyzing: 3 planes with 1 satellites at 55.0 degrees. Complexity level: 0 > MCG: 177.93825 - computation time: 328.0 ms, memory usage: 239 MB
2021-11-18T11:02:32.278 >> Discarded: 3 planes with 1 satellites at 55.0 degrees. Complexity level: 0 > MCG: 177.93825
2021-11-18T11:02:32.918 >> Analyzing: 3 planes with 1 satellites at 60.0 degrees. Complexity level: 0 > MCG: 200.31332 - computation time: 595.0 ms, memory usage: 257 MB
2021-11-18T11:02:32.919 >> Discarded: 3 planes with 1 satellites at 60.0 degrees. Complexity level: 0 > MCG: 200.31332
2021-11-18T11:02:33.477 >> Analyzing: 3 planes with 1 satellites at 65.0 degrees. Complexity level: 0 > MCG: 351.58242 - computation time: 488.0 ms, memory usage: 277 MB
2021-11-18T11:02:33.480 >> Discarded: 3 planes with 1 satellites at 65.0 degrees. Complexity level: 0 > MCG: 351.58242
2021-11-18T11:02:34.195 >> Analyzing: 3 planes with 1 satellites at 70.0 degrees. Complexity level: 0 > MCG: 259.94292 - computation time: 528.0 ms, memory usage: 297 MB
2021-11-18T11:02:34.196 >> Discarded: 3 planes with 1 satellites at 70.0 degrees. Complexity level: 0 > MCG: 259.94292
2021-11-18T11:02:34.633 >> Analyzing: 3 planes with 1 satellites at 75.0 degrees. Complexity level: 0 > MCG: 258.93352 - computation time: 394.0 ms, memory usage: 317 MB
2021-11-18T11:02:34.634 >> Discarded: 3 planes with 1 satellites at 75.0 degrees. Complexity level: 0 > MCG: 258.93352
2021-11-18T11:02:35.224 >> Analyzing: 3 planes with 1 satellites at 80.0 degrees. Complexity level: 0 > MCG: 258.08677 - computation time: 493.0 ms, memory usage: 339 MB
2021-11-18T11:02:35.225 >> Discarded: 3 planes with 1 satellites at 80.0 degrees. Complexity level: 0 > MCG: 258.08677
2021-11-18T11:02:35.659 >> Analyzing: 3 planes with 1 satellites at 85.0 degrees. Complexity level: 0 > MCG: 166.46858 - computation time: 388.0 ms, memory usage: 359 MB
2021-11-18T11:02:35.661 >> Discarded: 3 planes with 1 satellites at 85.0 degrees. Complexity level: 0 > MCG: 166.46858
2021-11-18T11:02:36.576 >> Analyzing: 3 planes with 1 satellites at 90.0 degrees. Complexity level: 0 > MCG: 157.54832 - computation time: 725.0 ms, memory usage: 379 MB
2021-11-18T11:02:36.577 >> Discarded: 3 planes with 1 satellites at 90.0 degrees. Complexity level: 0 > MCG: 157.54832
2021-11-18T11:02:37.400 >> Analyzing: 3 planes with 2 satellites at 0.0 degrees. Complexity level: 0 > MCG: 1440.0 - computation time: 679.0 ms, memory usage: 310 MB
2021-11-18T11:02:37.401 >> Discarded: 3 planes with 2 satellites at 0.0 degrees. Complexity level: 0 > MCG: 1440.0
2021-11-18T11:02:38.230 >> Analyzing: 3 planes with 2 satellites at 5.0 degrees. Complexity level: 0 > MCG: 1440.0 - computation time: 732.0 ms, memory usage: 241 MB
2021-11-18T11:02:38.231 >> Discarded: 3 planes with 2 satellites at 5.0 degrees. Complexity level: 0 > MCG: 1440.0
2021-11-18T11:02:38.987 >> Analyzing: 3 planes with 2 satellites at 10.0 degrees. Complexity level: 0 > MCG: 1440.0 - computation time: 717.0 ms, memory usage: 173 MB
2021-11-18T11:02:38.988 >> Discarded: 3 planes with 2 satellites at 10.0 degrees. Complexity level: 0 > MCG: 1440.0
2021-11-18T11:02:39.743 >> Analyzing: 3 planes with 2 satellites at 15.0 degrees. Complexity level: 0 > MCG: 1440.0 - computation time: 704.0 ms, memory usage: 107 MB
2021-11-18T11:02:39.743 >> Discarded: 3 planes with 2 satellites at 15.0 degrees. Complexity level: 0 > MCG: 1440.0
2021-11-18T11:02:41.030 >> Analyzing: 3 planes with 2 satellites at 20.0 degrees. Complexity level: 0 > MCG: 1440.0 - computation time: 1153.0 ms, memory usage: 45 MB
2021-11-18T11:02:41.031 >> Discarded: 3 planes with 2 satellites at 20.0 degrees. Complexity level: 0 > MCG: 1440.0
2021-11-18T11:02:42.064 >> Analyzing: 3 planes with 2 satellites at 25.0 degrees. Complexity level: 0 > MCG: 1440.0 - computation time: 893.0 ms, memory usage: 515 MB
2021-11-18T11:02:42.064 >> Discarded: 3 planes with 2 satellites at 25.0 degrees. Complexity level: 0 > MCG: 1440.0
2021-11-18T11:02:42.785 >> Analyzing: 3 planes with 2 satellites at 30.0 degrees. Complexity level: 0 > MCG: 1440.0 - computation time: 610.0 ms, memory usage: 465 MB
2021-11-18T11:02:42.785 >> Discarded: 3 planes with 2 satellites at 30.0 degrees. Complexity level: 0 > MCG: 1440.0
2021-11-18T11:02:43.857 >> Analyzing: 3 planes with 2 satellites at 35.0 degrees. Complexity level: 0 > MCG: 1440.0 - computation time: 726.0 ms, memory usage: 421 MB
2021-11-18T11:02:43.858 >> Discarded: 3 planes with 2 satellites at 35.0 degrees. Complexity level: 0 > MCG: 1440.0
2021-11-18T11:02:44.592 >> Analyzing: 3 planes with 2 satellites at 40.0 degrees. Complexity level: 0 > MCG: 1440.0 - computation time: 692.0 ms, memory usage: 385 MB
2021-11-18T11:02:44.592 >> Discarded: 3 planes with 2 satellites at 40.0 degrees. Complexity level: 0 > MCG: 1440.0
2021-11-18T11:02:45.428 >> Analyzing: 3 planes with 2 satellites at 45.0 degrees. Complexity level: 0 > MCG: 1440.0 - computation time: 792.0 ms, memory usage: 359 MB
2021-11-18T11:02:45.429 >> Discarded: 3 planes with 2 satellites at 45.0 degrees. Complexity level: 0 > MCG: 1440.0
2021-11-18T11:02:46.141 >> Analyzing: 3 planes with 2 satellites at 50.0 degrees. Complexity level: 0 > MCG: 181.88313 - computation time: 659.0 ms, memory usage: 345 MB
2021-11-18T11:02:46.141 >> Discarded: 3 planes with 2 satellites at 50.0 degrees. Complexity level: 0 > MCG: 181.88313
2021-11-18T11:02:46.876 >> Analyzing: 3 planes with 2 satellites at 55.0 degrees. Complexity level: 0 > MCG: 80.5003 - computation time: 689.0 ms, memory usage: 339 MB
2021-11-18T11:02:49.059 >> Analyzing: 3 planes with 2 satellites at 55.0 degrees. Complexity level: 1 > MCG: 1440.0 - computation time: 1970.0 ms, memory usage: 239 MB
2021-11-18T11:02:49.059 >> Discarded: 3 planes with 2 satellites at 55.0 degrees. Complexity level: 1 > MCG: 1440.0
2021-11-18T11:02:49.906 >> Analyzing: 3 planes with 2 satellites at 60.0 degrees. Complexity level: 0 > MCG: 200.09918 - computation time: 800.0 ms, memory usage: 239 MB
2021-11-18T11:02:49.907 >> Discarded: 3 planes with 2 satellites at 60.0 degrees. Complexity level: 0 > MCG: 200.09918
2021-11-18T11:02:50.627 >> Analyzing: 3 planes with 2 satellites at 65.0 degrees. Complexity level: 0 > MCG: 254.83022 - computation time: 674.0 ms, memory usage: 241 MB
2021-11-18T11:02:50.627 >> Discarded: 3 planes with 2 satellites at 65.0 degrees. Complexity level: 0 > MCG: 254.83022
2021-11-18T11:02:51.646 >> Analyzing: 3 planes with 2 satellites at 70.0 degrees. Complexity level: 0 > MCG: 212.637 - computation time: 974.0 ms, memory usage: 243 MB
2021-11-18T11:02:51.646 >> Discarded: 3 planes with 2 satellites at 70.0 degrees. Complexity level: 0 > MCG: 212.637
2021-11-18T11:02:52.643 >> Analyzing: 3 planes with 2 satellites at 75.0 degrees. Complexity level: 0 > MCG: 211.06588 - computation time: 945.0 ms, memory usage: 245 MB
2021-11-18T11:02:52.644 >> Discarded: 3 planes with 2 satellites at 75.0 degrees. Complexity level: 0 > MCG: 211.06588
2021-11-18T11:02:53.496 >> Analyzing: 3 planes with 2 satellites at 80.0 degrees. Complexity level: 0 > MCG: 163.0211 - computation time: 788.0 ms, memory usage: 251 MB
2021-11-18T11:02:53.496 >> Discarded: 3 planes with 2 satellites at 80.0 degrees. Complexity level: 0 > MCG: 163.0211
2021-11-18T11:02:54.350 >> Analyzing: 3 planes with 2 satellites at 85.0 degrees. Complexity level: 0 > MCG: 115.34337 - computation time: 807.0 ms, memory usage: 258 MB
2021-11-18T11:02:56.784 >> Analyzing: 3 planes with 2 satellites at 85.0 degrees. Complexity level: 1 > MCG: 115.30735 - computation time: 2017.0 ms, memory usage: 185 MB
2021-11-18T11:03:58.512 >> Analyzing: 3 planes with 2 satellites at 85.0 degrees. Complexity level: 2 > MCG: 117.2142 - computation time: 61159.0 ms, memory usage: 400 MB
2021-11-18T11:07:54.729 >> Analyzing: 3 planes with 2 satellites at 85.0 degrees. Complexity level: 3 > MCG: 117.29035 - computation time: 232893.0 ms, memory usage: 780 MB
2021-11-18T11:07:54.731 >> SOLUTION!: 3 planes with 2 satellites at 85.0 degrees. MCG: 117.29035
2021-11-18T11:07:55.599 >> Analyzing: 3 planes with 3 satellites at 0.0 degrees. Complexity level: 0 > MCG: 1440.0 - computation time: 843.0 ms, memory usage: 702 MB
2021-11-18T11:07:55.599 >> Discarded: 3 planes with 3 satellites at 0.0 degrees. Complexity level: 0 > MCG: 1440.0
2021-11-18T11:07:56.389 >> Analyzing: 3 planes with 3 satellites at 5.0 degrees. Complexity level: 0 > MCG: 1440.0 - computation time: 755.0 ms, memory usage: 626 MB
2021-11-18T11:07:56.389 >> Discarded: 3 planes with 3 satellites at 5.0 degrees. Complexity level: 0 > MCG: 1440.0
2021-11-18T11:07:57.200 >> Analyzing: 3 planes with 3 satellites at 10.0 degrees. Complexity level: 0 > MCG: 1440.0 - computation time: 763.0 ms, memory usage: 550 MB
2021-11-18T11:07:57.200 >> Discarded: 3 planes with 3 satellites at 10.0 degrees. Complexity level: 0 > MCG: 1440.0
2021-11-18T11:07:58.055 >> Analyzing: 3 planes with 3 satellites at 15.0 degrees. Complexity level: 0 > MCG: 1440.0 - computation time: 820.0 ms, memory usage: 476 MB
2021-11-18T11:07:58.056 >> Discarded: 3 planes with 3 satellites at 15.0 degrees. Complexity level: 0 > MCG: 1440.0
2021-11-18T11:07:58.860 >> Analyzing: 3 planes with 3 satellites at 20.0 degrees. Complexity level: 0 > MCG: 1440.0 - computation time: 768.0 ms, memory usage: 410 MB
2021-11-18T11:07:58.860 >> Discarded: 3 planes with 3 satellites at 20.0 degrees. Complexity level: 0 > MCG: 1440.0
2021-11-18T11:07:59.685 >> Analyzing: 3 planes with 3 satellites at 25.0 degrees. Complexity level: 0 > MCG: 1440.0 - computation time: 789.0 ms, memory usage: 350 MB
2021-11-18T11:07:59.685 >> Discarded: 3 planes with 3 satellites at 25.0 degrees. Complexity level: 0 > MCG: 1440.0
2021-11-18T11:08:00.498 >> Analyzing: 3 planes with 3 satellites at 30.0 degrees. Complexity level: 0 > MCG: 1440.0 - computation time: 774.0 ms, memory usage: 302 MB
2021-11-18T11:08:00.498 >> Discarded: 3 planes with 3 satellites at 30.0 degrees. Complexity level: 0 > MCG: 1440.0
2021-11-18T11:08:01.466 >> Analyzing: 3 planes with 3 satellites at 35.0 degrees. Complexity level: 0 > MCG: 1440.0 - computation time: 944.0 ms, memory usage: 262 MB
2021-11-18T11:08:01.466 >> Discarded: 3 planes with 3 satellites at 35.0 degrees. Complexity level: 0 > MCG: 1440.0
2021-11-18T11:08:02.493 >> Analyzing: 3 planes with 3 satellites at 40.0 degrees. Complexity level: 0 > MCG: 1440.0 - computation time: 990.0 ms, memory usage: 236 MB
2021-11-18T11:08:02.493 >> Discarded: 3 planes with 3 satellites at 40.0 degrees. Complexity level: 0 > MCG: 1440.0
2021-11-18T11:08:03.606 >> Analyzing: 3 planes with 3 satellites at 45.0 degrees. Complexity level: 0 > MCG: 1440.0 - computation time: 1046.0 ms, memory usage: 220 MB
2021-11-18T11:08:03.607 >> Discarded: 3 planes with 3 satellites at 45.0 degrees. Complexity level: 0 > MCG: 1440.0
2021-11-18T11:08:04.623 >> Analyzing: 3 planes with 3 satellites at 50.0 degrees. Complexity level: 0 > MCG: 181.53747 - computation time: 956.0 ms, memory usage: 226 MB
2021-11-18T11:08:04.623 >> Discarded: 3 planes with 3 satellites at 50.0 degrees. Complexity level: 0 > MCG: 181.53747
2021-11-18T11:08:05.615 >> Analyzing: 3 planes with 3 satellites at 55.0 degrees. Complexity level: 0 > MCG: 48.55938 - computation time: 951.0 ms, memory usage: 244 MB
2021-11-18T11:08:08.718 >> Analyzing: 3 planes with 3 satellites at 55.0 degrees. Complexity level: 1 > MCG: 1440.0 - computation time: 2924.0 ms, memory usage: 910 MB
2021-11-18T11:08:08.718 >> Discarded: 3 planes with 3 satellites at 55.0 degrees. Complexity level: 1 > MCG: 1440.0
2021-11-18T11:08:09.725 >> Analyzing: 3 planes with 3 satellites at 60.0 degrees. Complexity level: 0 > MCG: 167.43173 - computation time: 971.0 ms, memory usage: 934 MB
2021-11-18T11:08:09.726 >> Discarded: 3 planes with 3 satellites at 60.0 degrees. Complexity level: 0 > MCG: 167.43173
2021-11-18T11:08:10.794 >> Analyzing: 3 planes with 3 satellites at 65.0 degrees. Complexity level: 0 > MCG: 223.79735 - computation time: 1040.0 ms, memory usage: 198 MB
2021-11-18T11:08:10.795 >> Discarded: 3 planes with 3 satellites at 65.0 degrees. Complexity level: 0 > MCG: 223.79735
2021-11-18T11:08:11.837 >> Analyzing: 3 planes with 3 satellites at 70.0 degrees. Complexity level: 0 > MCG: 191.68788 - computation time: 1003.0 ms, memory usage: 226 MB
2021-11-18T11:08:11.838 >> Discarded: 3 planes with 3 satellites at 70.0 degrees. Complexity level: 0 > MCG: 191.68788
2021-11-18T11:08:12.900 >> Analyzing: 3 planes with 3 satellites at 75.0 degrees. Complexity level: 0 > MCG: 164.91578 - computation time: 1016.0 ms, memory usage: 256 MB
2021-11-18T11:08:12.900 >> Discarded: 3 planes with 3 satellites at 75.0 degrees. Complexity level: 0 > MCG: 164.91578
2021-11-18T11:08:13.994 >> Analyzing: 3 planes with 3 satellites at 80.0 degrees. Complexity level: 0 > MCG: 132.42153 - computation time: 1013.0 ms, memory usage: 288 MB
2021-11-18T11:08:13.994 >> Discarded: 3 planes with 3 satellites at 80.0 degrees. Complexity level: 0 > MCG: 132.42153
2021-11-18T11:08:15.048 >> Analyzing: 3 planes with 3 satellites at 85.0 degrees. Complexity level: 0 > MCG: 99.95042 - computation time: 1020.0 ms, memory usage: 322 MB
2021-11-18T11:08:18.106 >> Analyzing: 3 planes with 3 satellites at 85.0 degrees. Complexity level: 1 > MCG: 98.25017 - computation time: 2851.0 ms, memory usage: 266 MB
2021-11-18T11:09:45.999 >> Analyzing: 3 planes with 3 satellites at 85.0 degrees. Complexity level: 2 > MCG: 99.95477 - computation time: 87015.0 ms, memory usage: 915 MB
2021-11-18T11:15:50.991 >> Analyzing: 3 planes with 3 satellites at 85.0 degrees. Complexity level: 3 > MCG: 100.0225 - computation time: 361839.0 ms, memory usage: 1074 MB
2021-11-18T11:15:50.991 >> SOLUTION!: 3 planes with 3 satellites at 85.0 degrees. MCG: 100.0225
2021-11-18T11:15:51.541 >> Analyzing: 4 planes with 1 satellites at 0.0 degrees. Complexity level: 0 > MCG: 1440.0 - computation time: 484.0 ms, memory usage: 977 MB
2021-11-18T11:15:51.542 >> Discarded: 4 planes with 1 satellites at 0.0 degrees. Complexity level: 0 > MCG: 1440.0
2021-11-18T11:15:51.990 >> Analyzing: 4 planes with 1 satellites at 5.0 degrees. Complexity level: 0 > MCG: 1440.0 - computation time: 402.0 ms, memory usage: 879 MB
2021-11-18T11:15:51.990 >> Discarded: 4 planes with 1 satellites at 5.0 degrees. Complexity level: 0 > MCG: 1440.0
2021-11-18T11:15:52.441 >> Analyzing: 4 planes with 1 satellites at 10.0 degrees. Complexity level: 0 > MCG: 1440.0 - computation time: 405.0 ms, memory usage: 781 MB
2021-11-18T11:15:52.441 >> Discarded: 4 planes with 1 satellites at 10.0 degrees. Complexity level: 0 > MCG: 1440.0
2021-11-18T11:15:52.894 >> Analyzing: 4 planes with 1 satellites at 15.0 degrees. Complexity level: 0 > MCG: 1440.0 - computation time: 406.0 ms, memory usage: 687 MB
2021-11-18T11:15:52.895 >> Discarded: 4 planes with 1 satellites at 15.0 degrees. Complexity level: 0 > MCG: 1440.0
2021-11-18T11:15:53.316 >> Analyzing: 4 planes with 1 satellites at 20.0 degrees. Complexity level: 0 > MCG: 1440.0 - computation time: 383.0 ms, memory usage: 601 MB
2021-11-18T11:15:53.317 >> Discarded: 4 planes with 1 satellites at 20.0 degrees. Complexity level: 0 > MCG: 1440.0
2021-11-18T11:15:53.772 >> Analyzing: 4 planes with 1 satellites at 25.0 degrees. Complexity level: 0 > MCG: 1440.0 - computation time: 416.0 ms, memory usage: 516 MB
2021-11-18T11:15:53.773 >> Discarded: 4 planes with 1 satellites at 25.0 degrees. Complexity level: 0 > MCG: 1440.0
2021-11-18T11:15:54.208 >> Analyzing: 4 planes with 1 satellites at 30.0 degrees. Complexity level: 0 > MCG: 1440.0 - computation time: 397.0 ms, memory usage: 445 MB
2021-11-18T11:15:54.208 >> Discarded: 4 planes with 1 satellites at 30.0 degrees. Complexity level: 0 > MCG: 1440.0
2021-11-18T11:15:54.663 >> Analyzing: 4 planes with 1 satellites at 35.0 degrees. Complexity level: 0 > MCG: 1440.0 - computation time: 422.0 ms, memory usage: 375 MB
2021-11-18T11:15:54.663 >> Discarded: 4 planes with 1 satellites at 35.0 degrees. Complexity level: 0 > MCG: 1440.0
2021-11-18T11:15:55.125 >> Analyzing: 4 planes with 1 satellites at 40.0 degrees. Complexity level: 0 > MCG: 1440.0 - computation time: 423.0 ms, memory usage: 1057 MB
2021-11-18T11:15:55.126 >> Discarded: 4 planes with 1 satellites at 40.0 degrees. Complexity level: 0 > MCG: 1440.0
2021-11-18T11:15:55.581 >> Analyzing: 4 planes with 1 satellites at 45.0 degrees. Complexity level: 0 > MCG: 387.9956 - computation time: 419.0 ms, memory usage: 1009 MB
2021-11-18T11:15:55.582 >> Discarded: 4 planes with 1 satellites at 45.0 degrees. Complexity level: 0 > MCG: 387.9956
2021-11-18T11:15:56.046 >> Analyzing: 4 planes with 1 satellites at 50.0 degrees. Complexity level: 0 > MCG: 182.4546 - computation time: 416.0 ms, memory usage: 969 MB
2021-11-18T11:15:56.046 >> Discarded: 4 planes with 1 satellites at 50.0 degrees. Complexity level: 0 > MCG: 182.4546
2021-11-18T11:15:56.499 >> Analyzing: 4 planes with 1 satellites at 55.0 degrees. Complexity level: 0 > MCG: 90.71465 - computation time: 415.0 ms, memory usage: 933 MB
2021-11-18T11:15:57.979 >> Analyzing: 4 planes with 1 satellites at 55.0 degrees. Complexity level: 1 > MCG: 1440.0 - computation time: 1316.0 ms, memory usage: 795 MB
2021-11-18T11:15:57.979 >> Discarded: 4 planes with 1 satellites at 55.0 degrees. Complexity level: 1 > MCG: 1440.0
2021-11-18T11:15:58.474 >> Analyzing: 4 planes with 1 satellites at 60.0 degrees. Complexity level: 0 > MCG: 92.84442 - computation time: 443.0 ms, memory usage: 760 MB
2021-11-18T11:16:00.032 >> Analyzing: 4 planes with 1 satellites at 60.0 degrees. Complexity level: 1 > MCG: 187.3021 - computation time: 1356.0 ms, memory usage: 623 MB
2021-11-18T11:16:00.032 >> Discarded: 4 planes with 1 satellites at 60.0 degrees. Complexity level: 1 > MCG: 187.3021
2021-11-18T11:16:00.499 >> Analyzing: 4 planes with 1 satellites at 65.0 degrees. Complexity level: 0 > MCG: 92.43753 - computation time: 436.0 ms, memory usage: 588 MB
2021-11-18T11:16:01.814 >> Analyzing: 4 planes with 1 satellites at 65.0 degrees. Complexity level: 1 > MCG: 92.2577 - computation time: 1157.0 ms, memory usage: 459 MB
2021-11-18T11:16:42.654 >> Analyzing: 4 planes with 1 satellites at 65.0 degrees. Complexity level: 2 > MCG: 93.82483 - computation time: 40302.0 ms, memory usage: 434 MB
2021-11-18T11:19:39.971 >> Analyzing: 4 planes with 1 satellites at 65.0 degrees. Complexity level: 3 > MCG: 95.15892 - computation time: 173624.0 ms, memory usage: 787 MB
2021-11-18T11:19:39.972 >> SOLUTION!: 4 planes with 1 satellites at 65.0 degrees. MCG: 95.15892
2021-11-18T11:19:41.202 >> Analyzing: 4 planes with 2 satellites at 0.0 degrees. Complexity level: 0 > MCG: 1440.0 - computation time: 1129.0 ms, memory usage: 789 MB
2021-11-18T11:19:41.203 >> Discarded: 4 planes with 2 satellites at 0.0 degrees. Complexity level: 0 > MCG: 1440.0
2021-11-18T11:19:42.192 >> Analyzing: 4 planes with 2 satellites at 5.0 degrees. Complexity level: 0 > MCG: 1440.0 - computation time: 946.0 ms, memory usage: 799 MB
2021-11-18T11:19:42.192 >> Discarded: 4 planes with 2 satellites at 5.0 degrees. Complexity level: 0 > MCG: 1440.0
2021-11-18T11:19:43.107 >> Analyzing: 4 planes with 2 satellites at 10.0 degrees. Complexity level: 0 > MCG: 1440.0 - computation time: 888.0 ms, memory usage: 819 MB
2021-11-18T11:19:43.132 >> Discarded: 4 planes with 2 satellites at 10.0 degrees. Complexity level: 0 > MCG: 1440.0
2021-11-18T11:19:44.308 >> Analyzing: 4 planes with 2 satellites at 15.0 degrees. Complexity level: 0 > MCG: 1440.0 - computation time: 1004.0 ms, memory usage: 839 MB
2021-11-18T11:19:44.308 >> Discarded: 4 planes with 2 satellites at 15.0 degrees. Complexity level: 0 > MCG: 1440.0
2021-11-18T11:19:45.511 >> Analyzing: 4 planes with 2 satellites at 20.0 degrees. Complexity level: 0 > MCG: 1440.0 - computation time: 1157.0 ms, memory usage: 867 MB
2021-11-18T11:19:45.512 >> Discarded: 4 planes with 2 satellites at 20.0 degrees. Complexity level: 0 > MCG: 1440.0
2021-11-18T11:19:46.755 >> Analyzing: 4 planes with 2 satellites at 25.0 degrees. Complexity level: 0 > MCG: 1440.0 - computation time: 1173.0 ms, memory usage: 903 MB
2021-11-18T11:19:46.755 >> Discarded: 4 planes with 2 satellites at 25.0 degrees. Complexity level: 0 > MCG: 1440.0
2021-11-18T11:19:47.947 >> Analyzing: 4 planes with 2 satellites at 30.0 degrees. Complexity level: 0 > MCG: 1440.0 - computation time: 1140.0 ms, memory usage: 955 MB
2021-11-18T11:19:47.947 >> Discarded: 4 planes with 2 satellites at 30.0 degrees. Complexity level: 0 > MCG: 1440.0
2021-11-18T11:19:48.997 >> Analyzing: 4 planes with 2 satellites at 35.0 degrees. Complexity level: 0 > MCG: 1440.0 - computation time: 997.0 ms, memory usage: 1015 MB
2021-11-18T11:19:48.997 >> Discarded: 4 planes with 2 satellites at 35.0 degrees. Complexity level: 0 > MCG: 1440.0
2021-11-18T11:19:50.174 >> Analyzing: 4 planes with 2 satellites at 40.0 degrees. Complexity level: 0 > MCG: 1440.0 - computation time: 1112.0 ms, memory usage: 1085 MB
2021-11-18T11:19:50.174 >> Discarded: 4 planes with 2 satellites at 40.0 degrees. Complexity level: 0 > MCG: 1440.0
2021-11-18T11:19:51.256 >> Analyzing: 4 planes with 2 satellites at 45.0 degrees. Complexity level: 0 > MCG: 1440.0 - computation time: 1045.0 ms, memory usage: 530 MB
2021-11-18T11:19:51.259 >> Discarded: 4 planes with 2 satellites at 45.0 degrees. Complexity level: 0 > MCG: 1440.0
2021-11-18T11:19:52.410 >> Analyzing: 4 planes with 2 satellites at 50.0 degrees. Complexity level: 0 > MCG: 84.42565 - computation time: 1036.0 ms, memory usage: 625 MB
2021-11-18T11:19:55.725 >> Analyzing: 4 planes with 2 satellites at 50.0 degrees. Complexity level: 1 > MCG: 1440.0 - computation time: 3161.0 ms, memory usage: 830 MB
2021-11-18T11:19:55.726 >> Discarded: 4 planes with 2 satellites at 50.0 degrees. Complexity level: 1 > MCG: 1440.0
2021-11-18T11:19:57.085 >> Analyzing: 4 planes with 2 satellites at 55.0 degrees. Complexity level: 0 > MCG: 40.9278 - computation time: 1315.0 ms, memory usage: 933 MB
2021-11-18T11:19:59.874 >> Analyzing: 4 planes with 2 satellites at 55.0 degrees. Complexity level: 1 > MCG: 1440.0 - computation time: 2554.0 ms, memory usage: 512 MB
2021-11-18T11:19:59.874 >> Discarded: 4 planes with 2 satellites at 55.0 degrees. Complexity level: 1 > MCG: 1440.0
2021-11-18T11:20:00.860 >> Analyzing: 4 planes with 2 satellites at 60.0 degrees. Complexity level: 0 > MCG: 60.50195 - computation time: 949.0 ms, memory usage: 619 MB
2021-11-18T11:20:03.894 >> Analyzing: 4 planes with 2 satellites at 60.0 degrees. Complexity level: 1 > MCG: 91.11388 - computation time: 2710.0 ms, memory usage: 860 MB
2021-11-18T11:21:44.231 >> Analyzing: 4 planes with 2 satellites at 60.0 degrees. Complexity level: 2 > MCG: 337.8941 - computation time: 99465.0 ms, memory usage: 970 MB
2021-11-18T11:21:44.231 >> Discarded: 4 planes with 2 satellites at 60.0 degrees. Complexity level: 2 > MCG: 337.8941
2021-11-18T11:21:45.172 >> Analyzing: 4 planes with 2 satellites at 65.0 degrees. Complexity level: 0 > MCG: 40.88523 - computation time: 873.0 ms, memory usage: 1090 MB
2021-11-18T11:21:47.783 >> Analyzing: 4 planes with 2 satellites at 65.0 degrees. Complexity level: 1 > MCG: 42.03678 - computation time: 2470.0 ms, memory usage: 766 MB
2021-11-18T11:23:10.035 >> Analyzing: 4 planes with 2 satellites at 65.0 degrees. Complexity level: 2 > MCG: 42.40578 - computation time: 81610.0 ms, memory usage: 961 MB
2021-11-18T11:28:40.797 >> Analyzing: 4 planes with 2 satellites at 65.0 degrees. Complexity level: 3 > MCG: 43.11635 - computation time: 327139.0 ms, memory usage: 543 MB
2021-11-18T11:28:40.798 >> SOLUTION!: 4 planes with 2 satellites at 65.0 degrees. MCG: 43.11635
2021-11-18T11:28:42.079 >> Analyzing: 4 planes with 3 satellites at 0.0 degrees. Complexity level: 0 > MCG: 1440.0 - computation time: 1245.0 ms, memory usage: 458 MB
2021-11-18T11:28:42.079 >> Discarded: 4 planes with 3 satellites at 0.0 degrees. Complexity level: 0 > MCG: 1440.0
2021-11-18T11:28:43.413 >> Analyzing: 4 planes with 3 satellites at 5.0 degrees. Complexity level: 0 > MCG: 1440.0 - computation time: 1295.0 ms, memory usage: 374 MB
2021-11-18T11:28:43.413 >> Discarded: 4 planes with 3 satellites at 5.0 degrees. Complexity level: 0 > MCG: 1440.0
2021-11-18T11:28:44.653 >> Analyzing: 4 planes with 3 satellites at 10.0 degrees. Complexity level: 0 > MCG: 1440.0 - computation time: 1193.0 ms, memory usage: 290 MB
2021-11-18T11:28:44.653 >> Discarded: 4 planes with 3 satellites at 10.0 degrees. Complexity level: 0 > MCG: 1440.0
2021-11-18T11:28:45.914 >> Analyzing: 4 planes with 3 satellites at 15.0 degrees. Complexity level: 0 > MCG: 1440.0 - computation time: 1229.0 ms, memory usage: 208 MB
2021-11-18T11:28:45.914 >> Discarded: 4 planes with 3 satellites at 15.0 degrees. Complexity level: 0 > MCG: 1440.0
2021-11-18T11:28:47.292 >> Analyzing: 4 planes with 3 satellites at 20.0 degrees. Complexity level: 0 > MCG: 1440.0 - computation time: 1351.0 ms, memory usage: 1141 MB
2021-11-18T11:28:47.293 >> Discarded: 4 planes with 3 satellites at 20.0 degrees. Complexity level: 0 > MCG: 1440.0
2021-11-18T11:28:48.531 >> Analyzing: 4 planes with 3 satellites at 25.0 degrees. Complexity level: 0 > MCG: 1440.0 - computation time: 1197.0 ms, memory usage: 1079 MB
2021-11-18T11:28:48.531 >> Discarded: 4 planes with 3 satellites at 25.0 degrees. Complexity level: 0 > MCG: 1440.0
2021-11-18T11:28:49.806 >> Analyzing: 4 planes with 3 satellites at 30.0 degrees. Complexity level: 0 > MCG: 1440.0 - computation time: 1242.0 ms, memory usage: 1032 MB
2021-11-18T11:28:49.807 >> Discarded: 4 planes with 3 satellites at 30.0 degrees. Complexity level: 0 > MCG: 1440.0
2021-11-18T11:28:51.395 >> Analyzing: 4 planes with 3 satellites at 35.0 degrees. Complexity level: 0 > MCG: 1440.0 - computation time: 1536.0 ms, memory usage: 996 MB
2021-11-18T11:28:51.411 >> Discarded: 4 planes with 3 satellites at 35.0 degrees. Complexity level: 0 > MCG: 1440.0
2021-11-18T11:28:53.040 >> Analyzing: 4 planes with 3 satellites at 40.0 degrees. Complexity level: 0 > MCG: 1440.0 - computation time: 1575.0 ms, memory usage: 976 MB
2021-11-18T11:28:53.040 >> Discarded: 4 planes with 3 satellites at 40.0 degrees. Complexity level: 0 > MCG: 1440.0
2021-11-18T11:28:54.673 >> Analyzing: 4 planes with 3 satellites at 45.0 degrees. Complexity level: 0 > MCG: 1440.0 - computation time: 1602.0 ms, memory usage: 972 MB
2021-11-18T11:28:54.673 >> Discarded: 4 planes with 3 satellites at 45.0 degrees. Complexity level: 0 > MCG: 1440.0
2021-11-18T11:28:56.305 >> Analyzing: 4 planes with 3 satellites at 50.0 degrees. Complexity level: 0 > MCG: 52.33432 - computation time: 1580.0 ms, memory usage: 995 MB
2021-11-18T11:29:01.145 >> Analyzing: 4 planes with 3 satellites at 50.0 degrees. Complexity level: 1 > MCG: 1440.0 - computation time: 4660.0 ms, memory usage: 857 MB
2021-11-18T11:29:01.145 >> Discarded: 4 planes with 3 satellites at 50.0 degrees. Complexity level: 1 > MCG: 1440.0
2021-11-18T11:29:02.759 >> Analyzing: 4 planes with 3 satellites at 55.0 degrees. Complexity level: 0 > MCG: 27.71085 - computation time: 1571.0 ms, memory usage: 898 MB
2021-11-18T11:29:07.468 >> Analyzing: 4 planes with 3 satellites at 55.0 degrees. Complexity level: 1 > MCG: 1440.0 - computation time: 4458.0 ms, memory usage: 801 MB
2021-11-18T11:29:07.468 >> Discarded: 4 planes with 3 satellites at 55.0 degrees. Complexity level: 1 > MCG: 1440.0
2021-11-18T11:29:08.945 >> Analyzing: 4 planes with 3 satellites at 60.0 degrees. Complexity level: 0 > MCG: 28.13578 - computation time: 1446.0 ms, memory usage: 850 MB
2021-11-18T11:29:13.531 >> Analyzing: 4 planes with 3 satellites at 60.0 degrees. Complexity level: 1 > MCG: 59.42677 - computation time: 4351.0 ms, memory usage: 789 MB
2021-11-18T11:31:24.465 >> Analyzing: 4 planes with 3 satellites at 60.0 degrees. Complexity level: 2 > MCG: 289.10343 - computation time: 130070.0 ms, memory usage: 591 MB
2021-11-18T11:31:24.465 >> Discarded: 4 planes with 3 satellites at 60.0 degrees. Complexity level: 2 > MCG: 289.10343
2021-11-18T11:31:26.678 >> Analyzing: 4 planes with 3 satellites at 65.0 degrees. Complexity level: 0 > MCG: 25.1258 - computation time: 2175.0 ms, memory usage: 647 MB
2021-11-18T11:31:31.484 >> Analyzing: 4 planes with 3 satellites at 65.0 degrees. Complexity level: 1 > MCG: 26.01347 - computation time: 4378.0 ms, memory usage: 606 MB
2021-11-18T11:34:15.672 >> Analyzing: 4 planes with 3 satellites at 65.0 degrees. Complexity level: 2 > MCG: 26.46582 - computation time: 163479.0 ms, memory usage: 205 MB
2021-11-18T11:43:37.571 >> Analyzing: 4 planes with 3 satellites at 65.0 degrees. Complexity level: 3 > MCG: 27.04023 - computation time: 559389.0 ms, memory usage: 467 MB
2021-11-18T11:43:37.572 >> SOLUTION!: 4 planes with 3 satellites at 65.0 degrees. MCG: 27.04023
2021-11-18T11:43:38.782 >> Analyzing: 5 planes with 1 satellites at 0.0 degrees. Complexity level: 0 > MCG: 1440.0 - computation time: 1141.0 ms, memory usage: 1286 MB
2021-11-18T11:43:38.783 >> Discarded: 5 planes with 1 satellites at 0.0 degrees. Complexity level: 0 > MCG: 1440.0
2021-11-18T11:43:39.640 >> Analyzing: 5 planes with 1 satellites at 5.0 degrees. Complexity level: 0 > MCG: 1440.0 - computation time: 797.0 ms, memory usage: 1114 MB
2021-11-18T11:43:39.640 >> Discarded: 5 planes with 1 satellites at 5.0 degrees. Complexity level: 0 > MCG: 1440.0
2021-11-18T11:43:40.707 >> Analyzing: 5 planes with 1 satellites at 10.0 degrees. Complexity level: 0 > MCG: 1440.0 - computation time: 992.0 ms, memory usage: 934 MB
2021-11-18T11:43:40.707 >> Discarded: 5 planes with 1 satellites at 10.0 degrees. Complexity level: 0 > MCG: 1440.0
2021-11-18T11:43:41.610 >> Analyzing: 5 planes with 1 satellites at 15.0 degrees. Complexity level: 0 > MCG: 1440.0 - computation time: 858.0 ms, memory usage: 754 MB
2021-11-18T11:43:41.611 >> Discarded: 5 planes with 1 satellites at 15.0 degrees. Complexity level: 0 > MCG: 1440.0
2021-11-18T11:43:42.637 >> Analyzing: 5 planes with 1 satellites at 20.0 degrees. Complexity level: 0 > MCG: 1440.0 - computation time: 908.0 ms, memory usage: 578 MB
2021-11-18T11:43:42.638 >> Discarded: 5 planes with 1 satellites at 20.0 degrees. Complexity level: 0 > MCG: 1440.0
2021-11-18T11:43:43.717 >> Analyzing: 5 planes with 1 satellites at 25.0 degrees. Complexity level: 0 > MCG: 1440.0 - computation time: 972.0 ms, memory usage: 406 MB
2021-11-18T11:43:43.718 >> Discarded: 5 planes with 1 satellites at 25.0 degrees. Complexity level: 0 > MCG: 1440.0
2021-11-18T11:43:44.647 >> Analyzing: 5 planes with 1 satellites at 30.0 degrees. Complexity level: 0 > MCG: 1440.0 - computation time: 881.0 ms, memory usage: 1242 MB
2021-11-18T11:43:44.648 >> Discarded: 5 planes with 1 satellites at 30.0 degrees. Complexity level: 0 > MCG: 1440.0
2021-11-18T11:43:45.588 >> Analyzing: 5 planes with 1 satellites at 35.0 degrees. Complexity level: 0 > MCG: 1440.0 - computation time: 854.0 ms, memory usage: 1086 MB
2021-11-18T11:43:45.589 >> Discarded: 5 planes with 1 satellites at 35.0 degrees. Complexity level: 0 > MCG: 1440.0
2021-11-18T11:43:46.501 >> Analyzing: 5 planes with 1 satellites at 40.0 degrees. Complexity level: 0 > MCG: 1440.0 - computation time: 860.0 ms, memory usage: 936 MB
2021-11-18T11:43:46.502 >> Discarded: 5 planes with 1 satellites at 40.0 degrees. Complexity level: 0 > MCG: 1440.0
2021-11-18T11:43:47.401 >> Analyzing: 5 planes with 1 satellites at 45.0 degrees. Complexity level: 0 > MCG: 1440.0 - computation time: 854.0 ms, memory usage: 788 MB
2021-11-18T11:43:47.402 >> Discarded: 5 planes with 1 satellites at 45.0 degrees. Complexity level: 0 > MCG: 1440.0
2021-11-18T11:43:48.128 >> Analyzing: 5 planes with 1 satellites at 50.0 degrees. Complexity level: 0 > MCG: 93.26182 - computation time: 653.0 ms, memory usage: 654 MB
2021-11-18T11:43:50.601 >> Analyzing: 5 planes with 1 satellites at 50.0 degrees. Complexity level: 1 > MCG: 1440.0 - computation time: 2299.0 ms, memory usage: 1192 MB
2021-11-18T11:43:50.601 >> Discarded: 5 planes with 1 satellites at 50.0 degrees. Complexity level: 1 > MCG: 1440.0
2021-11-18T11:43:51.422 >> Analyzing: 5 planes with 1 satellites at 55.0 degrees. Complexity level: 0 > MCG: 90.39152 - computation time: 747.0 ms, memory usage: 1062 MB
2021-11-18T11:43:54.171 >> Analyzing: 5 planes with 1 satellites at 55.0 degrees. Complexity level: 1 > MCG: 1440.0 - computation time: 2559.0 ms, memory usage: 610 MB
2021-11-18T11:43:54.172 >> Discarded: 5 planes with 1 satellites at 55.0 degrees. Complexity level: 1 > MCG: 1440.0
2021-11-18T11:43:55.315 >> Analyzing: 5 planes with 1 satellites at 60.0 degrees. Complexity level: 0 > MCG: 82.21652 - computation time: 1075.0 ms, memory usage: 487 MB
2021-11-18T11:43:59.899 >> Analyzing: 5 planes with 1 satellites at 60.0 degrees. Complexity level: 1 > MCG: 94.53988 - computation time: 4194.0 ms, memory usage: 1057 MB
2021-11-18T11:45:13.800 >> Analyzing: 5 planes with 1 satellites at 60.0 degrees. Complexity level: 2 > MCG: 290.16718 - computation time: 71312.0 ms, memory usage: 1264 MB
2021-11-18T11:45:13.800 >> Discarded: 5 planes with 1 satellites at 60.0 degrees. Complexity level: 2 > MCG: 290.16718
2021-11-18T11:45:14.550 >> Analyzing: 5 planes with 1 satellites at 65.0 degrees. Complexity level: 0 > MCG: 108.43837 - computation time: 703.0 ms, memory usage: 1141 MB
2021-11-18T11:45:16.796 >> Analyzing: 5 planes with 1 satellites at 65.0 degrees. Complexity level: 1 > MCG: 108.41378 - computation time: 2002.0 ms, memory usage: 716 MB
2021-11-18T11:46:23.538 >> Analyzing: 5 planes with 1 satellites at 65.0 degrees. Complexity level: 2 > MCG: 109.91075 - computation time: 65841.0 ms, memory usage: 1262 MB
2021-11-18T11:50:07.020 >> Analyzing: 5 planes with 1 satellites at 65.0 degrees. Complexity level: 3 > MCG: 109.79707 - computation time: 219062.0 ms, memory usage: 1166 MB
2021-11-18T11:50:07.021 >> SOLUTION!: 5 planes with 1 satellites at 65.0 degrees. MCG: 109.79707
2021-11-18T11:50:08.167 >> Analyzing: 5 planes with 2 satellites at 0.0 degrees. Complexity level: 0 > MCG: 1440.0 - computation time: 1101.0 ms, memory usage: 767 MB
2021-11-18T11:50:08.167 >> Discarded: 5 planes with 2 satellites at 0.0 degrees. Complexity level: 0 > MCG: 1440.0
2021-11-18T11:50:09.285 >> Analyzing: 5 planes with 2 satellites at 5.0 degrees. Complexity level: 0 > MCG: 1440.0 - computation time: 1075.0 ms, memory usage: 1373 MB
2021-11-18T11:50:09.286 >> Discarded: 5 planes with 2 satellites at 5.0 degrees. Complexity level: 0 > MCG: 1440.0
2021-11-18T11:50:10.361 >> Analyzing: 5 planes with 2 satellites at 10.0 degrees. Complexity level: 0 > MCG: 1440.0 - computation time: 1034.0 ms, memory usage: 975 MB
2021-11-18T11:50:10.361 >> Discarded: 5 planes with 2 satellites at 10.0 degrees. Complexity level: 0 > MCG: 1440.0
2021-11-18T11:50:11.504 >> Analyzing: 5 planes with 2 satellites at 15.0 degrees. Complexity level: 0 > MCG: 1440.0 - computation time: 1096.0 ms, memory usage: 577 MB
2021-11-18T11:50:11.504 >> Discarded: 5 planes with 2 satellites at 15.0 degrees. Complexity level: 0 > MCG: 1440.0
2021-11-18T11:50:12.619 >> Analyzing: 5 planes with 2 satellites at 20.0 degrees. Complexity level: 0 > MCG: 1440.0 - computation time: 1068.0 ms, memory usage: 1195 MB
2021-11-18T11:50:12.620 >> Discarded: 5 planes with 2 satellites at 20.0 degrees. Complexity level: 0 > MCG: 1440.0
2021-11-18T11:50:13.715 >> Analyzing: 5 planes with 2 satellites at 25.0 degrees. Complexity level: 0 > MCG: 1440.0 - computation time: 1050.0 ms, memory usage: 811 MB
2021-11-18T11:50:13.731 >> Discarded: 5 planes with 2 satellites at 25.0 degrees. Complexity level: 0 > MCG: 1440.0
2021-11-18T11:50:14.863 >> Analyzing: 5 planes with 2 satellites at 30.0 degrees. Complexity level: 0 > MCG: 1440.0 - computation time: 1099.0 ms, memory usage: 1451 MB
2021-11-18T11:50:14.864 >> Discarded: 5 planes with 2 satellites at 30.0 degrees. Complexity level: 0 > MCG: 1440.0
2021-11-18T11:50:16.044 >> Analyzing: 5 planes with 2 satellites at 35.0 degrees. Complexity level: 0 > MCG: 1440.0 - computation time: 1135.0 ms, memory usage: 1093 MB
2021-11-18T11:50:16.044 >> Discarded: 5 planes with 2 satellites at 35.0 degrees. Complexity level: 0 > MCG: 1440.0
2021-11-18T11:50:17.171 >> Analyzing: 5 planes with 2 satellites at 40.0 degrees. Complexity level: 0 > MCG: 1440.0 - computation time: 1094.0 ms, memory usage: 747 MB
2021-11-18T11:50:17.171 >> Discarded: 5 planes with 2 satellites at 40.0 degrees. Complexity level: 0 > MCG: 1440.0
2021-11-18T11:50:18.351 >> Analyzing: 5 planes with 2 satellites at 45.0 degrees. Complexity level: 0 > MCG: 1440.0 - computation time: 1134.0 ms, memory usage: 1421 MB
2021-11-18T11:50:18.351 >> Discarded: 5 planes with 2 satellites at 45.0 degrees. Complexity level: 0 > MCG: 1440.0
2021-11-18T11:50:19.542 >> Analyzing: 5 planes with 2 satellites at 50.0 degrees. Complexity level: 0 > MCG: 43.56003 - computation time: 1160.0 ms, memory usage: 1111 MB
2021-11-18T11:50:22.970 >> Analyzing: 5 planes with 2 satellites at 50.0 degrees. Complexity level: 1 > MCG: 1440.0 - computation time: 3282.0 ms, memory usage: 1023 MB
2021-11-18T11:50:22.970 >> Discarded: 5 planes with 2 satellites at 50.0 degrees. Complexity level: 1 > MCG: 1440.0
2021-11-18T11:50:24.155 >> Analyzing: 5 planes with 2 satellites at 55.0 degrees. Complexity level: 0 > MCG: 40.31297 - computation time: 1135.0 ms, memory usage: 729 MB
2021-11-18T11:50:27.585 >> Analyzing: 5 planes with 2 satellites at 55.0 degrees. Complexity level: 1 > MCG: 1440.0 - computation time: 3274.0 ms, memory usage: 675 MB
2021-11-18T11:50:27.585 >> Discarded: 5 planes with 2 satellites at 55.0 degrees. Complexity level: 1 > MCG: 1440.0
2021-11-18T11:50:28.766 >> Analyzing: 5 planes with 2 satellites at 60.0 degrees. Complexity level: 0 > MCG: 33.81187 - computation time: 1137.0 ms, memory usage: 1395 MB
2021-11-18T11:50:32.662 >> Analyzing: 5 planes with 2 satellites at 60.0 degrees. Complexity level: 1 > MCG: 45.60157 - computation time: 3728.0 ms, memory usage: 1375 MB
2021-11-18T11:52:32.699 >> Analyzing: 5 planes with 2 satellites at 60.0 degrees. Complexity level: 2 > MCG: 240.65018 - computation time: 119005.0 ms, memory usage: 1272 MB
2021-11-18T11:52:32.700 >> Discarded: 5 planes with 2 satellites at 60.0 degrees. Complexity level: 2 > MCG: 240.65018
2021-11-18T11:52:34.100 >> Analyzing: 5 planes with 2 satellites at 65.0 degrees. Complexity level: 0 > MCG: 45.9361 - computation time: 1352.0 ms, memory usage: 988 MB
2021-11-18T11:52:37.734 >> Analyzing: 5 planes with 2 satellites at 65.0 degrees. Complexity level: 1 > MCG: 45.65252 - computation time: 3452.0 ms, memory usage: 985 MB
2021-11-18T11:54:19.199 >> Analyzing: 5 planes with 2 satellites at 65.0 degrees. Complexity level: 2 > MCG: 61.39972 - computation time: 100804.0 ms, memory usage: 649 MB
2021-11-18T12:01:29.406 >> Analyzing: 5 planes with 2 satellites at 65.0 degrees. Complexity level: 3 > MCG: 61.19925 - computation time: 426232.0 ms, memory usage: 813 MB
2021-11-18T12:01:29.406 >> SOLUTION!: 5 planes with 2 satellites at 65.0 degrees. MCG: 61.19925
2021-11-18T12:01:31.464 >> Analyzing: 5 planes with 3 satellites at 0.0 degrees. Complexity level: 0 > MCG: 1440.0 - computation time: 1979.0 ms, memory usage: 1469 MB
2021-11-18T12:01:31.464 >> Discarded: 5 planes with 3 satellites at 0.0 degrees. Complexity level: 0 > MCG: 1440.0
2021-11-18T12:01:33.469 >> Analyzing: 5 planes with 3 satellites at 5.0 degrees. Complexity level: 0 > MCG: 1440.0 - computation time: 1948.0 ms, memory usage: 1266 MB
2021-11-18T12:01:33.469 >> Discarded: 5 planes with 3 satellites at 5.0 degrees. Complexity level: 0 > MCG: 1440.0
2021-11-18T12:01:35.569 >> Analyzing: 5 planes with 3 satellites at 10.0 degrees. Complexity level: 0 > MCG: 1440.0 - computation time: 2048.0 ms, memory usage: 1072 MB
2021-11-18T12:01:35.569 >> Discarded: 5 planes with 3 satellites at 10.0 degrees. Complexity level: 0 > MCG: 1440.0
2021-11-18T12:01:37.743 >> Analyzing: 5 planes with 3 satellites at 15.0 degrees. Complexity level: 0 > MCG: 1440.0 - computation time: 2023.0 ms, memory usage: 882 MB
2021-11-18T12:01:37.743 >> Discarded: 5 planes with 3 satellites at 15.0 degrees. Complexity level: 0 > MCG: 1440.0
2021-11-18T12:01:39.810 >> Analyzing: 5 planes with 3 satellites at 20.0 degrees. Complexity level: 0 > MCG: 1440.0 - computation time: 2006.0 ms, memory usage: 704 MB
2021-11-18T12:01:39.811 >> Discarded: 5 planes with 3 satellites at 20.0 degrees. Complexity level: 0 > MCG: 1440.0
2021-11-18T12:01:41.878 >> Analyzing: 5 planes with 3 satellites at 25.0 degrees. Complexity level: 0 > MCG: 1440.0 - computation time: 2032.0 ms, memory usage: 1403 MB
2021-11-18T12:01:41.878 >> Discarded: 5 planes with 3 satellites at 25.0 degrees. Complexity level: 0 > MCG: 1440.0
2021-11-18T12:01:44.004 >> Analyzing: 5 planes with 3 satellites at 30.0 degrees. Complexity level: 0 > MCG: 1440.0 - computation time: 2026.0 ms, memory usage: 1266 MB
2021-11-18T12:01:44.005 >> Discarded: 5 planes with 3 satellites at 30.0 degrees. Complexity level: 0 > MCG: 1440.0
2021-11-18T12:01:46.367 >> Analyzing: 5 planes with 3 satellites at 35.0 degrees. Complexity level: 0 > MCG: 1440.0 - computation time: 2156.0 ms, memory usage: 1134 MB
2021-11-18T12:01:46.367 >> Discarded: 5 planes with 3 satellites at 35.0 degrees. Complexity level: 0 > MCG: 1440.0
2021-11-18T12:01:48.675 >> Analyzing: 5 planes with 3 satellites at 40.0 degrees. Complexity level: 0 > MCG: 1440.0 - computation time: 2259.0 ms, memory usage: 1022 MB
2021-11-18T12:01:48.675 >> Discarded: 5 planes with 3 satellites at 40.0 degrees. Complexity level: 0 > MCG: 1440.0
2021-11-18T12:01:50.941 >> Analyzing: 5 planes with 3 satellites at 45.0 degrees. Complexity level: 0 > MCG: 1440.0 - computation time: 2218.0 ms, memory usage: 932 MB
2021-11-18T12:01:50.941 >> Discarded: 5 planes with 3 satellites at 45.0 degrees. Complexity level: 0 > MCG: 1440.0
2021-11-18T12:01:53.205 >> Analyzing: 5 planes with 3 satellites at 50.0 degrees. Complexity level: 0 > MCG: 27.10318 - computation time: 2154.0 ms, memory usage: 874 MB
2021-11-18T12:01:58.889 >> Analyzing: 5 planes with 3 satellites at 50.0 degrees. Complexity level: 1 > MCG: 1440.0 - computation time: 5323.0 ms, memory usage: 1320 MB
2021-11-18T12:01:58.889 >> Discarded: 5 planes with 3 satellites at 50.0 degrees. Complexity level: 1 > MCG: 1440.0
2021-11-18T12:02:00.659 >> Analyzing: 5 planes with 3 satellites at 55.0 degrees. Complexity level: 0 > MCG: 23.6515 - computation time: 1739.0 ms, memory usage: 1280 MB
2021-11-18T12:02:05.741 >> Analyzing: 5 planes with 3 satellites at 55.0 degrees. Complexity level: 1 > MCG: 1440.0 - computation time: 4923.0 ms, memory usage: 902 MB
2021-11-18T12:02:05.741 >> Discarded: 5 planes with 3 satellites at 55.0 degrees. Complexity level: 1 > MCG: 1440.0
2021-11-18T12:02:07.586 >> Analyzing: 5 planes with 3 satellites at 60.0 degrees. Complexity level: 0 > MCG: 18.46547 - computation time: 1798.0 ms, memory usage: 868 MB
2021-11-18T12:02:12.623 >> Analyzing: 5 planes with 3 satellites at 60.0 degrees. Complexity level: 1 > MCG: 29.76817 - computation time: 4880.0 ms, memory usage: 1406 MB
2021-11-18T12:05:15.562 >> Analyzing: 5 planes with 3 satellites at 60.0 degrees. Complexity level: 2 > MCG: 224.32665 - computation time: 182300.0 ms, memory usage: 1202 MB
2021-11-18T12:05:15.563 >> Discarded: 5 planes with 3 satellites at 60.0 degrees. Complexity level: 2 > MCG: 224.32665
2021-11-18T12:05:18.068 >> Analyzing: 5 planes with 3 satellites at 65.0 degrees. Complexity level: 0 > MCG: 27.26653 - computation time: 2405.0 ms, memory usage: 1223 MB
2021-11-18T12:05:24.821 >> Analyzing: 5 planes with 3 satellites at 65.0 degrees. Complexity level: 1 > MCG: 27.30075 - computation time: 6474.0 ms, memory usage: 1095 MB
2021-11-18T12:08:14.698 >> Analyzing: 5 planes with 3 satellites at 65.0 degrees. Complexity level: 2 > MCG: 45.20858 - computation time: 168795.0 ms, memory usage: 1470 MB
2021-11-18T12:21:56.770 >> Analyzing: 5 planes with 3 satellites at 65.0 degrees. Complexity level: 3 > MCG: 45.01377 - computation time: 818743.0 ms, memory usage: 529 MB
2021-11-18T12:21:56.772 >> SOLUTION!: 5 planes with 3 satellites at 65.0 degrees. MCG: 45.01377
2021-11-18T12:21:57.768 >> Analyzing: 6 planes with 1 satellites at 0.0 degrees. Complexity level: 0 > MCG: 1440.0 - computation time: 908.0 ms, memory usage: 429 MB
2021-11-18T12:21:57.769 >> Discarded: 6 planes with 1 satellites at 0.0 degrees. Complexity level: 0 > MCG: 1440.0
2021-11-18T12:21:58.804 >> Analyzing: 6 planes with 1 satellites at 5.0 degrees. Complexity level: 0 > MCG: 1440.0 - computation time: 979.0 ms, memory usage: 329 MB
2021-11-18T12:21:58.805 >> Discarded: 6 planes with 1 satellites at 5.0 degrees. Complexity level: 0 > MCG: 1440.0
2021-11-18T12:21:59.622 >> Analyzing: 6 planes with 1 satellites at 10.0 degrees. Complexity level: 0 > MCG: 1440.0 - computation time: 772.0 ms, memory usage: 231 MB
2021-11-18T12:21:59.622 >> Discarded: 6 planes with 1 satellites at 10.0 degrees. Complexity level: 0 > MCG: 1440.0
2021-11-18T12:22:00.452 >> Analyzing: 6 planes with 1 satellites at 15.0 degrees. Complexity level: 0 > MCG: 1440.0 - computation time: 779.0 ms, memory usage: 673 MB
2021-11-18T12:22:00.453 >> Discarded: 6 planes with 1 satellites at 15.0 degrees. Complexity level: 0 > MCG: 1440.0
2021-11-18T12:22:01.237 >> Analyzing: 6 planes with 1 satellites at 20.0 degrees. Complexity level: 0 > MCG: 1440.0 - computation time: 738.0 ms, memory usage: 580 MB
2021-11-18T12:22:01.238 >> Discarded: 6 planes with 1 satellites at 20.0 degrees. Complexity level: 0 > MCG: 1440.0
2021-11-18T12:22:02.057 >> Analyzing: 6 planes with 1 satellites at 25.0 degrees. Complexity level: 0 > MCG: 1440.0 - computation time: 773.0 ms, memory usage: 489 MB
2021-11-18T12:22:02.057 >> Discarded: 6 planes with 1 satellites at 25.0 degrees. Complexity level: 0 > MCG: 1440.0
2021-11-18T12:22:02.863 >> Analyzing: 6 planes with 1 satellites at 30.0 degrees. Complexity level: 0 > MCG: 1440.0 - computation time: 759.0 ms, memory usage: 409 MB
2021-11-18T12:22:02.864 >> Discarded: 6 planes with 1 satellites at 30.0 degrees. Complexity level: 0 > MCG: 1440.0
2021-11-18T12:22:03.656 >> Analyzing: 6 planes with 1 satellites at 35.0 degrees. Complexity level: 0 > MCG: 1440.0 - computation time: 746.0 ms, memory usage: 333 MB
2021-11-18T12:22:03.657 >> Discarded: 6 planes with 1 satellites at 35.0 degrees. Complexity level: 0 > MCG: 1440.0
2021-11-18T12:22:04.483 >> Analyzing: 6 planes with 1 satellites at 40.0 degrees. Complexity level: 0 > MCG: 1440.0 - computation time: 783.0 ms, memory usage: 265 MB
2021-11-18T12:22:04.483 >> Discarded: 6 planes with 1 satellites at 40.0 degrees. Complexity level: 0 > MCG: 1440.0
2021-11-18T12:22:05.286 >> Analyzing: 6 planes with 1 satellites at 45.0 degrees. Complexity level: 0 > MCG: 291.61097 - computation time: 753.0 ms, memory usage: 209 MB
2021-11-18T12:22:05.287 >> Discarded: 6 planes with 1 satellites at 45.0 degrees. Complexity level: 0 > MCG: 291.61097
2021-11-18T12:22:06.124 >> Analyzing: 6 planes with 1 satellites at 50.0 degrees. Complexity level: 0 > MCG: 92.7052 - computation time: 793.0 ms, memory usage: 707 MB
2021-11-18T12:22:08.389 >> Analyzing: 6 planes with 1 satellites at 50.0 degrees. Complexity level: 1 > MCG: 1440.0 - computation time: 2086.0 ms, memory usage: 487 MB
2021-11-18T12:22:08.389 >> Discarded: 6 planes with 1 satellites at 50.0 degrees. Complexity level: 1 > MCG: 1440.0
2021-11-18T12:22:09.205 >> Analyzing: 6 planes with 1 satellites at 55.0 degrees. Complexity level: 0 > MCG: 84.13157 - computation time: 778.0 ms, memory usage: 449 MB
2021-11-18T12:22:11.493 >> Analyzing: 6 planes with 1 satellites at 55.0 degrees. Complexity level: 1 > MCG: 1440.0 - computation time: 2130.0 ms, memory usage: 253 MB
2021-11-18T12:22:11.494 >> Discarded: 6 planes with 1 satellites at 55.0 degrees. Complexity level: 1 > MCG: 1440.0
2021-11-18T12:22:12.365 >> Analyzing: 6 planes with 1 satellites at 60.0 degrees. Complexity level: 0 > MCG: 82.36508 - computation time: 821.0 ms, memory usage: 221 MB
2021-11-18T12:22:14.964 >> Analyzing: 6 planes with 1 satellites at 60.0 degrees. Complexity level: 1 > MCG: 93.6437 - computation time: 2428.0 ms, memory usage: 585 MB
2021-11-18T12:23:38.341 >> Analyzing: 6 planes with 1 satellites at 60.0 degrees. Complexity level: 2 > MCG: 290.55355 - computation time: 82483.0 ms, memory usage: 667 MB
2021-11-18T12:23:38.342 >> Discarded: 6 planes with 1 satellites at 60.0 degrees. Complexity level: 2 > MCG: 290.55355
2021-11-18T12:23:39.419 >> Analyzing: 6 planes with 1 satellites at 65.0 degrees. Complexity level: 0 > MCG: 78.95348 - computation time: 1021.0 ms, memory usage: 637 MB
2021-11-18T12:23:42.499 >> Analyzing: 6 planes with 1 satellites at 65.0 degrees. Complexity level: 1 > MCG: 86.9323 - computation time: 2881.0 ms, memory usage: 473 MB
2021-11-18T12:25:19.860 >> Analyzing: 6 planes with 1 satellites at 65.0 degrees. Complexity level: 2 > MCG: 90.28123 - computation time: 96308.0 ms, memory usage: 444 MB
2021-11-18T12:31:53.125 >> Analyzing: 6 planes with 1 satellites at 65.0 degrees. Complexity level: 3 > MCG: 90.33125 - computation time: 385101.0 ms, memory usage: 746 MB
2021-11-18T12:31:53.125 >> SOLUTION!: 6 planes with 1 satellites at 65.0 degrees. MCG: 90.33125
2021-11-18T12:31:54.634 >> Analyzing: 6 planes with 2 satellites at 0.0 degrees. Complexity level: 0 > MCG: 1440.0 - computation time: 1454.0 ms, memory usage: 894 MB
2021-11-18T12:31:54.635 >> Discarded: 6 planes with 2 satellites at 0.0 degrees. Complexity level: 0 > MCG: 1440.0
2021-11-18T12:31:56.095 >> Analyzing: 6 planes with 2 satellites at 5.0 degrees. Complexity level: 0 > MCG: 1440.0 - computation time: 1410.0 ms, memory usage: 1042 MB
2021-11-18T12:31:56.097 >> Discarded: 6 planes with 2 satellites at 5.0 degrees. Complexity level: 0 > MCG: 1440.0
2021-11-18T12:31:57.577 >> Analyzing: 6 planes with 2 satellites at 10.0 degrees. Complexity level: 0 > MCG: 1440.0 - computation time: 1431.0 ms, memory usage: 1190 MB
2021-11-18T12:31:57.577 >> Discarded: 6 planes with 2 satellites at 10.0 degrees. Complexity level: 0 > MCG: 1440.0
2021-11-18T12:31:59.066 >> Analyzing: 6 planes with 2 satellites at 15.0 degrees. Complexity level: 0 > MCG: 1440.0 - computation time: 1442.0 ms, memory usage: 451 MB
2021-11-18T12:31:59.067 >> Discarded: 6 planes with 2 satellites at 15.0 degrees. Complexity level: 0 > MCG: 1440.0
2021-11-18T12:32:00.991 >> Analyzing: 6 planes with 2 satellites at 20.0 degrees. Complexity level: 0 > MCG: 1440.0 - computation time: 1847.0 ms, memory usage: 611 MB
2021-11-18T12:32:00.991 >> Discarded: 6 planes with 2 satellites at 20.0 degrees. Complexity level: 0 > MCG: 1440.0
2021-11-18T12:32:02.596 >> Analyzing: 6 planes with 2 satellites at 25.0 degrees. Complexity level: 0 > MCG: 1440.0 - computation time: 1557.0 ms, memory usage: 782 MB
2021-11-18T12:32:02.596 >> Discarded: 6 planes with 2 satellites at 25.0 degrees. Complexity level: 0 > MCG: 1440.0
2021-11-18T12:32:04.789 >> Analyzing: 6 planes with 2 satellites at 30.0 degrees. Complexity level: 0 > MCG: 1440.0 - computation time: 2071.0 ms, memory usage: 968 MB
2021-11-18T12:32:04.789 >> Discarded: 6 planes with 2 satellites at 30.0 degrees. Complexity level: 0 > MCG: 1440.0
2021-11-18T12:32:06.840 >> Analyzing: 6 planes with 2 satellites at 35.0 degrees. Complexity level: 0 > MCG: 1440.0 - computation time: 1961.0 ms, memory usage: 1164 MB
2021-11-18T12:32:06.840 >> Discarded: 6 planes with 2 satellites at 35.0 degrees. Complexity level: 0 > MCG: 1440.0
2021-11-18T12:32:08.976 >> Analyzing: 6 planes with 2 satellites at 40.0 degrees. Complexity level: 0 > MCG: 1440.0 - computation time: 2089.0 ms, memory usage: 489 MB
2021-11-18T12:32:08.976 >> Discarded: 6 planes with 2 satellites at 40.0 degrees. Complexity level: 0 > MCG: 1440.0
2021-11-18T12:32:10.799 >> Analyzing: 6 planes with 2 satellites at 45.0 degrees. Complexity level: 0 > MCG: 1440.0 - computation time: 1770.0 ms, memory usage: 717 MB
2021-11-18T12:32:10.800 >> Discarded: 6 planes with 2 satellites at 45.0 degrees. Complexity level: 0 > MCG: 1440.0
2021-11-18T12:32:12.857 >> Analyzing: 6 planes with 2 satellites at 50.0 degrees. Complexity level: 0 > MCG: 42.65892 - computation time: 2003.0 ms, memory usage: 976 MB
2021-11-18T12:32:18.606 >> Analyzing: 6 planes with 2 satellites at 50.0 degrees. Complexity level: 1 > MCG: 1440.0 - computation time: 5393.0 ms, memory usage: 645 MB
2021-11-18T12:32:18.606 >> Discarded: 6 planes with 2 satellites at 50.0 degrees. Complexity level: 1 > MCG: 1440.0
2021-11-18T12:32:20.476 >> Analyzing: 6 planes with 2 satellites at 55.0 degrees. Complexity level: 0 > MCG: 35.58637 - computation time: 1815.0 ms, memory usage: 920 MB
2021-11-18T12:32:26.439 >> Analyzing: 6 planes with 2 satellites at 55.0 degrees. Complexity level: 1 > MCG: 1440.0 - computation time: 5744.0 ms, memory usage: 633 MB
2021-11-18T12:32:26.439 >> Discarded: 6 planes with 2 satellites at 55.0 degrees. Complexity level: 1 > MCG: 1440.0
2021-11-18T12:32:29.194 >> Analyzing: 6 planes with 2 satellites at 60.0 degrees. Complexity level: 0 > MCG: 32.80285 - computation time: 2676.0 ms, memory usage: 915 MB
2021-11-18T12:32:35.145 >> Analyzing: 6 planes with 2 satellites at 60.0 degrees. Complexity level: 1 > MCG: 44.44497 - computation time: 5759.0 ms, memory usage: 667 MB
2021-11-18T12:35:14.033 >> Analyzing: 6 planes with 2 satellites at 60.0 degrees. Complexity level: 2 > MCG: 192.10088 - computation time: 158013.0 ms, memory usage: 407 MB
2021-11-18T12:35:14.035 >> Discarded: 6 planes with 2 satellites at 60.0 degrees. Complexity level: 2 > MCG: 192.10088
2021-11-18T12:35:16.145 >> Analyzing: 6 planes with 2 satellites at 65.0 degrees. Complexity level: 0 > MCG: 31.98968 - computation time: 1977.0 ms, memory usage: 693 MB
2021-11-18T12:35:20.641 >> Analyzing: 6 planes with 2 satellites at 65.0 degrees. Complexity level: 1 > MCG: 38.23307 - computation time: 4306.0 ms, memory usage: 465 MB
2021-11-18T12:38:01.063 >> Analyzing: 6 planes with 2 satellites at 65.0 degrees. Complexity level: 2 > MCG: 40.66125 - computation time: 159807.0 ms, memory usage: 1013 MB
2021-11-18T12:47:54.356 >> Analyzing: 6 planes with 2 satellites at 65.0 degrees. Complexity level: 3 > MCG: 42.08787 - computation time: 590827.0 ms, memory usage: 794 MB
2021-11-18T12:47:54.357 >> SOLUTION!: 6 planes with 2 satellites at 65.0 degrees. MCG: 42.08787
2021-11-18T12:47:56.601 >> Analyzing: 6 planes with 3 satellites at 0.0 degrees. Complexity level: 0 > MCG: 1440.0 - computation time: 2202.0 ms, memory usage: 633 MB
2021-11-18T12:47:56.602 >> Discarded: 6 planes with 3 satellites at 0.0 degrees. Complexity level: 0 > MCG: 1440.0
2021-11-18T12:47:58.948 >> Analyzing: 6 planes with 3 satellites at 5.0 degrees. Complexity level: 0 > MCG: 1440.0 - computation time: 2300.0 ms, memory usage: 1231 MB
2021-11-18T12:47:58.948 >> Discarded: 6 planes with 3 satellites at 5.0 degrees. Complexity level: 0 > MCG: 1440.0
2021-11-18T12:48:01.441 >> Analyzing: 6 planes with 3 satellites at 10.0 degrees. Complexity level: 0 > MCG: 1440.0 - computation time: 2441.0 ms, memory usage: 1087 MB
2021-11-18T12:48:01.442 >> Discarded: 6 planes with 3 satellites at 10.0 degrees. Complexity level: 0 > MCG: 1440.0
2021-11-18T12:48:03.607 >> Analyzing: 6 planes with 3 satellites at 15.0 degrees. Complexity level: 0 > MCG: 1440.0 - computation time: 2118.0 ms, memory usage: 941 MB
2021-11-18T12:48:03.608 >> Discarded: 6 planes with 3 satellites at 15.0 degrees. Complexity level: 0 > MCG: 1440.0
2021-11-18T12:48:05.746 >> Analyzing: 6 planes with 3 satellites at 20.0 degrees. Complexity level: 0 > MCG: 1440.0 - computation time: 2099.0 ms, memory usage: 811 MB
2021-11-18T12:48:05.746 >> Discarded: 6 planes with 3 satellites at 20.0 degrees. Complexity level: 0 > MCG: 1440.0
2021-11-18T12:48:08.465 >> Analyzing: 6 planes with 3 satellites at 25.0 degrees. Complexity level: 0 > MCG: 1440.0 - computation time: 2501.0 ms, memory usage: 695 MB
2021-11-18T12:48:08.465 >> Discarded: 6 planes with 3 satellites at 25.0 degrees. Complexity level: 0 > MCG: 1440.0
2021-11-18T12:48:11.050 >> Analyzing: 6 planes with 3 satellites at 30.0 degrees. Complexity level: 0 > MCG: 1440.0 - computation time: 2530.0 ms, memory usage: 603 MB
2021-11-18T12:48:11.050 >> Discarded: 6 planes with 3 satellites at 30.0 degrees. Complexity level: 0 > MCG: 1440.0
2021-11-18T12:48:13.607 >> Analyzing: 6 planes with 3 satellites at 35.0 degrees. Complexity level: 0 > MCG: 1440.0 - computation time: 2482.0 ms, memory usage: 1285 MB
2021-11-18T12:48:13.607 >> Discarded: 6 planes with 3 satellites at 35.0 degrees. Complexity level: 0 > MCG: 1440.0
2021-11-18T12:48:16.962 >> Analyzing: 6 planes with 3 satellites at 40.0 degrees. Complexity level: 0 > MCG: 1440.0 - computation time: 3254.0 ms, memory usage: 1239 MB
2021-11-18T12:48:16.963 >> Discarded: 6 planes with 3 satellites at 40.0 degrees. Complexity level: 0 > MCG: 1440.0
2021-11-18T12:48:19.913 >> Analyzing: 6 planes with 3 satellites at 45.0 degrees. Complexity level: 0 > MCG: 1440.0 - computation time: 2902.0 ms, memory usage: 1217 MB
2021-11-18T12:48:19.941 >> Discarded: 6 planes with 3 satellites at 45.0 degrees. Complexity level: 0 > MCG: 1440.0
2021-11-18T12:48:22.642 >> Analyzing: 6 planes with 3 satellites at 50.0 degrees. Complexity level: 0 > MCG: 26.03185 - computation time: 2515.0 ms, memory usage: 1231 MB
2021-11-18T12:48:30.055 >> Analyzing: 6 planes with 3 satellites at 50.0 degrees. Complexity level: 1 > MCG: 1440.0 - computation time: 7046.0 ms, memory usage: 1005 MB
2021-11-18T12:48:30.055 >> Discarded: 6 planes with 3 satellites at 50.0 degrees. Complexity level: 1 > MCG: 1440.0
2021-11-18T12:48:32.182 >> Analyzing: 6 planes with 3 satellites at 55.0 degrees. Complexity level: 0 > MCG: 19.54717 - computation time: 2082.0 ms, memory usage: 1043 MB
2021-11-18T12:48:38.575 >> Analyzing: 6 planes with 3 satellites at 55.0 degrees. Complexity level: 1 > MCG: 1440.0 - computation time: 6225.0 ms, memory usage: 841 MB
2021-11-18T12:48:38.576 >> Discarded: 6 planes with 3 satellites at 55.0 degrees. Complexity level: 1 > MCG: 1440.0
2021-11-18T12:48:40.704 >> Analyzing: 6 planes with 3 satellites at 60.0 degrees. Complexity level: 0 > MCG: 16.3684 - computation time: 2085.0 ms, memory usage: 885 MB
2021-11-18T12:48:47.151 >> Analyzing: 6 planes with 3 satellites at 60.0 degrees. Complexity level: 1 > MCG: 28.12645 - computation time: 6281.0 ms, memory usage: 739 MB
2021-11-18T12:52:26.772 >> Analyzing: 6 planes with 3 satellites at 60.0 degrees. Complexity level: 2 > MCG: 159.85582 - computation time: 218719.0 ms, memory usage: 1329 MB
2021-11-18T12:52:26.772 >> Discarded: 6 planes with 3 satellites at 60.0 degrees. Complexity level: 2 > MCG: 159.85582
2021-11-18T12:52:29.047 >> Analyzing: 6 planes with 3 satellites at 65.0 degrees. Complexity level: 0 > MCG: 18.2092 - computation time: 2229.0 ms, memory usage: 752 MB
2021-11-18T12:52:36.133 >> Analyzing: 6 planes with 3 satellites at 65.0 degrees. Complexity level: 1 > MCG: 22.08355 - computation time: 6884.0 ms, memory usage: 915 MB
2021-11-18T12:56:17.274 >> Analyzing: 6 planes with 3 satellites at 65.0 degrees. Complexity level: 2 > MCG: 25.1836 - computation time: 220339.0 ms, memory usage: 784 MB
2021-11-18T13:10:03.586 >> Analyzing: 6 planes with 3 satellites at 65.0 degrees. Complexity level: 3 > MCG: 26.08383 - computation time: 823463.0 ms, memory usage: 656 MB
2021-11-18T13:10:03.586 >> SOLUTION!: 6 planes with 3 satellites at 65.0 degrees. MCG: 26.08383
====================================================================== STATISTICS ======================================================================
Total compute time: 7704666 ms.
11 Solutions found
Solutions rejected at each complexity step: / 0: 255 / 1: 21 / 2: 8 / 3: 0 / 
====================================================================== SOLUTIONS ======================================================================
3 planes with 2 satellites each, at 85.0 degrees of inclination. MCG: 117.29035
3 planes with 3 satellites each, at 85.0 degrees of inclination. MCG: 100.0225
4 planes with 1 satellites each, at 65.0 degrees of inclination. MCG: 95.15892
4 planes with 2 satellites each, at 65.0 degrees of inclination. MCG: 43.11635
4 planes with 3 satellites each, at 65.0 degrees of inclination. MCG: 27.04023
5 planes with 1 satellites each, at 65.0 degrees of inclination. MCG: 109.79707
5 planes with 2 satellites each, at 65.0 degrees of inclination. MCG: 61.19925
5 planes with 3 satellites each, at 65.0 degrees of inclination. MCG: 45.01377
6 planes with 1 satellites each, at 65.0 degrees of inclination. MCG: 90.33125
6 planes with 2 satellites each, at 65.0 degrees of inclination. MCG: 42.08787
6 planes with 3 satellites each, at 65.0 degrees of inclination. MCG: 26.08383
